
               COMPENSAÇÃO GEODESICA DA REDE : REDE BOTANICO                      
           DATUM : LOCAL              ELIPSÓIDE  :NULO    

                   PROJECÇÃO CARTOGRÁFICA : NULA  

               PARA O PONTO CENTRAL DE    0  0   .000
                                          0  0   .000


                12 PONTOS LIVRES           2 PONTOS FIXOS

            43 DIRECÇÕES      0 COMPRIMENTOS      0 AZIMUTES



        DIRECÇÃO     ME   MV         RESÍDUOS

            1         1 - 100                  .122
            2         1 -   2                 -.122
            3         2 -   1                  .017
            4         2 - 100                 -.017
            5       100 -   1                 -.562
            6       100 -  11                  .000
            7       100 -  12                  .000
            8       100 -  13                  .000
            9       100 -  14                  .000
           10       100 -  15                  .000
           11       100 - 200                -1.298
           12       100 -   2                 1.860
           13       200 -   1                 -.417
           14       200 - 100                 -.245
           15       200 -  11                  .000
           16       200 -  12                  .000
           17       200 -  13                  .000
           18       200 -  14                  .000
           19       200 -  15                  .000
           20       200 -   2                  .662
           21       100 -   1                 2.503
           22       100 -  21                  .000
           23       100 -  25                  .000
           24       100 - 200                 1.268
           25       100 -   1                -2.297
           26       100 -  32                  .000
           27       100 -  33                  .000
           28       100 -  34                  .000
           29       100 -   2                -1.475
           30       200 -   1                -1.483
           31       200 - 100                 3.388
           32       200 -  21                  .000
           33       200 -  32                  .000
           34       200 -  33                  .000
           35       200 -  34                  .000
           36       200 -  25                  .000
           37       200 -   2                -1.905
           38         2 - 100                  .000
           39       200 -   1                 2.050
           40       200 - 100                -3.179
           41       200 -   2                 1.129
           42       100 -   1                  .118
           43       100 - 200                 -.118


            VARIANCIA DA UNIDADE DE PESO =  5.440

            NUMERO DE GRAUS DE LIBERDADE =    10


                  COORDENADAS COMPENSADAS


      PONTO   DELTA E    DELTA N         E            N

          1     -.0002    -.0074         -.0029        -.0058
          2      .0017    -.0021        17.0444       -2.0278
         11      .0013    -.0067         -.6207       42.4360
         12      .0009    -.0091         3.5607       42.3857
         13     -.0004    -.0092         8.0970       42.3684
         14     -.0023    -.0055        12.6827       42.3855
         15     -.0003    -.0063        17.3240       42.4380
         21      .0014    -.0045         -.6689       42.2192
         25     -.0007    -.0039        17.2928       42.4458
         32      .0022    -.0074         3.0348       42.2238
         33      .0002    -.0041         7.8515       42.2177
         34      .0014    -.0022        11.1399       42.2355
        100    PONTO FIXO                -.3192       23.8258
        200    PONTO FIXO               16.2754       11.1994
