
               COMPENSAÇÃO GEODESICA DA REDE : REDE BOTANICO                      
           DATUM : LOCAL              ELIPSÓIDE  :NULO    

                   PROJECÇÃO CARTOGRÁFICA : NULA  

               PARA O PONTO CENTRAL DE    0  0   .000
                                          0  0   .000


                12 PONTOS LIVRES           2 PONTOS FIXOS

            50 DIRECÇÕES      0 COMPRIMENTOS      0 AZIMUTES



        DIRECÇÃO     ME   MV         RESÍDUOS

            1         1 - 100                -4.357
            2         1 - 200                11.680
            3         1 -   2                -7.323
            4         2 -   1                -7.755
            5         2 - 100                -6.303
            6         2 - 200                14.059
            7       100 -   1                  .722
            8       100 -  11                  .000
            9       100 -  12                  .000
           10       100 -  13                  .000
           11       100 -  14                  .000
           12       100 -  15                  .000
           13       100 - 200                -2.631
           14       100 -   2                 1.909
           15       200 -   1                -2.373
           16       200 - 100                 2.836
           17       200 -  11                  .000
           18       200 -  12                  .000
           19       200 -  13                  .000
           20       200 -  14                  .000
           21       200 -  15                  .000
           22       200 -   2                 -.463
           23       100 -   1                 3.895
           24       100 -  21                 -.007
           25       100 -  25                 -.007
           26       100 - 200                  .042
           27       100 -   2                 4.981
           28       100 -   1                 -.905
           29       100 -  32                 -.007
           30       100 -  33                 -.007
           31       100 -  34                 -.007
           32       100 - 200                -6.658
           33       100 -   2                -1.319
           34       200 -   1                -3.440
           35       200 - 100                 6.469
           36       200 -  21                  .000
           37       200 -  32                  .000
           38       200 -  33                  .000
           39       200 -  34                  .000
           40       200 -  25                  .000
           41       200 -   2                -3.029
           42         2 -   1                10.811
           43         2 - 100                 4.663
           44         2 - 200               -15.475
           45       200 -   1                  .093
           46       200 - 100                 -.097
           47       200 -   2                  .004
           48       100 -   1                -4.078
           49       100 - 200                -6.931
           50       100 -   2                11.009


            VARIANCIA DA UNIDADE DE PESO = 73.243

            NUMERO DE GRAUS DE LIBERDADE =    17


                  COORDENADAS COMPENSADAS


      PONTO   DELTA E    DELTA N         E            N

          2     -.0025     .0002        17.0402       -2.0255
         11      .0160    -.0105         -.6060       42.4322
         12      .0142    -.0139         3.5740       42.3809
         13      .0116    -.0153         8.1090       42.3623
         14      .0085    -.0130        12.6935       42.3780
         15      .0092    -.0153        17.3335       42.4290
         21      .0160    -.0081         -.6543       42.2156
         25      .0088    -.0128        17.3023       42.4369
         32      .0156    -.0120         3.0482       42.2192
         33      .0122    -.0100         7.8635       42.2118
         34      .0125    -.0092        11.1510       42.2285
        100      .0083     .0022         -.3109       23.8280
          1    PONTO FIXO                -.0027         .0016
        200    PONTO FIXO               16.2754       11.1994
