   3.150564143796566E-008
   2.818306122953505E-008   3.818098413322471E-008
   6.896457854184481E-009
  -6.705059242896850E-009   3.866464141120095E-008
   5.432277481146960E-008
  -4.412183570408120E-008   2.491152478951190E-007
   4.576970507433152E-008
  -1.414096785761779E-008   1.764078070062771E-007
   4.343640685046531E-008
   1.037500512778587E-009   1.512616824188158E-007
   4.441508225878416E-008
   1.308284702630021E-008   1.411023376017986E-007
   4.995534008562728E-008
   2.649764509960662E-008   1.405783984661477E-007
   4.913589703898159E-008
  -8.867468491881037E-009   7.301043752640538E-007
   6.150711726274231E-008
   3.581872946948437E-008   1.430024603710666E-007
   4.596132357626350E-008
  -5.552703883810764E-009   2.008282482437891E-007
   4.841358785132262E-008
   1.136696747376263E-008   1.603301283294368E-007
   5.112867810069096E-008
   1.903997341612807E-008   1.474658575235720E-007
   3.286858363268937E-008
  -1.921397140402435E-008   2.906982957787402E-008
