
               COMPENSAÇÃO GEODESICA DA REDE : REDE BOTANICO                      
           DATUM : LOCAL              ELIPSÓIDE  :NULO    

                   PROJECÇÃO CARTOGRÁFICA : NULA  

               PARA O PONTO CENTRAL DE    0  0   .000
                                          0  0   .000


                13 PONTOS LIVRES           1 PONTOS FIXOS

            46 DIRECÇÕES     25 COMPRIMENTOS      1 AZIMUTES



        DIRECÇÃO     ME   MV         RESÍDUOS

            1         1 - 100                 2.083
            2         1 -   2                -2.083
            3         2 -   1                -1.258
            4         2 - 100                 1.258
            5       100 -   1                 -.368
            6       100 -  11                 -.213
            7       100 -  12                 -.622
            8       100 -  13                 -.374
            9       100 -  14                  .189
           10       100 -  15                 -.212
           11       100 - 200                  .917
           12       100 -   2                  .683
           13       200 -   1                  .639
           14       200 - 100                -1.613
           15       200 -  11                  .464
           16       200 -  12                 1.161
           17       200 -  13                  .459
           18       200 -  14                 -.255
           19       200 -  15                  .213
           20       200 -   2                -1.067
           21       100 -   1                 2.282
           22       100 -  21                  .453
           23       100 -  25                  .038
           24       100 - 200                 3.067
           25       100 -   2                 3.233
           26       100 -   1                -2.518
           27       100 -  32                 -.559
           28       100 -  33                  .302
           29       100 -  34                  .401
           30       100 - 200                -3.633
           31       100 -   2                -3.067
           32       200 -   1                  .505
           33       200 - 100                 2.953
           34       200 -  21                 -.820
           35       200 -  32                 1.028
           36       200 -  33                 -.399
           37       200 -  34                 -.554
           38       200 -  25                 -.011
           39       200 -   2                -2.702
           40         2 - 100                  .000
           41       200 -   1                 3.786
           42       200 - 100                -3.866
           43       200 -   2                  .080
           44       100 -   1                -5.579
           45       100 - 200                -3.793
           46       100 -   2                 9.372


      COMPRIMENTO    ME   MV          RESÍDUOS

            1         1 - 100                  .002
            2         1 - 200                  .003
            3         1 -   2                  .000
            4         2 - 100                  .003
            5         2 - 200                 -.001
            6       100 -  11                 -.002
            7       100 -  12                 -.004
            8       100 -  14                  .001
            9       100 -  15                  .000
           10       100 - 200                 -.003
           11       100 -  21                  .001
           12       100 -  25                  .000
           13       100 -  32                 -.003
           14       100 -  33                  .000
           15       100 -  34                  .002
           16       200 -  11                  .000
           17       200 -  12                 -.002
           18       200 -  13                 -.003
           19       200 -  14                  .001
           20       200 -  15                 -.001
           21       200 -  21                  .002
           22       200 -  32                 -.002
           23       200 -  33                  .002
           24       200 -  34                  .002
           25       200 -  25                  .000


        AZIMUTE      ME   MV          RESÍDUOS

            1       100 -   1                  .002


            VARIANCIA DA UNIDADE DE PESO =  8.877

            NUMERO DE GRAUS DE LIBERDADE =    37


                  COORDENADAS COMPENSADAS


      PONTO   DELTA E    DELTA N         E            N

          2      .0018    -.0026        17.0445       -2.0283
         11     -.0009    -.0021         -.6229       42.4406
         12     -.0006    -.0044         3.5592       42.3904
         13     -.0013    -.0048         8.0961       42.3728
         14     -.0026    -.0014        12.6824       42.3896
         15      .0001    -.0020        17.3244       42.4423
         21     -.0007    -.0008         -.6710       42.2229
         25     -.0005     .0001        17.2930       42.4498
         32      .0006    -.0031         3.0332       42.2281
         33     -.0009    -.0003         7.8504       42.2215
         34      .0007     .0015        11.1392       42.2392
        100     -.0019     .0014         -.3211       23.8272
          1     -.0018    -.0082         -.0045        -.0066
        200    PONTO FIXO               16.2754       11.1994
