
               COMPENSAÇÃO GEODESICA DA REDE : REDE BOTANICO                      
           DATUM : LOCAL              ELIPSÓIDE  :NULO    

                   PROJECÇÃO CARTOGRÁFICA : NULA  

               PARA O PONTO CENTRAL DE    0  0   .000
                                          0  0   .000


                13 PONTOS LIVRES           1 PONTOS FIXOS

            36 DIRECÇÕES     26 COMPRIMENTOS      1 AZIMUTES



        DIRECÇÃO     ME   MV         RESÍDUOS

            1         1 - 100                  .316
            2         1 - 200                  .351
            3         1 -   2                 -.667
            4         2 -   1                  .356
            5         2 - 100                  .723
            6         2 - 200                -1.079
            7       200 -   1                 -.389
            8       200 - 100                -1.080
            9       200 -  11                  .452
           10       200 -  12                  .191
           11       200 -  13                  .157
           12       200 -  14                 -.087
           13       200 -  15                  .100
           14       200 -   2                  .657
           15       100 -   1                 -.097
           16       100 -  11                 -.230
           17       100 -  12                 -.098
           18       100 -  13                 -.086
           19       100 -  14                  .059
           20       100 -  15                 -.082
           21       100 - 200                  .248
           22       100 -   2                  .287
           23       200 -   1                  .535
           24       200 -  21                 -.406
           25       200 -  32                 -.057
           26       200 -  33                 -.192
           27       200 -  34                  .035
           28       200 -  25                  .004
           29       200 -   2                  .082
           30       100 -   1                 -.667
           31       100 -  21                  .233
           32       100 -  32                  .056
           33       100 -  33                  .158
           34       100 -  34                  .020
           35       100 -  25                  .021
           36       100 - 200                  .178


      COMPRIMENTO    ME   MV          RESÍDUOS

            1         1 - 100                  .002
            2         1 - 200                  .001
            3         1 -   2                 -.002
            4         2 - 100                  .001
            5         2 - 200                  .000
            6       200 -  11                 -.002
            7       200 -  12                 -.001
            8       200 -  13                 -.001
            9       200 -  14                  .001
           10       200 -  15                 -.001
           11       200 -  21                  .003
           12       200 -  32                  .001
           13       200 -  33                  .003
           14       200 -  34                  .002
           15       200 -  25                  .001
           16       100 -  11                 -.003
           17       100 -  12                 -.002
           18       100 -  13                 -.002
           19       100 -  14                  .001
           20       100 -  15                 -.001
           21       100 - 200                 -.006
           22       100 -  21                  .001
           23       100 -  32                  .000
           24       100 -  33                  .001
           25       100 -  34                 -.002
           26       100 -  25                  .000


        AZIMUTE      ME   MV          RESÍDUOS

            1       100 -   1                  .010


            VARIANCIA DA UNIDADE DE PESO =  1.078

            NUMERO DE GRAUS DE LIBERDADE =    31


                  COORDENADAS COMPENSADAS


      PONTO   DELTA E    DELTA N         E            N

          2     -.0006    -.0006        17.0461       -2.0274
        100      .0027     .0007         -.3165       23.8253
        200      .0034    -.0011        16.2788       11.1983
         11      .0065     .0027         -.6192       42.4396
         12      .0070     .0008         3.5621       42.3925
         13      .0069     .0005         8.0994       42.3758
         14      .0075     .0003        12.6870       42.3896
         15      .0071    -.0011        17.3263       42.4430
         21      .0070     .0013         -.6675       42.2237
         25      .0085     .0004        17.2967       42.4497
         32      .0052    -.0048         3.0354       42.2310
         33      .0073     .0012         7.8542       42.2217
         34      .0035    -.0052        11.1416       42.2376
          1    PONTO FIXO                 .0000         .0000
