
               COMPENSAÇÃO GEODESICA DA REDE : REDE BOTANICO                      
           DATUM : LOCAL              ELIPSÓIDE  :NULO    

                   PROJECÇÃO CARTOGRÁFICA : NULA  

               PARA O PONTO CENTRAL DE    0  0   .000
                                          0  0   .000


                13 PONTOS LIVRES           1 PONTOS FIXOS

            34 DIRECÇÕES     21 COMPRIMENTOS      1 AZIMUTES



        DIRECÇÃO     ME   MV         RESÍDUOS

            1         1 - 100                 -.068
            2         1 -   2                  .068
            3         2 -   1                  .061
            4         2 - 100                 -.061
            5       100 -   1                  .168
            6       100 -  11                  .001
            7       100 -  12                 -.284
            8       100 -  13                  .000
            9       100 -  14                  .183
           10       100 -  15                 -.233
           11       100 - 200                  .165
           12       200 -  11                  .022
           13       200 -  12                  .417
           14       200 -  13                 -.001
           15       200 -  14                 -.283
           16       200 -  15                  .209
           17       200 -   2                 -.365
           18       100 -   1                  .150
           19       100 -  21                  .013
           20       100 -  25                 -.189
           21       100 - 200                 -.354
           22       100 -  32                 -.020
           23       100 -  33                  .162
           24       100 -  34                  .238
           25       200 -   1                 -.037
           26       200 -  33                 -.211
           27       200 -  34                 -.352
           28       200 -  25                  .236
           29       200 -   2                  .364
           30         2 - 100                  .000
           31       200 -   1                  .050
           32       200 -   2                 -.050
           33       100 -   1                 -.248
           34       100 - 200                  .248


      COMPRIMENTO    ME   MV          RESÍDUOS

            1         1 - 100                  .001
            2         1 - 200                  .002
            3         1 -   2                 -.001
            4         2 - 200                 -.002
            5       100 -  11                  .000
            6       100 -  14                  .001
            7       100 -  15                  .000
            8       100 -  21                  .000
            9       100 -  25                 -.001
           10       100 -  32                  .000
           11       100 -  33                  .000
           12       100 -  34                  .001
           13       200 -  11                  .000
           14       200 -  12                 -.002
           15       200 -  14                  .001
           16       200 -  15                 -.002
           17       200 -  21                  .000
           18       200 -  32                 -.001
           19       200 -  33                  .001
           20       200 -  34                  .001
           21       200 -  25                 -.001


        AZIMUTE      ME   MV          RESÍDUOS

            1       100 -   1                 -.001


            VARIANCIA DA UNIDADE DE PESO =   .931

            NUMERO DE GRAUS DE LIBERDADE =    21


                  COORDENADAS COMPENSADAS


      PONTO   DELTA E    DELTA N         E            N

          1     -.0012    -.0075         -.0039        -.0059
          2      .0013    -.0022        17.0440       -2.0279
         11     -.0003    -.0014         -.6223       42.4413
         12      .0002    -.0043         3.5600       42.3905
         13     -.0004    -.0050         8.0970       42.3726
         14     -.0018    -.0017        12.6832       42.3893
         15      .0008    -.0024        17.3251       42.4419
         21      .0002    -.0026         -.6701       42.2211
         25     -.0001    -.0011        17.2934       42.4486
         32      .0020    -.0007         3.0346       42.2305
         33     -.0001    -.0012         7.8512       42.2206
         34      .0013     .0005        11.1398       42.2382
        100     -.0013     .0008         -.3205       23.8266
        200    PONTO FIXO               16.2754       11.1994
