
               COMPENSAÇÃO GEODESICA DA REDE : REDE BOTANICO                      
           DATUM : LOCAL              ELIPSÓIDE  :NULO    

                   PROJECÇÃO CARTOGRÁFICA : NULA  

               PARA O PONTO CENTRAL DE    0  0   .000
                                          0  0   .000


                13 PONTOS LIVRES           1 PONTOS FIXOS

            40 DIRECÇÕES     23 COMPRIMENTOS      1 AZIMUTES



        DIRECÇÃO     ME   MV         RESÍDUOS

            1         1 - 100                 -.492
            2         1 -   2                  .492
            3         2 -   1                  .245
            4         2 - 100                 -.245
            5       100 -   1                  .273
            6       100 -  11                 -.164
            7       100 -  12                 -.268
            8       100 -  13                 -.362
            9       100 -  14                  .211
           10       100 -  15                 -.189
           11       100 - 200                  .500
           12       200 -   1                 -.177
           13       200 - 100                -2.400
           14       200 -  11                  .369
           15       200 -  12                  .395
           16       200 -  13                  .444
           17       200 -  14                 -.289
           18       200 -  15                  .182
           19       200 -   2                 1.475
           20       100 -   1                  .974
           21       100 -  21                  .448
           22       100 -  25                  .002
           23       100 - 200                  .701
           24       100 -  32                 -.567
           25       100 -  33                  .289
           26       100 -  34                  .382
           27       100 -   2                -2.230
           28       200 -   1                 -.653
           29       200 - 100                 1.824
           30       200 -  21                 -.814
           31       200 -  32                 1.037
           32       200 -  33                 -.384
           33       200 -  34                 -.533
           34       200 -  25                  .025
           35       200 -   2                 -.501
           36         2 - 100                  .000
           37       200 -   1                  .174
           38       200 -   2                 -.174
           39       100 -   1                 -.364
           40       100 - 200                  .364


      COMPRIMENTO    ME   MV          RESÍDUOS

            1         1 - 100                  .003
            2         1 - 200                  .003
            3         1 -   2                  .000
            4         2 - 200                  .000
            5       100 -  11                 -.002
            6       100 -  14                  .001
            7       100 -  15                  .000
            8       100 - 200                 -.003
            9       100 -  21                  .001
           10       100 -  25                  .000
           11       100 -  32                 -.003
           12       100 -  33                  .000
           13       100 -  34                  .002
           14       200 -  11                  .000
           15       200 -  12                 -.002
           16       200 -  13                 -.003
           17       200 -  14                  .001
           18       200 -  15                 -.001
           19       200 -  21                  .002
           20       200 -  32                 -.002
           21       200 -  33                  .002
           22       200 -  34                  .002
           23       200 -  25                  .000


        AZIMUTE      ME   MV          RESÍDUOS

            1       100 -   1                  .000


            VARIANCIA DA UNIDADE DE PESO =  2.766

            NUMERO DE GRAUS DE LIBERDADE =    29


                  COORDENADAS COMPENSADAS


      PONTO   DELTA E    DELTA N         E            N

          2      .0016    -.0032        17.0443       -2.0289
         11     -.0010    -.0020         -.6230       42.4407
         12     -.0007    -.0046         3.5591       42.3902
         13     -.0013    -.0047         8.0961       42.3729
         14     -.0027    -.0013        12.6823       42.3897
         15      .0000    -.0019        17.3243       42.4424
         21     -.0006    -.0009         -.6709       42.2228
         25     -.0005    -.0001        17.2930       42.4496
         32      .0006    -.0032         3.0332       42.2280
         33     -.0008    -.0004         7.8505       42.2214
         34      .0007     .0014        11.1392       42.2391
        100     -.0020     .0014         -.3212       23.8272
          1     -.0019    -.0084         -.0046        -.0068
        200    PONTO FIXO               16.2754       11.1994
