
               COMPENSAÇÃO GEODESICA DA REDE : REDE BOTANICO                      
           DATUM : LOCAL              ELIPSÓIDE  :NULO    

                   PROJECÇÃO CARTOGRÁFICA : NULA  

               PARA O PONTO CENTRAL DE    0  0   .000
                                          0  0   .000


                13 PONTOS LIVRES           1 PONTOS FIXOS

            45 DIRECÇÕES     24 COMPRIMENTOS      1 AZIMUTES



        DIRECÇÃO     ME   MV         RESÍDUOS

            1         1 - 100                  .738
            2         1 -   2                 -.738
            3         2 -   1                 -.584
            4         2 - 100                  .584
            5       100 -   1                 -.818
            6       100 -  11                 -.271
            7       100 -  12                 -.310
            8       100 -  13                 -.396
            9       100 -  14                  .152
           10       100 -  15                 -.256
           11       100 - 200                  .326
           12       100 -   2                 1.574
           13       200 -   1                 -.152
           14       200 - 100                -1.280
           15       200 -  11                  .574
           16       200 -  12                  .457
           17       200 -  13                  .486
           18       200 -  14                 -.205
           19       200 -  15                  .266
           20       200 -   2                 -.146
           21       100 -   1                 1.906
           22       100 -  21                  .417
           23       100 -  25                  .006
           24       100 - 200                 2.550
           25       100 -   2                 4.198
           26       100 -   1                -2.894
           27       100 -  32                 -.586
           28       100 -  33                  .279
           29       100 -  34                  .376
           30       100 - 200                -4.150
           31       100 -   2                -2.102
           32       200 -   1                 -.515
           33       200 - 100                 3.057
           34       200 -  21                 -.752
           35       200 -  32                 1.076
           36       200 -  33                 -.363
           37       200 -  34                 -.520
           38       200 -  25                  .026
           39       200 -   2                -2.009
           40         2 - 100                  .000
           41       200 -   1                 2.840
           42       200 - 100                -3.687
           43       200 -   2                  .847
           44       100 -   1                 -.822
           45       100 - 200                  .822


      COMPRIMENTO    ME   MV          RESÍDUOS

            1         1 - 100                  .003
            2         1 - 200                  .003
            3         1 -   2                  .000
            4         2 - 100                  .003
            5         2 - 200                 -.001
            6       100 -  11                 -.002
            7       100 -  14                  .001
            8       100 -  15                  .000
            9       100 - 200                 -.003
           10       100 -  21                  .001
           11       100 -  25                  .000
           12       100 -  32                 -.003
           13       100 -  33                  .000
           14       100 -  34                  .001
           15       200 -  11                  .000
           16       200 -  12                 -.002
           17       200 -  13                 -.003
           18       200 -  14                  .001
           19       200 -  15                 -.001
           20       200 -  21                  .002
           21       200 -  32                 -.002
           22       200 -  33                  .002
           23       200 -  34                  .002
           24       200 -  25                  .000


        AZIMUTE      ME   MV          RESÍDUOS

            1       100 -   1                  .002


            VARIANCIA DA UNIDADE DE PESO =  4.936

            NUMERO DE GRAUS DE LIBERDADE =    35


                  COORDENADAS COMPENSADAS


      PONTO   DELTA E    DELTA N         E            N

          2      .0017    -.0030        17.0444       -2.0287
         11     -.0008    -.0023         -.6228       42.4404
         12     -.0006    -.0049         3.5592       42.3899
         13     -.0013    -.0050         8.0961       42.3726
         14     -.0026    -.0016        12.6824       42.3894
         15      .0000    -.0022        17.3243       42.4421
         21     -.0006    -.0010         -.6709       42.2227
         25     -.0005     .0000        17.2930       42.4497
         32      .0006    -.0033         3.0332       42.2279
         33     -.0008    -.0004         7.8505       42.2214
         34      .0007     .0014        11.1392       42.2391
        100     -.0019     .0014         -.3211       23.8272
          1     -.0018    -.0084         -.0045        -.0068
        200    PONTO FIXO               16.2754       11.1994
