
               COMPENSAÇÃO GEODESICA DA REDE : REDE BOTANICO                      
           DATUM : LOCAL              ELIPSÓIDE  :NULO    

                   PROJECÇÃO CARTOGRÁFICA : NULA  

               PARA O PONTO CENTRAL DE    0  0   .000
                                          0  0   .000


                13 PONTOS LIVRES           1 PONTOS FIXOS

            37 DIRECÇÕES     23 COMPRIMENTOS      1 AZIMUTES



        DIRECÇÃO     ME   MV         RESÍDUOS

            1         1 - 100                  .003
            2         1 -   2                 -.003
            3         2 -   1                  .095
            4         2 - 100                 -.095
            5       100 -   1                  .214
            6       100 -  11                 -.006
            7       100 -  12                 -.229
            8       100 -  13                 -.338
            9       100 -  14                  .264
           10       100 -  15                 -.133
           11       100 - 200                  .226
           12       200 -   1                 -.780
           13       200 -  11                  .042
           14       200 -  12                  .319
           15       200 -  13                  .397
           16       200 -  14                 -.391
           17       200 -  15                  .086
           18       200 -   2                  .328
           19       100 -   1                  .046
           20       100 -  21                  .433
           21       100 -  25                 -.051
           22       100 - 200                 -.442
           23       100 -  32                 -.590
           24       100 -  33                  .258
           25       100 -  34                  .345
           26       200 -   1                  .477
           27       200 -  21                 -.810
           28       200 -  32                 1.053
           29       200 -  33                 -.362
           30       200 -  34                 -.507
           31       200 -  25                  .064
           32       200 -   2                  .085
           33         2 - 100                  .000
           34       200 -   1                  .446
           35       200 -   2                 -.446
           36       100 -   1                 -.256
           37       100 - 200                  .256


      COMPRIMENTO    ME   MV          RESÍDUOS

            1         1 - 100                  .002
            2         1 - 200                  .002
            3         1 -   2                  .000
            4         2 - 200                 -.001
            5       100 -  11                 -.001
            6       100 -  14                  .001
            7       100 -  15                  .000
            8       100 - 200                 -.003
            9       100 -  21                  .001
           10       100 -  25                  .000
           11       100 -  32                 -.003
           12       100 -  33                  .000
           13       100 -  34                  .001
           14       200 -  11                  .001
           15       200 -  12                 -.002
           16       200 -  13                 -.003
           17       200 -  14                  .001
           18       200 -  15                 -.001
           19       200 -  21                  .002
           20       200 -  32                 -.002
           21       200 -  33                  .002
           22       200 -  34                  .002
           23       200 -  25                  .000


        AZIMUTE      ME   MV          RESÍDUOS

            1       100 -   1                 -.025


            VARIANCIA DA UNIDADE DE PESO =  2.203

            NUMERO DE GRAUS DE LIBERDADE =    26


                  COORDENADAS COMPENSADAS


      PONTO   DELTA E    DELTA N         E            N

          2      .0015    -.0028        17.0442       -2.0285
         11     -.0008    -.0014         -.6228       42.4413
         12     -.0004    -.0041         3.5594       42.3907
         13     -.0010    -.0044         8.0964       42.3732
         14     -.0023    -.0011        12.6827       42.3899
         15      .0004    -.0018        17.3247       42.4425
         21     -.0004    -.0009         -.6707       42.2228
         25     -.0004    -.0004        17.2931       42.4493
         32      .0009    -.0033         3.0335       42.2279
         33     -.0006    -.0006         7.8507       42.2212
         34      .0009     .0011        11.1394       42.2388
        100     -.0018     .0012         -.3210       23.8270
          1     -.0017    -.0081         -.0044        -.0065
        200    PONTO FIXO               16.2754       11.1994
