
               COMPENSAÇÃO GEODESICA DA REDE : REDE BOTANICO                      
           DATUM : LOCAL              ELIPSÓIDE  :NULO    

                   PROJECÇÃO CARTOGRÁFICA : NULA  

               PARA O PONTO CENTRAL DE    0  0   .000
                                          0  0   .000


                13 PONTOS LIVRES           1 PONTOS FIXOS

            42 DIRECÇÕES     24 COMPRIMENTOS      1 AZIMUTES



        DIRECÇÃO     ME   MV         RESÍDUOS

            1         1 - 100                  .310
            2         1 -   2                 -.310
            3         2 -   1                 -.024
            4         2 - 100                  .024
            5       100 -   1                  .699
            6       100 -  11                 -.190
            7       100 -  12                 -.291
            8       100 -  13                 -.385
            9       100 -  14                  .177
           10       100 -  15                 -.230
           11       100 - 200                  .219
           12       200 -   1                  .341
           13       200 - 100                -2.814
           14       200 -  11                  .413
           15       200 -  12                  .429
           16       200 -  13                  .472
           17       200 -  14                 -.247
           18       200 -  15                  .228
           19       200 -   2                 1.178
           20       100 -   1                 1.520
           21       100 -  21                  .428
           22       100 -  25                 -.034
           23       100 - 200                  .540
           24       100 -   2                 3.549
           25       100 -   1                -3.280
           26       100 -  32                 -.589
           27       100 -  33                  .264
           28       100 -  34                  .354
           29       100 -   2                -2.751
           30       200 -   1                 -.132
           31       200 - 100                 1.414
           32       200 -  21                 -.780
           33       200 -  32                 1.073
           34       200 -  33                 -.348
           35       200 -  34                 -.497
           36       200 -  25                  .066
           37       200 -   2                 -.795
           38         2 - 100                  .000
           39       200 -   1                  .582
           40       200 -   2                 -.582
           41       100 -   1                 -.010
           42       100 - 200                  .010


      COMPRIMENTO    ME   MV          RESÍDUOS

            1         1 - 100                  .002
            2         1 - 200                  .003
            3         1 -   2                  .000
            4         2 - 100                  .003
            5         2 - 200                 -.001
            6       100 -  11                 -.002
            7       100 -  14                  .001
            8       100 -  15                  .000
            9       100 - 200                 -.003
           10       100 -  21                  .001
           11       100 -  25                  .000
           12       100 -  32                 -.003
           13       100 -  33                  .000
           14       100 -  34                  .001
           15       200 -  11                  .000
           16       200 -  12                 -.002
           17       200 -  13                 -.003
           18       200 -  14                  .001
           19       200 -  15                 -.001
           20       200 -  21                  .002
           21       200 -  32                 -.002
           22       200 -  33                  .002
           23       200 -  34                  .002
           24       200 -  25                  .000


        AZIMUTE      ME   MV          RESÍDUOS

            1       100 -   1                  .000


            VARIANCIA DA UNIDADE DE PESO =  3.542

            NUMERO DE GRAUS DE LIBERDADE =    32


                  COORDENADAS COMPENSADAS


      PONTO   DELTA E    DELTA N         E            N

          2      .0017    -.0030        17.0444       -2.0287
         11     -.0010    -.0021         -.6230       42.4406
         12     -.0007    -.0047         3.5591       42.3901
         13     -.0013    -.0049         8.0961       42.3727
         14     -.0027    -.0015        12.6823       42.3895
         15      .0000    -.0021        17.3243       42.4422
         21     -.0006    -.0010         -.6709       42.2227
         25     -.0005    -.0003        17.2930       42.4494
         32      .0007    -.0034         3.0333       42.2278
         33     -.0008    -.0006         7.8505       42.2212
         34      .0007     .0012        11.1392       42.2389
        100     -.0019     .0012         -.3211       23.8270
          1     -.0018    -.0083         -.0045        -.0067
        200    PONTO FIXO               16.2754       11.1994
