
               COMPENSAÇÃO GEODESICA DA REDE : REDE BOTANICO                      
           DATUM : LOCAL              ELIPSÓIDE  :NULO    

                   PROJECÇÃO CARTOGRÁFICA : NULA  

               PARA O PONTO CENTRAL DE    0  0   .000
                                          0  0   .000


                13 PONTOS LIVRES           1 PONTOS FIXOS

            29 DIRECÇÕES     25 COMPRIMENTOS      1 AZIMUTES



        DIRECÇÃO     ME   MV         RESÍDUOS

            1         1 - 100                 -.082
            2         1 - 200                  .082
            3         2 -   1                  .020
            4         2 - 100                 -.020
            5       200 -  11                  .097
            6       200 -  12                  .011
            7       200 -  13                  .053
            8       200 -  14                 -.160
            9       200 -  15                  .036
           10       200 -   2                 -.037
           11       100 -   1                  .145
           12       100 -  11                 -.040
           13       100 -  12                  .007
           14       100 -  13                 -.018
           15       100 -  14                  .114
           16       100 -  15                 -.026
           17       100 - 200                 -.182
           18       200 -   1                 -.078
           19       200 -  32                  .020
           20       200 -  33                 -.124
           21       200 -  34                  .102
           22       200 -  25                  .079
           23       100 -   1                 -.103
           24       100 -  21                  .014
           25       100 -  32                  .003
           26       100 -  33                  .105
           27       100 -  34                 -.037
           28       100 -  25                 -.051
           29       100 - 200                  .070


      COMPRIMENTO    ME   MV          RESÍDUOS

            1         1 - 100                  .001
            2         1 - 200                  .000
            3         1 -   2                 -.003
            4         2 - 100                  .000
            5         2 - 200                  .000
            6       200 -  11                  .000
            7       200 -  12                  .000
            8       200 -  13                  .000
            9       200 -  14                  .001
           10       200 -  15                 -.001
           11       200 -  21                  .001
           12       200 -  32                  .000
           13       200 -  33                  .002
           14       200 -  34                  .001
           15       200 -  25                  .000
           16       100 -  11                 -.001
           17       100 -  12                  .000
           18       100 -  13                 -.001
           19       100 -  14                  .002
           20       100 -  15                  .000
           21       100 -  21                 -.001
           22       100 -  32                 -.001
           23       100 -  33                  .000
           24       100 -  34                 -.002
           25       100 -  25                 -.001


        AZIMUTE      ME   MV          RESÍDUOS

            1       100 -   1                  .014


            VARIANCIA DA UNIDADE DE PESO =   .342

            NUMERO DE GRAUS DE LIBERDADE =    23


                  COORDENADAS COMPENSADAS


      PONTO   DELTA E    DELTA N         E            N

          2     -.0017    -.0007        17.0450       -2.0275
        100      .0027    -.0003         -.3165       23.8243
        200      .0027    -.0015        16.2781       11.1979
         11      .0064     .0042         -.6193       42.4411
         12      .0074     .0016         3.5625       42.3933
         13      .0075     .0008         8.1000       42.3761
         14      .0082     .0003        12.6877       42.3896
         15      .0078    -.0013        17.3270       42.4428
         21      .0069    -.0019         -.6676       42.2205
         25      .0080    -.0011        17.2962       42.4482
         32      .0051    -.0061         3.0353       42.2297
         33      .0071    -.0002         7.8540       42.2203
         34      .0031    -.0066        11.1412       42.2362
          1    PONTO FIXO                 .0000         .0000
