
               COMPENSAÇÃO GEODESICA DA REDE : REDE BOTANICO                      
           DATUM : LOCAL              ELIPSÓIDE  :NULO    

                   PROJECÇÃO CARTOGRÁFICA : NULA  

               PARA O PONTO CENTRAL DE    0  0   .000
                                          0  0   .000


                13 PONTOS LIVRES           1 PONTOS FIXOS

            37 DIRECÇÕES     26 COMPRIMENTOS      1 AZIMUTES



        DIRECÇÃO     ME   MV         RESÍDUOS

            1         1 - 100                  .764
            2         1 - 200                 -.031
            3         1 -   2                 -.733
            4         2 -   1                  .271
            5         2 - 100                 1.328
            6         2 - 200                -1.599
            7       200 -   1                 -.836
            8       200 - 100                 -.031
            9       200 -  11                  .455
           10       200 -  12                  .186
           11       200 -  13                  .147
           12       200 -  14                 -.099
           13       200 -  15                  .086
           14       200 -   2                  .092
           15       100 -   1                 -.390
           16       100 -  11                 -.231
           17       100 -  12                 -.093
           18       100 -  13                 -.079
           19       100 -  14                  .069
           20       100 -  15                 -.069
           21       100 - 200                  .621
           22       100 -   2                  .171
           23       200 -   1                 1.576
           24       200 - 100                -2.118
           25       200 -  21                 -.327
           26       200 -  32                 -.018
           27       200 -  33                 -.175
           28       200 -  34                  .046
           29       200 -  25                  .011
           30       200 -   2                 1.005
           31       100 -   1                 -.948
           32       100 -  21                  .189
           33       100 -  32                  .031
           34       100 -  33                  .145
           35       100 -  34                  .009
           36       100 -  25                  .011
           37       100 - 200                  .563


      COMPRIMENTO    ME   MV          RESÍDUOS

            1         1 - 100                  .002
            2         1 - 200                  .001
            3         1 -   2                 -.002
            4         2 - 100                  .002
            5         2 - 200                  .000
            6       200 -  11                 -.002
            7       200 -  12                  .000
            8       200 -  13                  .000
            9       200 -  14                  .001
           10       200 -  15                 -.001
           11       200 -  21                  .003
           12       200 -  32                  .001
           13       200 -  33                  .003
           14       200 -  34                  .001
           15       200 -  25                  .001
           16       100 -  11                 -.003
           17       100 -  12                 -.002
           18       100 -  13                 -.002
           19       100 -  14                  .001
           20       100 -  15                 -.001
           21       100 - 200                 -.006
           22       100 -  21                  .001
           23       100 -  32                 -.001
           24       100 -  33                  .000
           25       100 -  34                 -.002
           26       100 -  25                 -.001


        AZIMUTE      ME   MV          RESÍDUOS

            1       100 -   1                  .004


            VARIANCIA DA UNIDADE DE PESO =  1.351

            NUMERO DE GRAUS DE LIBERDADE =    32


                  COORDENADAS COMPENSADAS


      PONTO   DELTA E    DELTA N         E            N

          2     -.0004    -.0005        17.0463       -2.0273
        100      .0027     .0011         -.3165       23.8257
        200      .0035    -.0009        16.2789       11.1985
         11      .0065     .0029         -.6192       42.4398
         12      .0070     .0011         3.5621       42.3928
         13      .0070     .0008         8.0995       42.3761
         14      .0076     .0007        12.6871       42.3900
         15      .0071    -.0007        17.3263       42.4434
         21      .0070     .0010         -.6675       42.2234
         25      .0084     .0005        17.2966       42.4498
         32      .0052    -.0049         3.0354       42.2309
         33      .0072     .0012         7.8541       42.2217
         34      .0033    -.0051        11.1414       42.2377
          1    PONTO FIXO                 .0000         .0000
