
               COMPENSAÇÃO GEODESICA DA REDE : REDE BOTANICO                      
           DATUM : LOCAL              ELIPSÓIDE  :NULO    

                   PROJECÇÃO CARTOGRÁFICA : NULA  

               PARA O PONTO CENTRAL DE    0  0   .000
                                          0  0   .000


                13 PONTOS LIVRES           1 PONTOS FIXOS

            30 DIRECÇÕES     25 COMPRIMENTOS      1 AZIMUTES



        DIRECÇÃO     ME   MV         RESÍDUOS

            1         1 - 100                  .044
            2         1 - 200                 -.044
            3         2 -   1                  .026
            4         2 - 100                 -.026
            5       200 -  11                  .089
            6       200 -  12                  .010
            7       200 -  13                  .056
            8       200 -  14                 -.156
            9       200 -  15                  .040
           10       200 -   2                 -.039
           11       100 -   1                  .089
           12       100 -  11                 -.037
           13       100 -  12                  .007
           14       100 -  13                 -.021
           15       100 -  14                  .110
           16       100 -  15                 -.030
           17       100 - 200                 -.118
           18       200 -   1                  .041
           19       200 -  21                 -.259
           20       200 -  32                  .064
           21       200 -  33                 -.090
           22       200 -  34                  .134
           23       200 -  25                  .111
           24       100 -   1                 -.192
           25       100 -  21                  .151
           26       100 -  32                 -.018
           27       100 -  33                  .087
           28       100 -  34                 -.055
           29       100 -  25                 -.073
           30       100 - 200                  .101


      COMPRIMENTO    ME   MV          RESÍDUOS

            1         1 - 100                  .001
            2         1 - 200                  .000
            3         1 -   2                 -.003
            4         2 - 100                  .000
            5         2 - 200                  .000
            6       200 -  11                 -.001
            7       200 -  12                  .000
            8       200 -  13                  .000
            9       200 -  14                  .001
           10       200 -  15                 -.001
           11       200 -  21                  .002
           12       200 -  32                  .000
           13       200 -  33                  .002
           14       200 -  34                  .000
           15       200 -  25                 -.001
           16       100 -  11                  .000
           17       100 -  12                  .000
           18       100 -  13                 -.001
           19       100 -  14                  .002
           20       100 -  15                  .000
           21       100 -  21                  .001
           22       100 -  32                 -.001
           23       100 -  33                  .000
           24       100 -  34                 -.002
           25       100 -  25                 -.001


        AZIMUTE      ME   MV          RESÍDUOS

            1       100 -   1                  .018


            VARIANCIA DA UNIDADE DE PESO =   .393

            NUMERO DE GRAUS DE LIBERDADE =    24


                  COORDENADAS COMPENSADAS


      PONTO   DELTA E    DELTA N         E            N

          2     -.0019    -.0008        17.0448       -2.0276
        100      .0027    -.0004         -.3165       23.8242
        200      .0026    -.0016        16.2780       11.1978
         11      .0065     .0042         -.6192       42.4411
         12      .0074     .0015         3.5625       42.3932
         13      .0076     .0007         8.1001       42.3760
         14      .0082     .0002        12.6877       42.3895
         15      .0078    -.0015        17.3270       42.4426
         21      .0069    -.0003         -.6676       42.2221
         25      .0079    -.0014        17.2961       42.4479
         32      .0051    -.0065         3.0353       42.2293
         33      .0070    -.0005         7.8539       42.2200
         34      .0030    -.0070        11.1411       42.2358
          1    PONTO FIXO                 .0000         .0000
