
               COMPENSAÇÃO GEODESICA DA REDE : REDE BOTANICO                      
           DATUM : LOCAL              ELIPSÓIDE  :NULO    

                   PROJECÇÃO CARTOGRÁFICA : NULA  

               PARA O PONTO CENTRAL DE    0  0   .000
                                          0  0   .000


                13 PONTOS LIVRES           1 PONTOS FIXOS

            34 DIRECÇÕES     24 COMPRIMENTOS      1 AZIMUTES



        DIRECÇÃO     ME   MV         RESÍDUOS

            1         2 -   1                  .325
            2         2 - 100                 -.819
            3         2 - 200                  .494
            4         1 - 100                  .006
            5         1 - 200                  .119
            6         1 -   2                 -.125
            7       200 -   1                  .599
            8       200 - 100                 -.829
            9       200 -  11                  .245
           10       200 -  12                  .083
           11       200 -  13                  .461
           12       200 -  14                 -.348
           13       200 -  15                 -.034
           14       200 -   2                 -.177
           15       100 -  11                 -.140
           16       100 -  12                 -.026
           17       100 -  13                 -.250
           18       100 -  14                  .254
           19       100 -  15                  .009
           20       100 - 200                  .006
           21       100 -   2                  .146
           22       200 -   1                 -.767
           23       200 -  32                  .107
           24       200 -  33                  .367
           25       200 -  34                  .353
           26       200 -  25                 -.059
           27       100 -   1                  .098
           28       100 -  21                  .029
           29       100 -  32                 -.032
           30       100 -  33                 -.180
           31       100 -  34                 -.176
           32       100 -  25                  .055
           33       100 - 200                  .583
           34       100 -   2                 -.377


      COMPRIMENTO    ME   MV          RESÍDUOS

            1         2 - 100                  .002
            2         2 - 200                  .001
            3         1 - 100                  .002
            4         1 - 200                  .001
            5         1 -   2                 -.002
            6       200 -  11                 -.001
            7       200 -  12                  .000
            8       200 -  13                 -.001
            9       200 -  14                  .001
           10       200 -  15                  .000
           11       200 -  21                  .001
           12       200 -  32                  .000
           13       200 -  33                  .000
           14       200 -  34                  .000
           15       200 -  25                  .000
           16       100 -  12                 -.001
           17       100 -  13                 -.002
           18       100 -  14                  .001
           19       100 -  15                  .000
           20       100 -  21                 -.001
           21       100 -  32                 -.001
           22       100 -  33                 -.002
           23       100 -  34                 -.002
           24       100 -  25                  .000


        AZIMUTE      ME   MV          RESÍDUOS

            1       100 -   1                  .005


            VARIANCIA DA UNIDADE DE PESO =   .975

            NUMERO DE GRAUS DE LIBERDADE =    27


                  COORDENADAS COMPENSADAS


      PONTO   DELTA E    DELTA N         E            N

          1     -.0008    -.0046         -.0035        -.0030
          2      .0015    -.0020        17.0442       -2.0277
         11      .0007    -.0021         -.6213       42.4406
         12      .0012    -.0004         3.5610       42.3944
         13      .0003    -.0013         8.0977       42.3763
         14     -.0002    -.0008        12.6848       42.3902
         15      .0016    -.0003        17.3259       42.4440
         21      .0017    -.0013         -.6686       42.2224
         25      .0018     .0001        17.2953       42.4498
         32      .0014     .0000         3.0340       42.2312
         33      .0014    -.0018         7.8527       42.2200
         34      .0014    -.0005        11.1399       42.2372
        100     -.0009     .0030         -.3201       23.8288
        200    PONTO FIXO               16.2754       11.1994
