
               COMPENSAÇÃO GEODESICA DA REDE : REDE BOTANICO                      
           DATUM : LOCAL              ELIPSÓIDE  :NULO    

                   PROJECÇÃO CARTOGRÁFICA : NULA  

               PARA O PONTO CENTRAL DE    0  0   .000
                                          0  0   .000


                13 PONTOS LIVRES           1 PONTOS FIXOS

            33 DIRECÇÕES     26 COMPRIMENTOS      1 AZIMUTES



        DIRECÇÃO     ME   MV         RESÍDUOS

            1         1 - 100                  .060
            2         1 - 200                  .167
            3         1 -   2                 -.226
            4         2 -   1                  .071
            5         2 - 100                 -.071
            6       200 -  11                  .364
            7       200 -  12                  .150
            8       200 -  13                  .136
            9       200 -  14                 -.099
           10       200 -  15                  .091
           11       200 -   2                 -.642
           12       100 -   1                  .000
           13       100 -  11                 -.183
           14       100 -  12                 -.074
           15       100 -  13                 -.072
           16       100 -  14                  .068
           17       100 -  15                 -.073
           18       100 - 200                 -.239
           19       100 -   2                  .573
           20       200 -   1                  .108
           21       200 -  21                 -.409
           22       200 -  32                 -.051
           23       200 -  33                 -.181
           24       200 -  34                  .048
           25       200 -  25                  .019
           26       200 -   2                  .466
           27       100 -   1                 -.355
           28       100 -  21                  .233
           29       100 -  32                  .050
           30       100 -  33                  .150
           31       100 -  34                  .010
           32       100 -  25                  .007
           33       100 - 200                 -.094


      COMPRIMENTO    ME   MV          RESÍDUOS

            1         1 - 100                  .001
            2         1 - 200                  .001
            3         1 -   2                 -.002
            4         2 - 100                  .001
            5         2 - 200                  .000
            6       200 -  11                 -.002
            7       200 -  12                  .000
            8       200 -  13                 -.001
            9       200 -  14                  .001
           10       200 -  15                 -.001
           11       200 -  21                  .003
           12       200 -  32                  .001
           13       200 -  33                  .003
           14       200 -  34                  .001
           15       200 -  25                  .000
           16       100 -  11                 -.002
           17       100 -  12                 -.002
           18       100 -  13                 -.002
           19       100 -  14                  .001
           20       100 -  15                 -.001
           21       100 - 200                 -.007
           22       100 -  21                  .002
           23       100 -  32                  .000
           24       100 -  33                  .001
           25       100 -  34                 -.002
           26       100 -  25                  .000


        AZIMUTE      ME   MV          RESÍDUOS

            1       100 -   1                  .014


            VARIANCIA DA UNIDADE DE PESO =   .968

            NUMERO DE GRAUS DE LIBERDADE =    28


                  COORDENADAS COMPENSADAS


      PONTO   DELTA E    DELTA N         E            N

          2     -.0008    -.0006        17.0459       -2.0274
        100      .0027     .0004         -.3165       23.8250
        200      .0032    -.0012        16.2786       11.1982
         11      .0065     .0030         -.6192       42.4399
         12      .0071     .0009         3.5622       42.3926
         13      .0071     .0005         8.0996       42.3758
         14      .0077     .0003        12.6872       42.3896
         15      .0072    -.0012        17.3264       42.4429
         21      .0069     .0011         -.6676       42.2235
         25      .0085     .0000        17.2967       42.4493
         32      .0052    -.0051         3.0354       42.2307
         33      .0073     .0009         7.8542       42.2214
         34      .0034    -.0055        11.1415       42.2373
          1    PONTO FIXO                 .0000         .0000
