
               COMPENSAÇÃO GEODESICA DA REDE : REDE BOTANICO                      
           DATUM : LOCAL              ELIPSÓIDE  :NULO    

                   PROJECÇÃO CARTOGRÁFICA : NULA  

               PARA O PONTO CENTRAL DE    0  0   .000
                                          0  0   .000


                13 PONTOS LIVRES           1 PONTOS FIXOS

            31 DIRECÇÕES     25 COMPRIMENTOS      1 AZIMUTES



        DIRECÇÃO     ME   MV         RESÍDUOS

            1         1 - 100                 -.365
            2         1 - 200                  .007
            3         1 -   2                  .358
            4         2 -   1                 -.472
            5         2 - 100                  .472
            6       200 -  11                  .155
            7       200 -  12                  .047
            8       200 -  13                  .079
            9       200 -  14                 -.138
           10       200 -  15                  .058
           11       200 -   2                 -.201
           12       100 -   1                  .261
           13       100 -  11                 -.071
           14       100 -  12                 -.013
           15       100 -  13                 -.035
           16       100 -  14                  .098
           17       100 -  15                 -.044
           18       100 - 200                 -.197
           19       200 -   1                  .179
           20       200 -  21                 -.305
           21       200 -  32                  .033
           22       200 -  33                 -.112
           23       200 -  34                  .114
           24       200 -  25                  .091
           25       100 -   1                 -.109
           26       100 -  21                  .175
           27       100 -  32                 -.001
           28       100 -  33                  .101
           29       100 -  34                 -.041
           30       100 -  25                 -.057
           31       100 - 200                 -.068


      COMPRIMENTO    ME   MV          RESÍDUOS

            1         1 - 100                  .001
            2         1 - 200                  .000
            3         1 -   2                 -.003
            4         2 - 100                  .000
            5         2 - 200                  .000
            6       200 -  11                 -.001
            7       200 -  12                  .000
            8       200 -  13                  .000
            9       200 -  14                  .001
           10       200 -  15                 -.001
           11       200 -  21                  .002
           12       200 -  32                  .000
           13       200 -  33                  .002
           14       200 -  34                  .000
           15       200 -  25                 -.001
           16       100 -  11                 -.001
           17       100 -  12                  .000
           18       100 -  13                 -.001
           19       100 -  14                  .002
           20       100 -  15                  .000
           21       100 -  21                  .001
           22       100 -  32                 -.001
           23       100 -  33                  .000
           24       100 -  34                 -.002
           25       100 -  25                 -.001


        AZIMUTE      ME   MV          RESÍDUOS

            1       100 -   1                  .017


            VARIANCIA DA UNIDADE DE PESO =   .420

            NUMERO DE GRAUS DE LIBERDADE =    25


                  COORDENADAS COMPENSADAS


      PONTO   DELTA E    DELTA N         E            N

          2     -.0017    -.0006        17.0450       -2.0274
        100      .0027    -.0004         -.3165       23.8242
        200      .0027    -.0016        16.2781       11.1978
         11      .0064     .0038         -.6193       42.4407
         12      .0073     .0013         3.5624       42.3930
         13      .0074     .0005         8.0999       42.3758
         14      .0081     .0000        12.6876       42.3893
         15      .0076    -.0016        17.3268       42.4425
         21      .0069     .0000         -.6676       42.2224
         25      .0080    -.0012        17.2962       42.4481
         32      .0051    -.0063         3.0353       42.2295
         33      .0071    -.0003         7.8540       42.2202
         34      .0031    -.0068        11.1412       42.2360
          1    PONTO FIXO                 .0000         .0000
