
               COMPENSAÇÃO GEODESICA DA REDE : REDE BOTANICO                      
           DATUM : LOCAL              ELIPSÓIDE  :NULO    

                   PROJECÇÃO CARTOGRÁFICA : NULA  

               PARA O PONTO CENTRAL DE    0  0   .000
                                          0  0   .000


                13 PONTOS LIVRES           1 PONTOS FIXOS

            34 DIRECÇÕES     26 COMPRIMENTOS      1 AZIMUTES



        DIRECÇÃO     ME   MV         RESÍDUOS

            1         1 - 100                  .014
            2         1 - 200                  .278
            3         1 -   2                 -.292
            4         2 -   1                  .241
            5         2 - 100                 -.241
            6       200 -   1                 -.791
            7       200 -  11                  .424
            8       200 -  12                  .183
            9       200 -  13                  .157
           10       200 -  14                 -.084
           11       200 -  15                  .105
           12       200 -   2                  .006
           13       100 -   1                  .139
           14       100 -  11                 -.212
           15       100 -  12                 -.089
           16       100 -  13                 -.082
           17       100 -  14                  .061
           18       100 -  15                 -.080
           19       100 - 200                 -.091
           20       100 -   2                  .353
           21       200 -   1                  .658
           22       200 -  21                 -.414
           23       200 -  32                 -.058
           24       200 -  33                 -.190
           25       200 -  34                  .039
           26       200 -  25                  .009
           27       200 -   2                 -.045
           28       100 -   1                 -.374
           29       100 -  21                  .237
           30       100 -  32                  .055
           31       100 -  33                  .156
           32       100 -  34                  .016
           33       100 -  25                  .016
           34       100 - 200                 -.105


      COMPRIMENTO    ME   MV          RESÍDUOS

            1         1 - 100                  .001
            2         1 - 200                  .001
            3         1 -   2                 -.002
            4         2 - 100                  .001
            5         2 - 200                  .000
            6       200 -  11                 -.002
            7       200 -  12                 -.001
            8       200 -  13                 -.001
            9       200 -  14                  .001
           10       200 -  15                 -.001
           11       200 -  21                  .003
           12       200 -  32                  .001
           13       200 -  33                  .003
           14       200 -  34                  .001
           15       200 -  25                  .000
           16       100 -  11                 -.003
           17       100 -  12                 -.002
           18       100 -  13                 -.002
           19       100 -  14                  .001
           20       100 -  15                 -.001
           21       100 - 200                 -.007
           22       100 -  21                  .002
           23       100 -  32                  .000
           24       100 -  33                  .001
           25       100 -  34                 -.002
           26       100 -  25                  .000


        AZIMUTE      ME   MV          RESÍDUOS

            1       100 -   1                  .017


            VARIANCIA DA UNIDADE DE PESO =   .997

            NUMERO DE GRAUS DE LIBERDADE =    29


                  COORDENADAS COMPENSADAS


      PONTO   DELTA E    DELTA N         E            N

          2     -.0006    -.0006        17.0461       -2.0274
        100      .0027     .0005         -.3165       23.8251
        200      .0033    -.0012        16.2787       11.1982
         11      .0065     .0028         -.6192       42.4397
         12      .0070     .0008         3.5621       42.3925
         13      .0070     .0004         8.0995       42.3757
         14      .0076     .0002        12.6871       42.3895
         15      .0071    -.0012        17.3263       42.4429
         21      .0069     .0012         -.6676       42.2236
         25      .0085     .0002        17.2967       42.4495
         32      .0052    -.0049         3.0354       42.2309
         33      .0073     .0011         7.8542       42.2216
         34      .0034    -.0054        11.1415       42.2374
          1    PONTO FIXO                 .0000         .0000
