
               COMPENSAÇÃO GEODESICA DA REDE : REDE BOTANICO                      
           DATUM : LOCAL              ELIPSÓIDE  :NULO    

                   PROJECÇÃO CARTOGRÁFICA : NULA  

               PARA O PONTO CENTRAL DE    0  0   .000
                                          0  0   .000


                13 PONTOS LIVRES           1 PONTOS FIXOS

            32 DIRECÇÕES     25 COMPRIMENTOS      1 AZIMUTES



        DIRECÇÃO     ME   MV         RESÍDUOS

            1         1 - 100                 -.095
            2         1 - 200                  .252
            3         1 -   2                 -.157
            4         2 -   1                 -.241
            5         2 - 100                  .241
            6       200 -  11                  .283
            7       200 -  12                  .115
            8       200 -  13                  .121
            9       200 -  14                 -.106
           10       200 -  15                  .089
           11       200 -   2                 -.502
           12       100 -   1                 -.238
           13       100 -  11                 -.143
           14       100 -  12                 -.057
           15       100 -  13                 -.066
           16       100 -  14                  .070
           17       100 -  15                 -.074
           18       100 - 200                 -.676
           19       100 -   2                 1.184
           20       200 -   1                  .334
           21       200 -  21                 -.344
           22       200 -  32                  .000
           23       200 -  33                 -.140
           24       200 -  34                  .087
           25       200 -  25                  .062
           26       100 -   1                 -.171
           27       100 -  21                  .196
           28       100 -  32                  .018
           29       100 -  33                  .120
           30       100 -  34                 -.022
           31       100 -  25                 -.032
           32       100 - 200                 -.109


      COMPRIMENTO    ME   MV          RESÍDUOS

            1         1 - 100                  .001
            2         1 - 200                  .000
            3         1 -   2                 -.003
            4         2 - 100                  .000
            5         2 - 200                  .000
            6       200 -  11                 -.001
            7       200 -  12                  .000
            8       200 -  13                 -.001
            9       200 -  14                  .001
           10       200 -  15                 -.001
           11       200 -  21                  .003
           12       200 -  32                  .001
           13       200 -  33                  .003
           14       200 -  34                  .001
           15       200 -  25                  .000
           16       100 -  11                 -.002
           17       100 -  12                 -.001
           18       100 -  13                 -.001
           19       100 -  14                  .002
           20       100 -  15                 -.001
           21       100 -  21                  .001
           22       100 -  32                  .000
           23       100 -  33                  .000
           24       100 -  34                 -.002
           25       100 -  25                 -.001


        AZIMUTE      ME   MV          RESÍDUOS

            1       100 -   1                  .011


            VARIANCIA DA UNIDADE DE PESO =   .529

            NUMERO DE GRAUS DE LIBERDADE =    26


                  COORDENADAS COMPENSADAS


      PONTO   DELTA E    DELTA N         E            N

          2     -.0013    -.0005        17.0454       -2.0273
        100      .0027    -.0001         -.3165       23.8245
        200      .0029    -.0014        16.2783       11.1980
         11      .0065     .0032         -.6192       42.4401
         12      .0072     .0009         3.5623       42.3926
         13      .0073     .0003         8.0998       42.3756
         14      .0078    -.0001        12.6873       42.3892
         15      .0074    -.0016        17.3266       42.4425
         21      .0069     .0004         -.6676       42.2228
         25      .0082    -.0007        17.2964       42.4486
         32      .0052    -.0058         3.0354       42.2300
         33      .0072     .0002         7.8541       42.2207
         34      .0032    -.0063        11.1413       42.2365
          1    PONTO FIXO                 .0000         .0000
