
               COMPENSAÇÃO GEODESICA DA REDE : REDE BOTANICO                      
           DATUM : LOCAL              ELIPSÓIDE  :NULO    

                   PROJECÇÃO CARTOGRÁFICA : NULA  

               PARA O PONTO CENTRAL DE    0  0   .000
                                          0  0   .000


                13 PONTOS LIVRES           1 PONTOS FIXOS

            33 DIRECÇÕES     25 COMPRIMENTOS      1 AZIMUTES



        DIRECÇÃO     ME   MV         RESÍDUOS

            1         1 - 100                  .096
            2         1 - 200                 -.035
            3         1 -   2                 -.061
            4         2 -   1                  .000
            5       200 -   1                  .182
            6       200 - 100                 -.670
            7       200 -  11                  .478
            8       200 -  12                  .208
            9       200 -  13                  .168
           10       200 -  14                 -.078
           11       200 -  15                  .110
           12       200 -   2                 -.399
           13       100 -   1                  .174
           14       100 -  11                 -.244
           15       100 -  12                 -.107
           16       100 -  13                 -.093
           17       100 -  14                  .052
           18       100 -  15                 -.090
           19       100 - 200                  .191
           20       100 -   2                  .118
           21       200 -  21                 -.308
           22       200 -  32                  .003
           23       200 -  33                 -.153
           24       200 -  34                  .069
           25       200 -  25                  .036
           26       200 -   2                  .352
           27       100 -   1                 -.418
           28       100 -  21                  .180
           29       100 -  32                  .020
           30       100 -  33                  .132
           31       100 -  34                 -.005
           32       100 -  25                 -.008
           33       100 - 200                  .099


      COMPRIMENTO    ME   MV          RESÍDUOS

            1         1 - 100                  .002
            2         1 - 200                  .001
            3         1 -   2                 -.002
            4         2 - 100                  .001
            5         2 - 200                  .000
            6       200 -  11                 -.002
            7       200 -  12                 -.001
            8       200 -  13                 -.001
            9       200 -  14                  .001
           10       200 -  15                 -.001
           11       200 -  21                  .003
           12       200 -  32                  .001
           13       200 -  33                  .003
           14       200 -  34                  .001
           15       200 -  25                  .000
           16       100 -  11                 -.003
           17       100 -  12                 -.002
           18       100 -  13                 -.002
           19       100 -  14                  .001
           20       100 -  15                 -.001
           21       100 -  21                  .001
           22       100 -  32                 -.001
           23       100 -  33                  .000
           24       100 -  34                 -.002
           25       100 -  25                 -.001


        AZIMUTE      ME   MV          RESÍDUOS

            1       100 -   1                  .007


            VARIANCIA DA UNIDADE DE PESO =   .655

            NUMERO DE GRAUS DE LIBERDADE =    27


                  COORDENADAS COMPENSADAS


      PONTO   DELTA E    DELTA N         E            N

          2     -.0004    -.0006        17.0463       -2.0274
        100      .0027     .0007         -.3165       23.8253
        200      .0034    -.0011        16.2788       11.1983
         11      .0065     .0025         -.6192       42.4394
         12      .0069     .0006         3.5620       42.3923
         13      .0069     .0004         8.0994       42.3757
         14      .0074     .0002        12.6869       42.3895
         15      .0070    -.0012        17.3262       42.4429
         21      .0069     .0007         -.6676       42.2231
         25      .0082     .0001        17.2964       42.4494
         32      .0051    -.0053         3.0353       42.2305
         33      .0071     .0008         7.8540       42.2213
         34      .0032    -.0055        11.1413       42.2373
          1    PONTO FIXO                 .0000         .0000
