
               COMPENSAÇÃO GEODESICA DA REDE : REDE BOTANICO                      
           DATUM : LOCAL              ELIPSÓIDE  :NULO    

                   PROJECÇÃO CARTOGRÁFICA : NULA  

               PARA O PONTO CENTRAL DE    0  0   .000
                                          0  0   .000


                13 PONTOS LIVRES           1 PONTOS FIXOS

            50 DIRECÇÕES     26 COMPRIMENTOS      1 AZIMUTES



        DIRECÇÃO     ME   MV         RESÍDUOS

            1         1 - 100                -5.026
            2         1 - 200                12.421
            3         1 -   2                -7.395
            4         2 -   1                -7.828
            5         2 - 100                -6.745
            6         2 - 200                14.573
            7       100 -   1                 1.119
            8       100 -  11                 -.360
            9       100 -  12                 -.690
           10       100 -  13                 -.763
           11       100 -  14                  .163
           12       100 -  15                 -.244
           13       100 - 200                -1.758
           14       100 -   2                 2.533
           15       200 -   1                -3.117
           16       200 - 100                 1.159
           17       200 -  11                  .762
           18       200 -  12                 1.301
           19       200 -  13                 1.274
           20       200 -  14                 -.207
           21       200 -  15                  .260
           22       200 -   2                -1.432
           23       100 -   1                 3.612
           24       100 -  21                  .287
           25       100 -  25                 -.009
           26       100 - 200                  .235
           27       100 -   2                 4.927
           28       100 -   1                -1.188
           29       100 -  32                 -.646
           30       100 -  33                  .257
           31       100 -  34                  .364
           32       100 - 200                -6.465
           33       100 -   2                -1.373
           34       200 -   1                -3.048
           35       200 - 100                 5.929
           36       200 -  21                 -.484
           37       200 -  32                 1.205
           38       200 -  33                 -.308
           39       200 -  34                 -.485
           40       200 -  25                  .055
           41       200 -   2                -2.863
           42         2 -   1                10.738
           43         2 - 100                 4.222
           44         2 - 200               -14.960
           45       200 -   1                  .480
           46       200 - 100                 -.644
           47       200 -   2                  .164
           48       100 -   1                -4.313
           49       100 - 200                -6.689
           50       100 -   2                11.002


      COMPRIMENTO    ME   MV          RESÍDUOS

            1         1 - 100                  .004
            2         1 - 200                  .004
            3         1 -   2                  .001
            4         2 - 100                  .005
            5         2 - 200                  .001
            6       100 -  11                 -.003
            7       100 -  12                 -.004
            8       100 -  13                 -.005
            9       100 -  14                  .000
           10       100 -  15                  .000
           11       100 - 200                 -.003
           12       100 -  21                  .000
           13       100 -  25                 -.001
           14       100 -  32                 -.003
           15       100 -  33                  .000
           16       100 -  34                  .001
           17       200 -  11                  .000
           18       200 -  12                 -.002
           19       200 -  13                 -.003
           20       200 -  14                  .001
           21       200 -  15                 -.001
           22       200 -  21                  .002
           23       200 -  32                 -.002
           24       200 -  33                  .002
           25       200 -  34                  .002
           26       200 -  25                  .000


        AZIMUTE      ME   MV          RESÍDUOS

            1       100 -   1                  .007


            VARIANCIA DA UNIDADE DE PESO = 32.994

            NUMERO DE GRAUS DE LIBERDADE =    42


                  COORDENADAS COMPENSADAS


      PONTO   DELTA E    DELTA N         E            N

          2      .0023    -.0047        17.0450       -2.0304
         11     -.0017    -.0029         -.6237       42.4398
         12     -.0016    -.0049         3.5582       42.3899
         13     -.0022    -.0049         8.0952       42.3727
         14     -.0036    -.0015        12.6814       42.3895
         15     -.0010    -.0020        17.3233       42.4423
         21     -.0015    -.0017         -.6718       42.2220
         25     -.0016     .0000        17.2919       42.4497
         32     -.0004    -.0037         3.0322       42.2275
         33     -.0019    -.0006         7.8494       42.2212
         34     -.0003     .0013        11.1382       42.2390
        100     -.0026     .0015         -.3218       23.8273
          1     -.0025    -.0100         -.0052        -.0084
        200    PONTO FIXO               16.2754       11.1994
