
               COMPENSAÇÃO GEODESICA DA REDE : REDE BOTANICO                      
           DATUM : LOCAL              ELIPSÓIDE  :NULO    

                   PROJECÇÃO CARTOGRÁFICA : NULA  

               PARA O PONTO CENTRAL DE    0  0   .000
                                          0  0   .000


                13 PONTOS LIVRES           1 PONTOS FIXOS

            33 DIRECÇÕES     24 COMPRIMENTOS      1 AZIMUTES



        DIRECÇÃO     ME   MV         RESÍDUOS

            1         1 - 100                  .109
            2         1 - 200                  .342
            3         1 -   2                 -.451
            4         2 -   1                  .307
            5         2 - 100                  .291
            6         2 - 200                 -.598
            7       200 -  11                  .235
            8       200 -  12                  .013
            9       200 -  13                  .136
           10       200 -  14                 -.473
           11       200 -  15                  .088
           12       100 -   1                 -.028
           13       100 -  11                 -.123
           14       100 -  12                 -.001
           15       100 -  13                 -.075
           16       100 -  14                  .298
           17       100 -  15                 -.101
           18       100 - 200                 -.364
           19       100 -   2                  .395
           20       200 -   1                 -.056
           21       200 -  21                 -.818
           22       200 -  32                  .078
           23       200 -  33                 -.010
           24       200 -  34                  .315
           25       200 -  25                  .246
           26       200 -   2                  .245
           27       100 -   1                 -.166
           28       100 -  21                  .455
           29       100 -  32                 -.011
           30       100 -  33                  .016
           31       100 -  34                 -.125
           32       100 -  25                 -.169
           33       100 - 200                 -.001


      COMPRIMENTO    ME   MV          RESÍDUOS

            1         1 - 100                  .001
            2         1 - 200                  .000
            3         1 -   2                 -.003
            4         2 - 100                  .000
            5         2 - 200                  .000
            6       200 -  11                  .000
            7       200 -  12                  .000
            8       200 -  13                  .000
            9       200 -  14                  .001
           10       200 -  15                 -.001
           11       200 -  21                  .002
           12       200 -  32                  .000
           13       200 -  34                  .001
           14       200 -  25                  .000
           15       100 -  11                  .000
           16       100 -  12                  .000
           17       100 -  13                 -.001
           18       100 -  14                  .002
           19       100 -  15                  .000
           20       100 -  21                  .001
           21       100 -  32                 -.001
           22       100 -  33                  .000
           23       100 -  34                 -.002
           24       100 -  25                 -.001


        AZIMUTE      ME   MV          RESÍDUOS

            1       100 -   1                  .010


            VARIANCIA DA UNIDADE DE PESO =   .871

            NUMERO DE GRAUS DE LIBERDADE =    26


                  COORDENADAS COMPENSADAS


      PONTO   DELTA E    DELTA N         E            N

          2     -.0040     .0011        17.0427       -2.0257
         11      .0037     .0058         -.6220       42.4427
         12      .0047     .0031         3.5598       42.3948
         13      .0049     .0023         8.0974       42.3776
         14      .0055     .0017        12.6850       42.3910
         15      .0051     .0002        17.3243       42.4443
         21      .0042     .0013         -.6703       42.2237
         25      .0053     .0004        17.2935       42.4497
         32      .0024    -.0046         3.0326       42.2312
         33      .0044     .0013         7.8513       42.2218
         34      .0004    -.0051        11.1385       42.2377
        100      .0000     .0012         -.3192       23.8258
          1     -.0027     .0016         -.0027         .0016
        200    PONTO FIXO               16.2754       11.1994
