
               COMPENSAÇÃO GEODESICA DA REDE : REDE BOTANICO                      
           DATUM : LOCAL              ELIPSÓIDE  :NULO    

                   PROJECÇÃO CARTOGRÁFICA : NULA  

               PARA O PONTO CENTRAL DE    0  0   .000
                                          0  0   .000


                13 PONTOS LIVRES           1 PONTOS FIXOS

            33 DIRECÇÕES     25 COMPRIMENTOS      1 AZIMUTES



        DIRECÇÃO     ME   MV         RESÍDUOS

            1         1 - 100                 -.068
            2         1 - 200                  .328
            3         1 -   2                 -.260
            4         2 -   1                  .102
            5         2 - 100                 -.102
            6       200 -  11                  .378
            7       200 -  12                  .167
            8       200 -  13                  .154
            9       200 -  14                 -.081
           10       200 -  15                  .112
           11       200 -   2                 -.731
           12       100 -   1                  .050
           13       100 -  11                 -.192
           14       100 -  12                 -.085
           15       100 -  13                 -.085
           16       100 -  14                  .053
           17       100 -  15                 -.091
           18       100 - 200                 -.305
           19       100 -   2                  .655
           20       200 -   1                 -.064
           21       200 -  21                 -.387
           22       200 -  32                 -.029
           23       200 -  33                 -.161
           24       200 -  34                  .068
           25       200 -  25                  .042
           26       200 -   2                  .530
           27       100 -   1                 -.259
           28       100 -  21                  .221
           29       100 -  32                  .037
           30       100 -  33                  .135
           31       100 -  34                 -.006
           32       100 -  25                 -.013
           33       100 - 200                 -.114


      COMPRIMENTO    ME   MV          RESÍDUOS

            1         1 - 100                  .001
            2         1 - 200                  .000
            3         1 -   2                 -.002
            4         2 - 100                  .000
            5         2 - 200                  .000
            6       200 -  11                 -.002
            7       200 -  12                 -.001
            8       200 -  13                 -.001
            9       200 -  14                  .000
           10       200 -  15                 -.001
           11       200 -  21                  .003
           12       200 -  32                  .001
           13       200 -  33                  .003
           14       200 -  34                  .001
           15       200 -  25                  .000
           16       100 -  11                 -.002
           17       100 -  12                 -.002
           18       100 -  13                 -.002
           19       100 -  14                  .001
           20       100 -  15                 -.001
           21       100 -  21                  .002
           22       100 -  32                  .000
           23       100 -  33                  .000
           24       100 -  34                 -.002
           25       100 -  25                 -.001


        AZIMUTE      ME   MV          RESÍDUOS

            1       100 -   1                  .014


            VARIANCIA DA UNIDADE DE PESO =   .572

            NUMERO DE GRAUS DE LIBERDADE =    27


                  COORDENADAS COMPENSADAS


      PONTO   DELTA E    DELTA N         E            N

          2     -.0010    -.0006        17.0457       -2.0274
        100      .0027     .0000         -.3165       23.8246
        200      .0030    -.0014        16.2784       11.1980
         11      .0065     .0027         -.6192       42.4396
         12      .0071     .0006         3.5622       42.3923
         13      .0071     .0001         8.0996       42.3754
         14      .0076    -.0002        12.6871       42.3891
         15      .0071    -.0017        17.3263       42.4424
         21      .0069     .0008         -.6676       42.2232
         25      .0083    -.0004        17.2965       42.4489
         32      .0052    -.0055         3.0354       42.2303
         33      .0072     .0005         7.8541       42.2210
         34      .0033    -.0060        11.1414       42.2368
          1    PONTO FIXO                 .0000         .0000
