
               COMPENSAÇÃO GEODESICA DA REDE : REDE BOTANICO                      
           DATUM : LOCAL              ELIPSÓIDE  :NULO    

                   PROJECÇÃO CARTOGRÁFICA : NULA  

               PARA O PONTO CENTRAL DE    0  0   .000
                                          0  0   .000


                13 PONTOS LIVRES           1 PONTOS FIXOS

            35 DIRECÇÕES     22 COMPRIMENTOS      1 AZIMUTES



        DIRECÇÃO     ME   MV         RESÍDUOS

            1         1 - 100                  .000
            2         1 -   2                  .000
            3         2 -   1                  .142
            4         2 - 100                 -.142
            5       100 -   1                  .287
            6       100 -  11                  .008
            7       100 -  12                 -.258
            8       100 -  13                 -.373
            9       100 -  14                  .221
           10       100 -  15                 -.187
           11       100 - 200                  .302
           12       200 -   1                 -.880
           13       200 -  11                  .002
           14       200 -  12                  .363
           15       200 -  13                  .441
           16       200 -  14                 -.343
           17       200 -  15                  .143
           18       200 -   2                  .274
           19       100 -   1                  .036
           20       100 -  21                  .017
           21       100 -  25                 -.111
           22       100 - 200                 -.449
           23       100 -  32                 -.015
           24       100 -  33                  .222
           25       100 -  34                  .301
           26       200 -   1                  .469
           27       200 -  33                 -.300
           28       200 -  34                 -.437
           29       200 -  25                  .146
           30       200 -   2                  .122
           31         2 - 100                  .000
           32       200 -   1                  .423
           33       200 -   2                 -.423
           34       100 -   1                 -.257
           35       100 - 200                  .257


      COMPRIMENTO    ME   MV          RESÍDUOS

            1         1 - 100                  .001
            2         1 - 200                  .002
            3         1 -   2                 -.001
            4         2 - 200                 -.001
            5       100 -  11                 -.001
            6       100 -  14                  .001
            7       100 -  15                  .000
            8       100 -  21                  .000
            9       100 -  25                 -.001
           10       100 -  32                  .000
           11       100 -  33                  .000
           12       100 -  34                  .001
           13       200 -  11                  .001
           14       200 -  12                 -.002
           15       200 -  13                 -.003
           16       200 -  14                  .001
           17       200 -  15                 -.001
           18       200 -  21                  .001
           19       200 -  32                  .000
           20       200 -  33                  .002
           21       200 -  34                  .001
           22       200 -  25                  .000


        AZIMUTE      ME   MV          RESÍDUOS

            1       100 -   1                 -.012


            VARIANCIA DA UNIDADE DE PESO =  1.308

            NUMERO DE GRAUS DE LIBERDADE =    23


                  COORDENADAS COMPENSADAS


      PONTO   DELTA E    DELTA N         E            N

          1     -.0014    -.0076         -.0041        -.0060
          2      .0014    -.0023        17.0441       -2.0280
         11     -.0005    -.0014         -.6225       42.4413
         12     -.0001    -.0042         3.5597       42.3906
         13     -.0006    -.0047         8.0968       42.3729
         14     -.0020    -.0014        12.6830       42.3896
         15      .0007    -.0021        17.3250       42.4422
         21     -.0001    -.0026         -.6704       42.2211
         25     -.0001    -.0007        17.2934       42.4490
         32      .0018    -.0006         3.0344       42.2306
         33     -.0002    -.0009         7.8511       42.2209
         34      .0013     .0008        11.1398       42.2385
        100     -.0015     .0010         -.3207       23.8268
        200    PONTO FIXO               16.2754       11.1994
