
               COMPENSAÇÃO GEODESICA DA REDE : REDE BOTANICO                      
           DATUM : LOCAL              ELIPSÓIDE  :NULO    

                   PROJECÇÃO CARTOGRÁFICA : NULA  

               PARA O PONTO CENTRAL DE    0  0   .000
                                          0  0   .000


                12 PONTOS LIVRES           2 PONTOS FIXOS

            36 DIRECÇÕES      0 COMPRIMENTOS      0 AZIMUTES



        DIRECÇÃO     ME   MV         RESÍDUOS

            1         1 - 100                  .321
            2         1 - 200                  .302
            3         1 -   2                 -.623
            4         2 -   1                  .375
            5         2 - 100                  .698
            6         2 - 200                -1.073
            7       200 -   1                 -.131
            8       200 - 100                 -.865
            9       200 -  11                  .000
           10       200 -  12                  .000
           11       200 -  13                  .000
           12       200 -  14                  .000
           13       200 -  15                  .000
           14       200 -   2                  .996
           15       100 -   1                 -.208
           16       100 -  11                  .000
           17       100 -  12                  .000
           18       100 -  13                  .000
           19       100 -  14                  .000
           20       100 -  15                  .000
           21       100 - 200                  .038
           22       100 -   2                  .170
           23       200 -   1                  .173
           24       200 -  21                  .006
           25       200 -  32                  .006
           26       200 -  33                  .006
           27       200 -  34                  .006
           28       200 -  25                  .006
           29       200 -   2                 -.201
           30       100 -   1                 -.383
           31       100 -  21                  .004
           32       100 -  32                  .004
           33       100 -  33                  .004
           34       100 -  34                  .004
           35       100 -  25                  .004
           36       100 - 200                  .363


            VARIANCIA DA UNIDADE DE PESO =   .757

            NUMERO DE GRAUS DE LIBERDADE =     6


                  COORDENADAS COMPENSADAS


      PONTO   DELTA E    DELTA N         E            N

          1     -.0016     .0012         -.0016         .0012
          2     -.0033     .0016        17.0434       -2.0252
         11      .0029     .0002         -.6228       42.4371
         12      .0031    -.0014         3.5582       42.3903
         13      .0027    -.0014         8.0952       42.3739
         14      .0029    -.0012        12.6824       42.3881
         15      .0020    -.0025        17.3212       42.4416
         21      .0033    -.0005         -.6712       42.2219
         25      .0036    -.0008        17.2918       42.4485
         32      .0014    -.0066         3.0316       42.2292
         33      .0031    -.0003         7.8500       42.2202
         34     -.0010    -.0067        11.1371       42.2361
        200    PONTO FIXO               16.2754       11.1994
        100    PONTO FIXO                -.3192       23.8246
