   3.150564143796566E-008
   2.818306122953505E-008
   3.818098413322471E-008
  -4.542344020987225E-009
  -9.692687041074999E-009
   6.896457854184481E-009
   2.989181529824693E-008
   3.436011109024454E-008
  -6.705059242896850E-009
   3.866464141120095E-008
   3.169701446415321E-008
   3.506794258131069E-008
  -1.025297995825231E-008
   3.162586149714304E-008
   5.432277481146960E-008
  -3.194890950172405E-008
  -1.230961541785087E-008
  -6.583168270424888E-009
  -2.062410778033984E-008
  -4.412183570408120E-008
   2.491152478951190E-007
   2.793995824601697E-008
   3.336579759799219E-008
  -1.074704984641617E-008
   2.930595665343474E-008
   4.122670210430908E-008
  -1.460602457185513E-008
   4.576970507433152E-008
  -3.623490716973872E-008
  -1.890886968546471E-008
  -4.076196710623089E-009
  -2.641092370140175E-008
  -3.256506729175143E-008
   9.160262324239924E-008
  -1.414096785761779E-008
   1.764078070062771E-007
   2.227248023056852E-008
   2.972860199400237E-008
  -1.087435739512981E-008
   2.491367740900744E-008
   3.512657384893771E-008
  -1.306281359072105E-009
   3.438089691431148E-008
  -8.243834229822450E-009
   4.343640685046531E-008
  -3.971207683925205E-008
  -2.398994845130202E-008
  -2.045414764537203E-009
  -3.064367245577207E-008
  -3.742874365340495E-008
   8.797937964567104E-008
  -2.632380560863641E-008
   8.553706536093524E-008
   1.037500512778587E-009
   1.512616824188158E-007
   1.596771851108111E-008
   2.536905261433251E-008
  -1.080816007000040E-008
   1.978352801613157E-008
   2.867595694958986E-008
   1.120883390516729E-008
   2.956461735461340E-008
   4.056805321279331E-009
   2.909056129249271E-008
  -1.508861945385744E-009
   4.441508225878416E-008
  -4.145915062073210E-008
  -2.736088705751482E-008
  -2.825397581412481E-010
  -3.300349651506455E-008
  -4.122779023347527E-008
   8.447902360552370E-008
  -3.063879805579874E-008
   8.363113226301902E-008
  -1.850890469622072E-008
   8.518209538112301E-008
   1.308284702630021E-008
   1.411023376017986E-007
   9.754276072215918E-009
   2.106136953744023E-008
  -1.069449483694848E-008
   1.474435114910661E-008
   2.228873734070500E-008
   2.331013504044147E-008
   2.470754131290350E-008
   1.612005142549241E-008
   2.600039987485816E-008
   1.085149876173909E-008
   2.668884168569786E-008
   6.433108122099843E-009
   4.995534008562728E-008
  -4.200225575560220E-008
  -2.950862862365590E-008
   1.273455109236574E-009
  -3.403156713607480E-008
  -4.433504109478533E-008
   8.132940200904489E-008
  -3.404757305771261E-008
   8.141172633928433E-008
  -2.211736264948491E-008
   8.377997330994544E-008
  -9.733079186871531E-009
   8.478015935811675E-008
   2.649764509960662E-008
   1.405783984661477E-007
   3.171115195900702E-008
   3.378070104984904E-008
  -8.759921105489078E-009
   3.153376610759862E-008
   4.015118961962155E-008
  -2.585217890606402E-008
   3.626708415847493E-008
  -3.066361439279195E-008
   3.074152799507133E-008
  -3.504743414400523E-008
   2.473917229930154E-008
  -3.788829096736204E-008
   1.890796695636751E-008
  -3.967610115733060E-008
   4.913589703898159E-008
  -3.440326900371677E-009
   2.431129863147670E-009
  -3.807231263194441E-009
  -1.312403128420132E-009
   4.677858603598077E-009
   1.233096432257388E-008
   4.889576254531349E-009
   1.308915917174747E-008
   5.950629259774933E-009
   1.299033323341495E-008
   7.447759077024992E-009
   1.225612152788856E-008
   9.099045756075794E-009
   1.103857161504632E-008
  -8.867468491881037E-009
   7.301043752640538E-007
   1.401449250336540E-008
   2.672095795555309E-008
  -8.615304213845909E-009
   2.121610918286542E-008
   2.273591882940602E-008
   3.464725102346457E-009
   2.269041986860252E-008
  -1.311858542456112E-009
   2.163644068970996E-008
  -5.029413460701272E-009
   2.018623417963917E-008
  -7.862484917291787E-009
   1.876560390522077E-008
  -1.005198371012538E-008
   2.170402144322135E-008
   5.477358880202125E-009
   6.150711726274231E-008
  -3.777819495732024E-008
  -2.136540207118989E-008
   4.988962520072194E-010
  -2.733890838239692E-008
  -3.257119148817178E-008
   5.687344388924826E-008
  -2.658719757971816E-008
   6.049510952171053E-008
  -1.806473641909068E-008
   6.343946151663797E-008
  -8.658384733095638E-009
   6.415254802851826E-008
   7.273702057822909E-010
   6.331829953941886E-008
  -3.907247346794512E-008
   1.053728361688588E-008
   3.581872946948437E-008
   1.430024603710666E-007
   2.996987368612851E-008
   3.466010601554863E-008
  -8.873548942003857E-009
   3.184533975982927E-008
   3.766707021148143E-008
  -2.139249229675442E-008
   3.462609668813767E-008
  -2.692180984264274E-008
   2.978260785636191E-008
  -3.156029695882088E-008
   2.433635446382839E-008
  -3.456384145916559E-008
   1.899632064688143E-008
  -3.642636288042461E-008
   3.854267214618227E-008
   2.325020630631405E-009
   2.893886174175497E-008
  -2.828108734132996E-008
   4.596132357626350E-008
  -2.837751195229840E-008
  -6.596634080448968E-009
  -2.903188647407071E-009
  -1.450262430442322E-008
  -2.243645914513104E-008
   5.397373283715358E-008
  -1.619736849002722E-008
   5.385192070944624E-008
  -8.609050121249566E-009
   5.440283155904939E-008
  -7.027125367448060E-010
   5.366583173435020E-008
   7.066131456755508E-009
   5.209139769077679E-008
  -2.688380471307140E-008
   9.205366309989539E-009
   3.521774900179290E-008
   8.908478512979072E-008
  -5.552703883810764E-009
   2.008282482437891E-007
   2.527881581607253E-008
   3.287630042898452E-008
  -8.787021040178973E-009
   2.920949647099182E-008
   3.281256077618760E-008
  -1.359875200163336E-008
   3.085365764511822E-008
  -1.922579088461786E-008
   2.721637631483682E-008
  -2.372623301150781E-008
   2.297165793683523E-008
  -2.673616113018436E-008
   1.878483656225965E-008
  -2.868922101649594E-008
   3.327814626865036E-008
   2.736346549960230E-009
   3.405106685458886E-008
  -1.436364643865005E-008
   3.679808201648786E-008
   6.938548990390515E-009
   4.841358785132262E-008
  -3.369578864217363E-008
  -1.402975831964581E-008
  -1.507979903078335E-009
  -2.138790186560600E-008
  -2.755712413024503E-008
   5.678680407586933E-008
  -2.133492533849463E-008
   5.853090376956872E-008
  -1.312028250371134E-008
   6.025215061718112E-008
  -4.287679154942476E-009
   6.017025624672127E-008
   4.465702246556801E-009
   5.886545945279631E-008
  -3.270337953663446E-008
   1.048492347968634E-008
   2.436092271281719E-008
   8.889023566428701E-008
  -1.906366739515230E-008
   1.000773652413089E-007
   1.136696747376263E-008
   1.603301283294368E-007
   2.136280833441384E-008
   3.076342230868115E-008
  -8.686009804841601E-009
   2.647397219706002E-008
   2.914454589240080E-008
  -7.690041234654429E-009
   2.788861341539881E-008
  -1.308506765145478E-008
   2.515932814349341E-008
  -1.733458848827523E-008
   2.187944200585016E-008
  -2.028510766210826E-008
   1.864062196110669E-008
  -2.230695104658234E-008
   2.919161457404080E-008
   3.517389223624283E-009
   3.601230528146671E-008
  -5.041691158026465E-009
   3.416067227374358E-008
   1.728624759077425E-008
   3.644252139837818E-008
   6.694107416428776E-009
   5.112867810069096E-008
  -3.586764420949800E-008
  -1.748199864344568E-008
  -7.197694312841784E-010
  -2.438825847025539E-008
  -2.987638309202972E-008
   5.741712849700697E-008
  -2.372535832369821E-008
   6.004494692558753E-008
  -1.530118259643074E-008
   6.232736078481033E-008
  -6.124747744832318E-009
   6.258450427831248E-008
   3.000830309835496E-009
   6.145131480898603E-008
  -3.549747626523634E-008
   1.081805796750993E-008
   1.886028870773372E-008
   8.833507536706333E-008
  -2.320429714001356E-008
   9.525748535380630E-008
  -8.249113546270220E-009
   9.273452295373774E-008
   1.903997341612807E-008
   1.474658575235720E-007
   3.152867998940023E-008
   2.971483403617478E-008
  -5.354941582279153E-009
   3.051589314181909E-008
   3.399019682152322E-008
  -3.162484854940185E-008
   3.018064308238219E-008
  -3.627185963522440E-008
   2.440758258957669E-008
  -4.008717982544440E-008
   1.797645175866540E-008
  -4.212892187796311E-008
   1.163684200195557E-008
  -4.293610927383324E-008
   3.402005355248175E-008
  -2.659534159721688E-009
   1.607248665274540E-008
  -3.858601423165369E-008
   3.229088380946221E-008
  -2.810961544380616E-008
   2.753598239540201E-008
  -3.385275613783677E-008
   2.355128130077762E-008
  -3.627372529022159E-008
   3.286858363268937E-008
  -1.960232953345409E-008
  -1.011547949016716E-008
  -2.981077385548410E-009
  -1.575892255379241E-008
  -8.868522899266077E-009
   3.280745490831776E-008
  -6.839393824500448E-009
   3.620429640487839E-008
  -2.608279029716843E-009
   3.790308101636494E-008
   2.597519486722276E-009
   3.782045575922970E-008
   8.003164564436523E-009
   3.643413371099377E-008
  -1.235247856713221E-008
   1.346815775970238E-008
   4.055990445931924E-010
   3.535768033794986E-008
  -1.237034723824762E-008
   2.777482636751740E-008
  -9.391107834985664E-009
   3.252567603758687E-008
  -6.263006114087981E-009
   3.431302994862620E-008
  -1.921397140402435E-008
   2.906982957787402E-008
