   1    11742.41  -283760.63     .0304     .0262      12.0
   2    12391.30  -287702.72     .0391     .0342       5.3
   3    11711.09  -291768.33     .0525     .0408     165.1
   4     8022.73  -289247.82     .0366     .0301     137.0
   5     6529.08  -289854.20     .0392     .0357     179.8
   6    15324.56  -292748.70     .0605     .0473     178.3
   7    -2867.24  -282401.46     .0622     .0416       5.4
   8    20696.17  -289504.95     .0620     .0590     164.8
   9    22394.71  -291854.76     .0706     .0548     152.1
  10    21874.56  -283693.06     .0682     .0526      38.7
  11    17796.21  -284937.47     .0494     .0442      23.0
  12    19688.53  -278362.35     .0692     .0553     157.3
  13    13422.40  -280906.39     .0381     .0361     151.6
  14     1946.14  -278644.07     .0382     .0229     150.1
  15     6410.85  -278553.99     .0293     .0264      28.9
  16     9571.96  -278594.10     .0326     .0315      10.0
  17    -5978.30  -281302.55     .0708     .0512       6.9
  18    -8564.78  -283226.27     .0743     .0575       6.1
  19    -8373.54  -278925.11     .0758     .0575      14.5
  20   -12208.54  -286012.25     .0786     .0698      26.2
  21   -10128.02  -276349.74     .0800     .0673      28.1
  22     2602.70  -285739.04     .0328     .0232      29.6
  23    -4469.59  -285149.59     .0687     .0479       8.9
  24    -2549.99  -286734.95     .0625     .0455      19.6
  26     -473.35  -278906.96     .0694     .0372       6.7
  27    -3270.85  -277325.96     .0729     .0494      12.4
  28    14053.96  -278736.98     .0457     .0426     152.9
