   1    11742.41  -283760.63     .0325     .0277     176.2
   2    12391.30  -287702.72     .0465     .0387      37.7
   3    11711.09  -291768.33     .0635     .0489     143.7
   4     8022.73  -289247.82     .0601     .0504      30.4
   5     6529.08  -289854.20     .0671     .0622     177.6
   6    15324.56  -292748.70     .0640     .0481     159.2
   7    -2867.24  -282401.46     .0950     .0743      18.7
   8    20696.17  -289504.95     .0571     .0500      42.6
   9    22394.71  -291854.76     .0727     .0586     142.0
  10    21874.56  -283693.06     .0548     .0416       9.9
  11    17796.21  -284937.47     .0406     .0330     152.3
  12    19688.53  -278362.35     .0429     .0324      25.5
  13    13422.40  -280906.39     .0228     .0133     166.5
  14     1946.14  -278644.07     .3603     .0586       4.0
  15     6410.85  -278553.99     .0503     .0395       2.8
  16     9571.96  -278594.10     .0336     .0262       1.0
  17    -5978.30  -281302.55     .1063     .0830      18.8
  18    -8564.78  -283226.27     .1120     .0896      20.5
  19    -8373.54  -278925.11     .1131     .0882      22.9
  20   -12208.54  -286012.25     .1389     .0986      35.8
  21   -10128.02  -276349.74     .1198     .1033      10.6
  22     2602.70  -285739.04     .0685     .0625      42.4
  23    -4469.59  -285149.59     .1032     .0829      25.0
  24    -2549.99  -286734.95     .0977     .0814      36.6
  25     6404.28  -283568.74     .0483     .0446     147.4
  26     -473.35  -278906.96     .0974     .0660      15.2
  27    -3270.85  -277325.96     .1034     .0790      20.3
