   1    11742.41  -283760.63     .0309     .0263     180.0
   2    12391.30  -287702.72     .0446     .0356      39.7
   3    11711.09  -291768.33     .0605     .0450     141.6
   4     8022.73  -289247.82     .0574     .0472      31.0
   5     6529.08  -289854.20     .0636     .0590       2.2
   6    15324.56  -292748.70     .0604     .0429     153.2
   7    -2867.24  -282401.46     .0886     .0712      17.2
   8    20696.17  -289504.95     .0547     .0483      40.3
   9    22394.71  -291854.76     .0569     .0529      41.4
  10    21874.56  -283693.06     .0529     .0392      12.1
  11    17796.21  -284937.47     .0388     .0313     156.8
  12    19688.53  -278362.35     .0413     .0310      27.0
  13    13422.40  -280906.39     .0220     .0128     166.7
  14     1946.14  -278644.07     .0587     .0461     158.0
  15     6410.85  -278553.99     .0479     .0381       3.9
  16     9571.96  -278594.10     .0322     .0253       1.8
  17    -5978.30  -281302.55     .0966     .0795      20.7
  18    -8564.78  -283226.27     .0998     .0859      21.4
  19    -8373.54  -278925.11     .1018     .0839      28.8
  20   -12208.54  -286012.25     .1059     .0940     135.1
  21   -10128.02  -276349.74     .1071     .0913      42.5
  22     2602.70  -285739.04     .0641     .0596      40.2
  23    -4469.59  -285149.59     .0953     .0788      20.3
  24    -2549.99  -286734.95     .0905     .0777      32.9
  25     6404.28  -283568.74     .0457     .0426     152.9
  26     -473.35  -278906.96     .0928     .0628      15.5
  27    -3270.85  -277325.96     .0976     .0743      24.1
