   1.005924007535060E-003
   5.512824141270006E-005   7.685230583435869E-004
   1.686737466709787E-003
   5.266875828906488E-005   1.326010756851110E-003
   2.995215392732273E-003
  -2.437368607850505E-004   1.910506743619806E-003
   1.261358430425696E-003
  -2.319345325483101E-004   1.202334525742618E-003
   1.385899765231448E-003
  -6.558619527429876E-006   1.667598688611704E-003
   4.126446939536172E-003
   1.113862939810510E-004   2.556745076822927E-003
   4.357518976193023E-003
   2.708941587058573E-004   1.929680308944401E-003
   4.082642729546975E-003
   1.023757265572504E-004   4.071428896174282E-003
   5.750771289554925E-003
  -5.057571310711442E-004   5.892022786047576E-003
   4.468857570247026E-003
   9.160817191149832E-004   3.841846426636141E-003
   2.697267924146056E-003
   1.311328271286361E-004   2.260908508027406E-003
   3.794093787052683E-003
   6.894339935051404E-004   4.918758377181546E-003
   1.498028512751153E-003
   8.522212910111910E-005   1.555398340691697E-003
   1.291167094622528E-001
   9.267673567131138E-003   1.982732712175860E-003
   7.942947622866452E-004
  -8.134501153608474E-005   9.384459472985523E-004
   1.084480332953362E-003
   1.420075778565791E-006   1.197132622840254E-003
   6.154691297895849E-003
   3.315312671524433E-004   2.903767304950963E-003
   7.086294169924006E-003
   4.667953811168537E-004   3.670998592218388E-003
   7.250688898183391E-003
   6.240020082927903E-004   3.772173431684183E-003
   1.078945270471774E-002
   3.055719277983374E-003   7.007835153805955E-003
   9.209539658224124E-003
  -4.840035667285783E-004   5.948571891576480E-003
   1.026340247103505E-003
   2.640042358505940E-004   7.563864373977601E-004
   5.304018263155352E-003
   6.188359984657633E-004   2.741815904848542E-003
   4.110950892080119E-003
   7.802869804562043E-004   2.649436395445386E-003
   5.167861710759393E-003
   3.688853026747109E-004   1.681714775345414E-003
   5.911257248537448E-003
   3.885403665065875E-004   3.020361077703282E-003
   2.088765391194320E-003
   1.572580486425406E-004   2.234361652359869E-003
