
               COMPENSAÇÃO GEODESICA DA REDE :  REDE DE GEODESIA (ZONA SUL)       
           DATUM :  Datum_73          ELIPSÓIDE  :HAYFORD 

                   PROJECÇÃO CARTOGRÁFICA : GAUSS 

               PARA O PONTO CENTRAL DE   39 40   .000
                                         -8  7 54.862


                 9 PONTOS LIVRES           1 PONTOS FIXOS

            38 DIRECÇÕES      2 COMPRIMENTOS      2 AZIMUTES



        DIRECÇÃO     ME   MV         RESÍDUOS

            1         1 -   2                  .041
            2         1 -   3                 -.260
            3         1 -  10                  .219
            4         2 -   3                  .004
            5         2 -  10                 -.179
            6         2 -   1                  .175
            7         3 -   2                  .201
            8         3 -   4                  .123
            9         3 -   9                 -.293
           10         3 -  10                  .117
           11         3 -   1                 -.148
           12         4 -   3                  .089
           13         4 -   5                  .219
           14         4 -   9                 -.308
           15         5 -   4                 -.014
           16         5 -   6                  .044
           17         5 -   9                 -.031
           18         6 -   5                 -.067
           19         6 -   7                  .657
           20         6 -   9                 -.590
           21         7 -   6                 -.277
           22         7 -   8                  .543
           23         7 -   9                 -.266
           24         8 -   7                 -.428
           25         8 -  10                  .305
           26         8 -   9                  .123
           27         9 -  10                 -.136
           28         9 -   3                 -.044
           29         9 -   4                  .038
           30         9 -   5                  .073
           31         9 -   6                  .341
           32         9 -   7                 -.151
           33         9 -   8                 -.122
           34        10 -   1                 -.010
           35        10 -   2                 -.122
           36        10 -   3                  .357
           37        10 -   9                 -.166
           38        10 -   8                 -.059


      COMPRIMENTO    ME   MV          RESÍDUOS

            1        10 -   3                 -.045
            2         6 -   5                  .018


        AZIMUTE      ME   MV          RESÍDUOS

            1        10 -   2                 -.136
            2         6 -   5                  .136


            VARIANCIA DA UNIDADE DE PESO =   .176

            NUMERO DE GRAUS DE LIBERDADE =    14


                  COORDENADAS COMPENSADAS


      PONTO   DELTA M    DELTA P         M            P

          1     -.0012     .0040    -22488.5762  -227870.6830
          2      .0015     .0050     -3160.8285  -198314.4510
          3      .0042     .0008     32636.4162  -218361.8652
          4      .0066    -.0023     60167.6046  -236147.2323
          5      .0060    -.0039     64115.4620  -259092.9329
          6      .0017    -.0059     57211.3837  -275255.5609
          7     -.0027    -.0042     23779.6503  -298939.6432
          8     -.0014    -.0026     17654.2746  -284912.1186
          9      .0005    -.0032     34839.3515  -269059.9432
         10    PONTO FIXO             4546.3350  -255017.8260
