   1    11742.41  -283760.63     .0319     .0275      12.5
   2    12391.30  -287702.72     .0412     .0363       8.1
   3    11711.09  -291768.33     .0552     .0431     167.9
   4     8022.73  -289247.82     .0383     .0316     138.6
   5     6529.08  -289854.20     .0408     .0372       1.3
   6    15324.56  -292748.70     .0643     .0505       4.0
   7    -2867.24  -282401.46     .0662     .0436       6.3
   8    20696.17  -289504.95     .0646     .0630      43.4
   9    22394.71  -291854.76     .0796     .0729      41.0
  10    21874.56  -283693.06     .0716     .0565      35.6
  11    17796.21  -284937.47     .0523     .0472      15.5
  12    19688.53  -278362.35     .0724     .0589     154.6
  13    13422.40  -280906.39     .0402     .0379     144.3
  14     1946.14  -278644.07     .3603     .0362       4.1
  15     6410.85  -278553.99     .0312     .0275      24.2
  16     9571.96  -278594.10     .0346     .0329     179.3
  17    -5978.30  -281302.55     .0787     .0536       5.8
  18    -8564.78  -283226.27     .0846     .0601       7.6
  19    -8373.54  -278925.11     .0858     .0605       9.9
  20   -12208.54  -286012.25     .1118     .0728      29.1
  21   -10128.02  -276349.74     .0963     .0767     171.7
  22     2602.70  -285739.04     .0345     .0244      31.5
  23    -4469.59  -285149.59     .0738     .0510      12.9
  24    -2549.99  -286734.95     .0667     .0481      23.4
  26     -473.35  -278906.96     .0722     .0405       6.0
  27    -3270.85  -277325.96     .0772     .0545       7.5
  28    14053.96  -278736.98     .0483     .0446     147.4
