
               COMPENSAÇÃO GEODESICA DA REDE :  REDE DE GEODESIA (ZONA SUL)       
           DATUM :  Datum_73          ELIPSÓIDE  :HAYFORD 

                   PROJECÇÃO CARTOGRÁFICA : GAUSS 

               PARA O PONTO CENTRAL DE   39 40   .000
                                         -8  7 54.862


                27 PONTOS LIVRES           1 PONTOS FIXOS

           120 DIRECÇÕES      2 COMPRIMENTOS      2 AZIMUTES



        DIRECÇÃO     ME   MV         RESÍDUOS

            1         1 -  16                -1.653
            2         1 -  13                 -.899
            3         1 -  11                  .663
            4         1 -   2                 -.822
            5         1 -   4                  .787
            6         1 -  25                 1.924
            7         2 -   1                  .264
            8         2 -  11                 -.973
            9         2 -   6                  .693
           10         2 -   3                  .815
           11         2 -   4                 -.798
           12         3 -   2                -1.108
           13         3 -   6                 1.024
           14         3 -   4                  .084
           15         4 -  25                  .521
           16         4 -   1                 -.196
           17         4 -   2                 -.021
           18         4 -   3                  .826
           19         4 -   5                -1.130
           20         5 -  25                 -.789
           21         5 -   4                 1.134
           22         5 -  22                 -.346
           23         6 -  11                 1.325
           24         6 -   8                  .444
           25         6 -   9                  .000
           26         6 -   3                 -.328
           27         6 -   2                -1.441
           28         7 -  27                 -.234
           29         7 -  26                 -.019
           30         7 -  15                  .112
           31         7 -  22                  .228
           32         7 -  24                 -.113
           33         7 -  23                 -.073
           34         7 -  17                  .098
           35         8 -  11                 1.493
           36         8 -  10                 -.306
           37         8 -   9                  .000
           38         8 -   6                -1.187
           39        10 -  12                -1.221
           40        10 -  11                  .825
           41        10 -   8                  .397
           42        11 -  28                 -.922
           43        11 -  12                  .422
           44        11 -  10                 -.452
           45        11 -   8                 -.825
           46        11 -   6                  .162
           47        11 -   2                  .019
           48        11 -   1                  .100
           49        11 -  13                 1.497
           50        12 -  28                 -.859
           51        12 -  11                  .571
           52        12 -  10                  .289
           53        13 -  16                 -.472
           54        13 -  28                  .016
           55        13 -  11                 -.817
           56        13 -   1                 1.273
           57        15 -  14                 -.011
           58        15 -  26                 -.511
           59        15 -   7                -1.943
           60        15 -  22                 1.049
           61        15 -  25                  .770
           62        15 -  16                  .646
           63        16 -  15                -1.498
           64        16 -  25                  .297
           65        16 -   1                  .788
           66        16 -  13                  .859
           67        16 -  28                 -.446
           68        17 -  27                  .322
           69        17 -   7                 -.851
           70        17 -  23                  .737
           71        17 -  18                  .431
           72        17 -  19                 -.638
           73        18 -  21                -1.016
           74        18 -  19                 -.182
           75        18 -  17                  .351
           76        18 -  23                  .838
           77        18 -  20                  .009
           78        19 -  21                  .134
           79        19 -  27                 -.366
           80        19 -  17                  .485
           81        19 -  18                 -.253
           82        20 -  21                  .000
           83        20 -  18                  .132
           84        20 -  23                 -.132
           85        21 -  20                  .255
           86        21 -  18                 1.288
           87        21 -  19                 -.213
           88        21 -  27                -1.331
           89        22 -  24                  .978
           90        22 -   7                 -.613
           91        22 -  15                -1.705
           92        22 -  25                  .917
           93        22 -   5                  .423
           94        23 -  20                 -.046
           95        23 -  18                 -.006
           96        23 -  17                  .245
           97        23 -   7                 -.388
           98        23 -  24                  .195
           99        24 -  23                  .772
          100        24 -   7                -1.231
          101        24 -  22                  .459
          102        25 -  15                 -.195
          103        25 -  16                  .415
          104        25 -   1                -1.147
          105        25 -   4                  .109
          106        25 -   5                  .560
          107        25 -  22                  .258
          108        26 -  27                  .406
          109        26 -   7                 -.354
          110        26 -  15                 -.051
          111        26 -  14                  .000
          112        27 -  21                 1.346
          113        27 -  19                -1.377
          114        27 -  17                 1.693
          115        27 -   7                -1.052
          116        27 -  26                 -.611
          117        28 -  16                 -.441
          118        28 -  13                  .228
          119        28 -  11                 -.055
          120        28 -  12                  .267


      COMPRIMENTO    ME   MV          RESÍDUOS

            1         6 -  11                 -.024
            2        18 -  19                  .016


        AZIMUTE      ME   MV          RESÍDUOS

            1        10 -   8                 -.183
            2        20 -  21                 -.071


            VARIANCIA DA UNIDADE DE PESO =  1.705

            NUMERO DE GRAUS DE LIBERDADE =    44


                  COORDENADAS COMPENSADAS


      PONTO   DELTA M    DELTA P         M            P

          1     4.9696    3.5247     11742.4866  -283760.6103
          2    24.4190   -2.8215     12391.3410  -287702.7535
          3    21.3777   -2.9763     11711.1137  -291768.4133
          4    14.6820    -.2154      8022.7430  -289247.8674
          5    27.3804    4.5246      6529.1344  -289854.2374
          6    13.0202   22.6662     15324.5972  -292748.7128
          7    16.5805    7.6208     -2867.0645  -282401.6022
          8    11.3770   *******     20696.3200  -289504.9952
          9    12.8641   12.7610     22394.9571  -291854.7570
         10     6.0700    4.5585     21874.7370  -283693.0985
         11    21.6897   15.2082     17796.2727  -284937.5058
         12    21.6378   -9.1170     19688.6638  -278362.2780
         13    17.2701    3.6886     13422.4571  -280906.3914
         14    16.3067   -2.2749      1946.3907  -278644.1429
         15    18.4534    -.9588      6410.9544  -278554.0368
         16    22.1161     .1475      9572.0731  -278594.1265
         17    32.7226    7.3188     -5978.1164  -281302.7012
         18    22.8157    3.1718     -8564.5463  -283226.3992
         19     8.5636    3.0943     -8373.3244  -278925.2057
         20    18.1022   -7.1540    -12208.3068  -286012.3670
         21    24.8691    9.3600    -10127.7929  -276349.8280
         22     6.2370   -2.2595      2602.8420  -285739.1285
         23    35.8838   -9.2713     -4469.4062  -285149.6873
         24    22.7242   11.7748     -2549.7788  -286734.9762
         25    32.1280   *******      6404.3510  -283568.7870
         26    14.1834   -4.1489      -473.1716  -278907.0629
         27     1.4743     .0624     -3270.7447  -277326.0326
         28    PONTO FIXO            14053.9570  -278736.9830
