   1.005924007535060E-003
   5.512824141270006E-005
   7.685230583435869E-004
   1.114547775286603E-003
   3.922217297958607E-004
   1.686737466709787E-003
  -1.953129409797000E-004
   7.326146481715379E-004
   5.266875828906488E-005
   1.326010756851110E-003
   1.187261930965859E-003
   7.172780917566135E-004
   2.052288460279944E-003
   3.281734286076126E-004
   2.995215392732273E-003
  -5.527253562693178E-004
   7.107415865952936E-004
  -4.311268817585454E-004
   1.299214817402670E-003
  -2.437368607850505E-004
   1.910506743619806E-003
   5.928737095049512E-004
   5.215691485385796E-004
   1.085749317116495E-003
   3.632603747243290E-004
   1.564789349869599E-003
   3.181326971576264E-004
   1.261358430425696E-003
  -5.270553654309237E-004
   3.538229500980582E-004
  -6.244180164034106E-004
   9.222534864088996E-004
  -6.785447693439543E-004
   1.204206852175877E-003
  -2.319345325483101E-004
   1.202334525742618E-003
   1.972774951973122E-004
   5.808629901558037E-004
   6.177916710497837E-004
   5.171853500581591E-004
   1.032528211552593E-003
   4.990629912561155E-004
   7.984492399436535E-004
   2.464222759493471E-005
   1.385899765231448E-003
  -7.430506127866069E-004
   2.118746839064666E-004
  -9.926911089654005E-004
   8.276618478879204E-004
  -1.201294804736987E-003
   1.123249021578662E-003
  -6.562580271315073E-004
   1.305173767592305E-003
  -6.558619527429876E-006
   1.667598688611704E-003
   1.441082650897966E-003
   6.897677042690344E-004
   2.340195706636149E-003
   2.125999446059464E-004
   3.043273427331438E-003
  -5.674413242622441E-004
   1.592112875296511E-003
  -9.056597254116205E-004
   1.024436450701433E-003
  -1.432212159394054E-003
   4.126446939536172E-003
  -3.861343001797198E-004
   1.013814345101861E-003
   3.355302645514660E-005
   1.533259895068657E-003
   6.316287004007790E-004
   1.945490031499441E-003
   7.352888973287504E-004
   1.062797062424086E-003
   8.611670564053363E-004
   8.488803176803026E-004
   1.113862939810510E-004
   2.556745076822927E-003
  -9.237388661183957E-004
  -2.288254578236715E-004
  -1.280095882468737E-003
   2.638010422485808E-004
  -1.580815097723512E-003
   6.042062276531817E-004
  -9.126423605162050E-004
   8.677224346522040E-004
  -1.949683040173010E-004
   1.345831194572183E-003
  -1.865007101387975E-003
   2.595196056269335E-004
   4.357518976193023E-003
  -3.679691037525565E-005
  -5.402914315016446E-004
  -4.488249524033208E-004
  -5.102847408723372E-004
  -8.572042126856422E-004
  -5.460463882132728E-004
  -7.126139175391215E-004
  -7.133212077753529E-005
  -7.890076919374312E-004
   1.279656647821357E-004
  -8.054646475169811E-004
  -8.942240970833434E-004
   2.708941587058573E-004
   1.929680308944401E-003
   1.566489255574284E-003
   3.969556717438257E-004
   2.210134500661654E-003
  -2.945918921680119E-004
   2.592373856302723E-003
  -1.031207221154001E-003
   1.313128344336835E-003
  -1.110561860176719E-003
   7.252024044235504E-004
  -1.546581868413351E-003
   3.492624736902403E-003
  -6.541287499694441E-004
  -1.955701962576789E-003
  -4.611585189942903E-004
   4.082642729546975E-003
  -1.997480457425832E-004
   1.273218012163696E-003
   4.625993009493368E-004
   1.654438839729246E-003
   1.302041107790066E-003
   1.916205136803914E-003
   1.104037216106217E-003
   8.938148215285142E-004
   1.176230402545420E-003
   5.683680964657076E-004
   9.337767053446854E-004
   2.789383750327512E-003
  -9.847543998838250E-005
  -1.195156352550817E-003
   1.023757265572504E-004
   4.071428896174282E-003
   1.554256121326883E-003
   4.048220993018709E-004
   2.186916984428966E-003
  -3.074769807459422E-004
   2.538504833033158E-003
  -1.021539043245385E-003
   1.303940335643926E-003
  -1.096918452085773E-003
   7.245038848607035E-004
  -1.526895492483488E-003
   3.368289682984451E-003
  -6.914824418392377E-004
  -1.933044852103566E-003
  -4.687434700296482E-004
   4.189638900554487E-003
   6.560475616137457E-004
   5.750771289554925E-003
  -1.421848010823526E-004
   1.451206853584135E-003
   7.057820900133683E-004
   1.854099913043184E-003
   1.768025323566407E-003
   2.032490525019465E-003
   1.352774346619992E-003
   8.662627710115683E-004
   1.395175040497027E-003
   4.601444480180656E-004
   1.581124715931004E-003
   3.151532643272855E-003
  -2.542076706623590E-004
  -1.410376434364036E-003
   2.548269931773535E-004
   4.064253062499436E-003
  -5.057571310711442E-004
   5.892022786047576E-003
   1.626998682472782E-003
   3.447447890088223E-004
   2.245524810331656E-003
  -3.925158772974034E-004
   2.571992340928482E-003
  -1.175000673284640E-003
   1.277799182521634E-003
  -1.182330271383105E-003
   6.778643138762814E-004
  -1.606832318188729E-003
   3.525160043546534E-003
  -8.676899779535572E-004
  -2.017977239372562E-003
  -3.988013761218067E-004
   4.182919123755864E-003
  -3.063847588991446E-004
   4.142903791909512E-003
  -8.313831726939687E-005
   4.468857570247026E-003
   7.102069816303256E-005
   1.376307051439704E-003
   9.029759943802956E-004
   1.598523564537159E-003
   1.779345298702986E-003
   1.562675532143644E-003
   1.302128193823932E-003
   6.389287012927256E-004
   1.320198147931805E-003
   2.583682859456291E-004
   1.778817779451456E-003
   2.373590337129404E-003
  -4.671251396677712E-004
  -1.307176473935578E-003
   1.024651174150250E-003
   3.175785416199639E-003
   1.106491418783589E-003
   3.634324785603407E-003
   9.160817191149832E-004
   3.841846426636141E-003
   1.384274617134102E-003
   2.137259889095648E-004
   1.817897520666957E-003
  -3.730146235423235E-004
   2.054019697214544E-003
  -9.368634449537412E-004
   1.028492132536893E-003
  -9.589904232837043E-004
   4.896346837415531E-004
  -1.310554661488491E-003
   2.722815527570270E-003
  -6.611748725034747E-004
  -1.649221372060080E-003
  -2.410742608899684E-004
   3.129475185559946E-003
  -1.374920030182933E-004
   3.175215566409907E-003
  -7.035432645317311E-005
   3.241128792845884E-003
   4.216437715127459E-004
   2.697267924146056E-003
  -1.838611942642313E-005
   1.128868510552875E-003
   5.778811741604516E-004
   1.398468735228183E-003
   1.248400571492565E-003
   1.439904803624174E-003
   9.739382824142818E-004
   6.793799801644170E-004
   1.023911042968504E-003
   3.966295090393855E-004
   1.128967903546933E-003
   2.073408970546499E-003
  -2.584876386388214E-004
  -1.003393681369926E-003
   4.609932561869519E-004
   2.642329054220703E-003
   5.129917300109426E-004
   2.983841288156846E-003
   3.122129455631238E-004
   2.765432044924977E-003
   1.311328271286361E-004
   2.260908508027406E-003
   1.494343219284092E-003
  -6.794339105656274E-005
   1.728571029070000E-003
  -7.345003361894119E-004
   1.725971508360274E-003
  -1.383183098528526E-003
   7.536020934880547E-004
  -1.132283958616312E-003
   1.946876706032960E-004
  -1.402417999543701E-003
   2.477704588938901E-003
  -1.349665187196292E-003
  -1.707251736570636E-003
   1.052275820261524E-004
   3.242278282219915E-003
  -1.130405154204751E-003
   3.180941710091701E-003
  -1.115150458597609E-003
   3.514503253011337E-003
  -3.932008821913274E-004
   2.783489348422773E-003
  -5.205793896575250E-004
   3.794093787052683E-003
   5.306323369285677E-004
   1.453303444800019E-003
   1.569877007452614E-003
   1.330772792020209E-003
   2.505110892107516E-003
   1.058889601402790E-003
   1.656114429411573E-003
   1.813527388044579E-004
   1.534799306365873E-003
  -3.045191139779642E-004
   2.838856052438506E-003
   1.895442927158057E-003
  -1.173207310875159E-003
  -1.437201975972267E-003
   2.395519206140740E-003
   2.811540492315014E-003
   2.442084033684538E-003
   3.313935011704638E-003
   2.376576008757841E-003
   3.612101455803836E-003
   1.523840085060953E-003
   2.648972310191894E-003
   6.894339935051404E-004
   4.918758377181546E-003
   1.082113926974829E-003
  -1.966135276685891E-004
   1.049300293890557E-003
  -4.783912152940712E-004
   9.705291582744871E-004
  -8.649246769200001E-004
   4.000483294372639E-004
  -6.657491907892447E-004
  -3.266172748440843E-005
  -8.310521524262453E-004
   1.308179999718275E-003
  -8.447706942574973E-004
  -1.045993465195200E-003
   2.634270931913009E-004
   1.669691961530022E-003
  -7.547528694989424E-004
   1.653390651601140E-003
  -7.980037663679241E-004
   1.772156743510107E-003
  -5.105430640003208E-004
   1.570373358643168E-003
  -4.607022775398906E-004
   1.875693995889172E-003
  -6.925780179990172E-006
   1.498028512751153E-003
   2.793254801481600E-004
   9.025290290166909E-004
   8.189395982148308E-004
   8.352487603161194E-004
   1.307456086082776E-003
   7.192583740944405E-004
   8.829383145472198E-004
   2.271852545481359E-004
   8.396483039241379E-004
  -3.138529044123564E-005
   1.431843758080602E-003
   1.164307811601884E-003
  -7.237645164911009E-004
  -7.134561713367484E-004
   1.180799258950789E-003
   1.627945265664542E-003
   1.203554996312012E-003
   1.868155479938196E-003
   1.143726764303065E-003
   1.894354266563176E-003
   8.385195759061120E-004
   1.503867430940889E-003
   5.002105825743935E-004
   2.297055990519707E-003
   8.522212910111910E-005
   1.555398340691697E-003
   4.137485971047196E-004
  -4.405034968134598E-004
   1.820280091554227E-004
  -6.624637759753160E-004
  -6.344428886455991E-005
  -8.518309135269932E-004
  -2.348128898468929E-004
  -5.377729318821285E-004
  -6.056843983659994E-004
  -5.821254986466653E-004
   1.050512059262824E-004
  -1.019256775319653E-003
   7.236317186364508E-004
  -8.468306654085935E-004
   4.685299348285962E-004
  -1.147660102148863E-003
   4.458111599530749E-004
  -1.277167248664537E-003
   5.556922229015373E-004
  -1.095947316312060E-003
   5.461612350004217E-004
  -8.922253952581571E-004
   9.124939190331504E-004
  -9.115520544266164E-004
   7.647861298182054E-004
  -3.940043777303967E-004
   1.291167094622528E-001
   4.467190498917653E-004
  -1.845854311125560E-004
   3.225636157003628E-004
  -3.520920001160469E-004
   1.700609922155115E-004
  -5.498439009532877E-004
  -6.076985422679412E-005
  -3.241229313668192E-004
  -3.490456973148274E-004
  -3.685603651385543E-004
   3.580815253371143E-004
  -6.414845074440160E-004
  -8.950948807804495E-004
   8.985587350839946E-004
   6.613396061165914E-004
  -6.866395682226151E-004
   6.448477022623550E-004
  -7.687448501841743E-004
   7.392184725013005E-004
  -5.849421760365968E-004
   6.692361202443277E-004
  -4.669990688131571E-004
   9.539319588459239E-004
  -3.166486068559891E-004
   7.443792774382809E-004
  -1.739682523452397E-005
   9.267673567131138E-003
   1.982732712175860E-003
  -1.218356014647508E-004
  -4.398636285354931E-004
  -4.259610447977479E-004
  -4.067400607844087E-004
  -7.183419957232587E-004
  -3.956490540506401E-004
  -5.576969431230678E-004
  -6.922623233512455E-005
  -5.899720786648422E-004
   7.923083971940683E-005
  -7.193171414035597E-004
  -6.500898650505185E-004
   3.874979001232981E-004
   8.006736744317399E-004
  -5.091930969270768E-004
  -8.801241325366194E-004
  -5.128517960691763E-004
  -1.033497521413613E-003
  -4.757328184141371E-004
  -9.911949580044368E-004
  -3.341400141158766E-004
  -7.713405931809955E-004
  -1.150726423984964E-004
  -1.155241559390435E-003
   5.263851072694555E-005
  -6.315724341005736E-004
   1.010122129596838E-003
   4.511098176413240E-004
   7.942947622866452E-004
   5.592940710988192E-004
   2.228527986817135E-004
   6.907001312790652E-004
   5.024229329850657E-005
   7.802162942472262E-004
  -1.645238421560213E-004
   4.034395677004229E-004
  -2.023496770545241E-004
   1.868335880329632E-004
  -3.514880780598997E-004
   9.810173887446795E-004
  -4.655112851733691E-005
  -1.063536484556742E-003
   1.928204833220594E-004
   1.117720898611332E-003
   1.035719047199758E-004
   1.105369757490669E-003
   1.479825660391026E-004
   1.169958010648755E-003
   3.057785948570628E-004
   9.741517680166626E-004
   2.368176951228055E-004
   1.078234160720169E-003
   7.299171265035893E-004
   7.207332587483994E-004
   5.795750394227570E-004
   7.554776876600325E-004
   8.316801351451774E-004
  -8.134501153608474E-005
   9.384459472985523E-004
   5.031724854569584E-004
  -3.871512973467289E-004
   2.109202082540919E-004
  -5.360982486900031E-004
  -7.731804305634097E-005
  -7.267370377980490E-004
  -2.381794189910446E-004
  -3.628496645553944E-004
  -4.783191650738641E-004
  -3.340398268443420E-004
   6.231041553706628E-005
  -9.206426875176512E-004
  -3.207472497165580E-004
   6.415704932537771E-004
   3.920011692830555E-004
  -1.085116082050710E-003
   3.738603845012975E-004
  -1.230288941918687E-003
   4.663339164822563E-004
  -1.078822399344900E-003
   5.092350901609871E-004
  -8.504909444943620E-004
   8.525747728994424E-004
  -1.027521010234767E-003
   8.200821566385823E-004
  -4.353065871708580E-004
   8.173852149649399E-004
   6.343464043502613E-004
   3.902002797752444E-004
   3.050446432759495E-004
   1.084480332953362E-003
   6.269184403996883E-004
   5.320931505363362E-004
   9.637448019258250E-004
   3.565975707708377E-004
   1.244757610203614E-003
   1.261869651044304E-004
   7.499499086438805E-004
  -1.149268335633934E-004
   5.666646789038252E-004
  -3.489282653169063E-004
   1.461745670972334E-003
   4.108910627674429E-004
  -1.097791053427371E-003
  -3.092289072003795E-004
   1.468127694060694E-003
   7.222410835947854E-004
   1.461928598392539E-003
   8.661972865536838E-004
   1.500279979202571E-003
   1.012059190708794E-003
   1.197841658931589E-003
   7.874534819665169E-004
   1.151230675731731E-003
   1.569249151633285E-003
   6.710315958395648E-004
   1.039421641172040E-003
   1.929974451783827E-004
   4.814636746588884E-004
  -4.136240991171488E-004
   9.022861521329182E-004
   1.420075778565791E-006
   1.197132622840254E-003
  -1.099489119842812E-003
  -3.475160820652734E-004
  -1.548361191929750E-003
   2.136524192070210E-004
  -1.930293966487803E-003
   6.132252276099477E-004
  -1.130846426189256E-003
   9.539739145217338E-004
  -3.408661066870884E-004
   1.512779815994972E-003
  -2.264748071391732E-003
   1.857731830387998E-004
   4.976679527267138E-003
   3.827203595091302E-004
  -2.349989453699866E-003
  -2.556374333882147E-004
  -2.323657243645663E-003
  -4.535734029614330E-004
  -2.419568319432502E-003
  -6.976050290398633E-004
  -1.973507850788529E-003
  -4.308048558763973E-004
  -2.019454961932714E-003
  -1.543436443554563E-003
  -1.230409925181702E-003
  -9.622831399514923E-004
   1.642382274752533E-003
  -1.057486927452872E-003
   4.914626980272967E-004
  -1.317357119534318E-003
  -3.392455648048735E-004
  -1.384522233233976E-003
   6.154691297895849E-003
  -4.221306215932171E-005
  -6.941079395405858E-004
  -5.422691707937773E-004
  -6.825330810093590E-004
  -1.036704557581248E-003
  -7.277848643747742E-004
  -8.638089522475143E-004
  -1.549313668948732E-004
  -1.006552898799533E-003
   6.657954060982707E-005
  -9.752137879694987E-004
  -1.146597154490213E-003
   3.104175310975514E-004
   2.264031800420134E-003
  -5.571509917490435E-004
  -1.510145235086005E-003
  -5.669065870407457E-004
  -1.770555614383632E-003
  -4.811411136220091E-004
  -1.644627606546898E-003
  -2.903548794498286E-004
  -1.275016259471371E-003
   1.319659976041827E-004
  -1.803172831421231E-003
   3.189473337034620E-004
  -9.198132270363661E-004
  -1.235825084675471E-003
   1.065949793935459E-003
   9.934691941261785E-004
   1.870960442788238E-004
   7.854116636015017E-004
  -4.289931554972911E-004
   3.315312671524433E-004
   2.903767304950963E-003
  -1.155729780613965E-003
  -3.106195010012813E-004
  -1.590856389935606E-003
   2.820526135047192E-004
  -1.956266914633013E-003
   7.061282203168848E-004
  -1.127405580864576E-003
   1.022904683219969E-003
  -2.814551956082224E-004
   1.596764239784385E-003
  -2.312431044203967E-003
   2.869561341418828E-004
   5.199060461493396E-003
   2.172150830586381E-004
  -2.433236959836734E-003
  -1.504435333019359E-004
  -2.404550445400080E-003
  -3.395562143412764E-004
  -2.512171422877596E-003
  -6.053784306808416E-004
  -2.057142653258117E-003
  -3.525958650416839E-004
  -2.137657993138807E-003
  -1.483381248137024E-003
  -1.320700646048299E-003
  -9.393121233777028E-004
   2.044084371678712E-003
  -1.204245244251867E-003
   4.288057703440025E-004
  -1.402699799085213E-003
  -4.187429708120510E-004
  -1.421989809393829E-003
   6.474502622525680E-003
   6.053230996079668E-005
   7.086294169924006E-003
  -1.093889404610871E-004
  -8.144121419871347E-004
  -6.876274079731951E-004
  -7.866523026442931E-004
  -1.255127749361301E-003
  -8.149415483146167E-004
  -1.019805874093389E-003
  -1.643858961493572E-004
  -1.168845678579073E-003
   9.814083154726333E-005
  -1.207159973896011E-003
  -1.299670517719713E-003
   5.472816995068427E-004
   2.481977124093475E-003
  -7.500190677190043E-004
  -1.725319877713847E-003
  -7.595134486595999E-004
  -2.023938110785020E-003
  -6.698280710729637E-004
  -1.898010809539117E-003
  -4.340557297866716E-004
  -1.473977936928792E-003
   3.089822658887164E-005
  -2.122144238371959E-003
   2.792779575462185E-004
  -1.110276255369386E-003
  -1.052285807348224E-003
   1.092362550808125E-003
   1.127989682755372E-003
   9.201213653620643E-005
   8.508969155908093E-004
  -5.935612810092384E-004
   7.098250925038195E-004
   3.174039565730561E-003
   4.667953811168537E-004
   3.670998592218388E-003
  -1.179971748577564E-003
  -4.469024800579786E-004
  -1.697881914832389E-003
   1.403578473432863E-004
  -2.143189010992552E-003
   5.636741943403529E-004
  -1.275765831226674E-003
   9.698065052493414E-004
  -4.717973532182079E-004
   1.572672883730893E-003
  -2.497199322533729E-003
   7.683332045168159E-005
   5.223129954301850E-003
   5.827171023776261E-004
  -2.557004895996503E-003
  -4.217323444654061E-004
  -2.529708782774932E-003
  -6.527511722722102E-004
  -2.625621160937079E-003
  -9.037984443583457E-004
  -2.134415738966340E-003
  -5.902874236185749E-004
  -2.151212743815058E-003
  -1.821370184498143E-003
  -1.295524674285429E-003
  -1.131204943780886E-003
   2.084909491084667E-003
  -1.069715521440755E-003
   5.971877697063914E-004
  -1.429347169745163E-003
  -3.025089620443518E-004
  -1.547741646053150E-003
   6.547855329682736E-003
   5.738178736400094E-004
   6.994469910781248E-003
   1.056241456513698E-003
   7.250688898183391E-003
  -5.056913277670393E-005
  -7.959918584200962E-004
  -6.098028820618761E-004
  -7.941806755977206E-004
  -1.161815408825179E-003
  -8.438325125583223E-004
  -9.669997784912764E-004
  -2.057736121170553E-004
  -1.149833448732380E-003
   3.242016000501473E-005
  -1.095509700899663E-003
  -1.310381133573537E-003
   3.469252270602388E-004
   2.482786913903075E-003
  -6.299260900716512E-004
  -1.716556096316455E-003
  -6.409863089317126E-004
  -2.007187009179574E-003
  -5.453560903962274E-004
  -1.867595379470596E-003
  -3.311048889429957E-004
  -1.454016253916628E-003
   1.404208368678716E-004
  -2.048460478094851E-003
   3.495643218930565E-004
  -1.058744331517169E-003
  -1.452896220584141E-003
   1.170858376987184E-003
   1.120448566787814E-003
   1.771734748966853E-004
   8.774730779277713E-004
  -5.135171809675854E-004
   3.925887302424885E-004
   3.213505912876082E-003
   4.413899761175025E-005
   3.618453261017081E-003
   6.240020082927903E-004
   3.772173431684183E-003
  -1.339831826385126E-003
  -4.786938099612784E-004
  -1.898767836080518E-003
   1.813866930552308E-004
  -2.375781726459881E-003
   6.640716122299125E-004
  -1.401419115276089E-003
   1.092319550756826E-003
  -4.979415622248308E-004
   1.758631538270599E-003
  -2.780930114934222E-003
   1.363284403747006E-004
   5.776760514310590E-003
   5.308304264954048E-004
  -2.872748727888480E-003
  -4.076034515978603E-004
  -2.840892878529538E-003
  -6.548791984153015E-004
  -2.954967434015961E-003
  -9.458642397492606E-004
  -2.409200543510368E-003
  -6.119643784841402E-004
  -2.453263733493975E-003
  -1.977830365496973E-003
  -1.494214449374916E-003
  -1.246966019104332E-003
   3.208665378217139E-003
  -1.307488543162071E-003
   5.937417677489374E-004
  -1.662263506256653E-003
  -3.928769053720255E-004
  -1.752065330983133E-003
   7.512094411450856E-003
   3.636146481080994E-004
   8.216324314558760E-003
   9.584439484586941E-004
   8.333474436792072E-003
   3.823916313665566E-004
   1.078945270471774E-002
  -2.740703146918393E-004
  -1.078265005261531E-003
  -1.028544772741479E-003
  -1.004894742975074E-003
  -1.760163356600501E-003
  -9.893100800166170E-004
  -1.375823694471592E-003
  -1.653149640941080E-004
  -1.524083165304441E-003
   1.959770757568925E-004
  -1.747334682271044E-003
  -1.623683172361185E-003
   1.039979943737821E-003
   3.058033064777374E-003
  -1.207726413699776E-003
  -2.190916240116623E-003
  -1.216132452159574E-003
  -2.575337521786494E-003
  -1.119825985678379E-003
  -2.453808121364694E-003
  -7.792169162211788E-004
  -1.907978858340193E-003
  -2.235553039518025E-004
  -2.834335853304154E-003
   1.712965111006457E-004
  -1.535868378257158E-003
  -1.756000550082229E-004
   1.139643553895106E-003
   1.419654300662940E-003
  -1.353236937103963E-004
   9.849588089440905E-004
  -9.713244530081775E-004
   1.645868838657649E-003
   3.846074580372005E-003
   1.412927533916600E-003
   4.592338393090125E-003
   2.309343809916265E-003
   4.411768169944126E-003
   3.055719277983374E-003
   7.007835153805955E-003
  -1.287338248547647E-003
  -5.093800241695825E-004
  -1.856812807431179E-003
   1.216873871920615E-004
  -2.346945058400379E-003
   5.818523158139244E-004
  -1.400649086356816E-003
   1.029762056524358E-003
  -5.474649030996641E-004
   1.681372125950654E-003
  -2.732240474407610E-003
   4.826656983785863E-005
   5.573528522243825E-003
   6.654331548428567E-004
  -2.792940501809621E-003
  -4.978171460509264E-004
  -2.763243517359052E-003
  -7.521116430125824E-004
  -2.866821533116654E-003
  -1.023510376746791E-003
  -2.330181202063625E-003
  -6.782159287657866E-004
  -2.344022136800540E-003
  -2.024955593824579E-003
  -1.411621041676989E-003
  -1.263527177008865E-003
   2.797166538004301E-003
  -1.175036033882985E-003
   6.480480682378773E-004
  -1.582703714836841E-003
  -3.223945530952040E-004
  -1.714562765188419E-003
   7.156043833505904E-003
   6.128880636995369E-004
   7.724853477811772E-003
   1.205850977662515E-003
   7.954712592239505E-003
   7.131223074437388E-004
   9.740612704808926E-003
   2.965782599001409E-003
   9.209539658224124E-003
   4.678591963453707E-005
  -8.732112809308002E-004
  -5.430450261895791E-004
  -9.283456337424140E-004
  -1.130221418430356E-003
  -1.021312131292193E-003
  -9.844215010907957E-004
  -3.343726260626793E-004
  -1.270413098065131E-003
  -1.212714171285248E-004
  -1.025595153207932E-003
  -1.507461782423423E-003
  -8.465734987976755E-006
   2.754406238852757E-003
  -4.927042387749188E-004
  -1.925354104333816E-003
  -5.080625471557629E-004
  -2.234692487778353E-003
  -3.908538428222532E-004
  -2.055622788328839E-003
  -1.896075862134752E-004
  -1.612612752910356E-003
   3.478141168824591E-004
  -2.182954286915387E-003
   5.106134403731370E-004
  -1.116366830324330E-003
  -2.336066657617402E-003
   1.435401561073340E-003
   1.246270243264149E-003
   3.234993081466070E-004
   1.026930407438110E-003
  -4.595279272537758E-004
  -2.420843070338584E-004
   3.683343855606890E-003
  -8.269858954495771E-004
   4.070645743890813E-003
  -2.048036571034773E-005
   4.309671834398047E-003
  -1.192255698795096E-003
   4.496632113329911E-003
  -4.840035667285783E-004
   5.948571891576480E-003
  -3.691908714368391E-004
   2.787073237909783E-004
  -3.699471787689335E-004
   5.823130552652547E-004
  -3.519359427022611E-004
   7.467782221365732E-004
  -1.130496346066532E-004
   6.947828751978575E-004
   4.540939784927885E-004
   9.132794165829083E-004
  -4.872723270491950E-004
   7.125163806400621E-004
   1.146989289870712E-003
  -1.467997767966687E-004
  -6.517435074000058E-004
   6.608313090062753E-004
  -6.391099617199890E-004
   6.710865271263794E-004
  -7.018600831877422E-004
   5.361330433819886E-004
  -5.981567457874643E-004
   5.137683598459674E-004
  -7.516893137189272E-004
   2.866832056571800E-004
  -5.081138344939117E-004
   2.046300486186695E-004
  -6.802205140196655E-004
  -4.273949321374254E-004
  -9.238519142544084E-005
  -2.248197809485705E-004
  -3.698248046934234E-004
  -8.083373081022134E-005
   1.234178708671633E-003
  -2.657078809292193E-004
   1.319352737437048E-003
  -2.916554884387335E-004
   1.242296468257381E-003
  -3.389246207131221E-004
   1.384853498634603E-003
  -3.201700030418538E-004
   1.307244964613898E-003
  -5.012260211050444E-004
   1.026340247103505E-003
  -2.685273746169437E-004
  -2.723649472618327E-004
  -5.544404390917029E-004
  -9.943960774782682E-005
  -8.244606498143092E-004
  -2.277212895039437E-005
  -5.762895554038988E-004
   2.697565116118858E-004
  -3.566322759745531E-004
   5.124401233557233E-004
  -8.757387040501043E-004
  -2.795634493169541E-004
   1.026977686465334E-003
   8.392201412701564E-004
  -7.420311996984769E-004
  -5.162548242061250E-004
  -7.389544132034985E-004
  -6.579374728974939E-004
  -7.304644056109651E-004
  -6.687785838735539E-004
  -5.577760450929812E-004
  -4.736279227574443E-004
  -4.160926678347134E-004
  -9.181729605824499E-004
  -1.595068235877110E-004
  -4.688768179994046E-004
  -1.002600218766300E-004
   1.817904228840604E-004
   4.210282150465728E-004
  -1.537622212129949E-004
   2.026709589534575E-004
  -3.842341186958685E-004
   1.246862641445015E-003
   9.540667586714311E-004
   1.261678666466152E-003
   1.093207069651614E-003
   1.383008981292791E-003
   1.033745794834218E-003
   1.531767537746809E-003
   1.420186702592087E-003
   1.513509284571143E-003
   1.013265224300767E-003
   2.640042358505940E-004
   7.563864373977601E-004
  -9.921969166048060E-004
  -1.266802986293520E-004
  -1.297913656059333E-003
   4.110207900450123E-004
  -1.545149117803925E-003
   7.856281213912059E-004
  -8.510435291797113E-004
   9.815916218174515E-004
  -4.024458845426704E-005
   1.469002655601083E-003
  -1.860354382917285E-003
   4.783874331215305E-004
   4.673955821357369E-003
  -1.284480735319962E-004
  -2.023679915320505E-003
   1.493028551382596E-004
  -1.997280232349036E-003
   2.185409228911579E-005
  -2.102861498780379E-003
  -2.270075944633786E-004
  -1.735436009622876E-003
  -6.089739466098480E-005
  -1.865597172994774E-003
  -9.626933368908701E-004
  -1.180499924319279E-003
  -6.200879376323350E-004
   1.140679989582107E-003
  -1.150787387926579E-003
   2.385433357236364E-004
  -1.172085913825347E-003
  -4.747259314293475E-004
  -1.102922961490226E-003
   5.440924433896831E-003
  -2.391440487245552E-004
   5.782511415250969E-003
  -4.933513903846591E-005
   5.658841458099099E-003
  -2.949420932186302E-004
   6.358925272506419E-003
   3.053658854934474E-004
   6.056849651554431E-003
  -8.505978881788794E-004
   1.290288306936622E-003
   9.978663284529589E-004
   5.304018263155352E-003
  -2.149393667597062E-004
  -7.269635093265841E-004
  -7.566650212292762E-004
  -6.378838958547353E-004
  -1.282565383481771E-003
  -6.187281226002920E-004
  -9.950759533278795E-004
  -2.540483104962072E-005
  -1.030646888278985E-003
   2.625891331811137E-004
  -1.276900262712818E-003
  -1.079252190059564E-003
   9.731689748361040E-004
   2.113794008072061E-003
  -8.958826603629415E-004
  -1.489829557883917E-003
  -9.007023427461059E-004
  -1.766315013769863E-003
  -8.350197359133608E-004
  -1.684396313461541E-003
  -5.861994426448147E-004
  -1.294684595417804E-003
  -1.956395337832955E-004
  -1.966057461047630E-003
   1.020497202400664E-004
  -1.043168776236974E-003
  -3.264607386149200E-004
   7.943621499377247E-004
   9.880092594370964E-004
  -6.900096358740843E-005
   6.837630485189643E-004
  -6.509637285341182E-004
   1.373300827318250E-003
   2.555366884463050E-003
   1.302363509422579E-003
   2.957057534837335E-003
   1.722627967582060E-003
   2.854319469345926E-003
   1.960307999960397E-003
   3.902304752997647E-003
   1.995887381951781E-003
   2.982001408902959E-003
  -1.193366155083405E-004
   1.105070950135274E-003
   6.188359984657633E-004
   2.741815904848542E-003
  -8.074841572970078E-004
   8.062493919210887E-005
  -9.713531473993166E-004
   5.593104086144671E-004
  -1.089125994187020E-003
   8.785685675479829E-004
  -5.446124540119012E-004
   9.422977254554806E-004
   2.339501141186833E-004
   1.336491514777250E-003
  -1.358432965088664E-003
   6.938637583085479E-004
   3.899833043249842E-003
  -3.135987760782700E-004
  -1.567054709623703E-003
   4.832679523114590E-004
  -1.543498718747674E-003
   4.233876624576402E-004
  -1.646099818205046E-003
   1.934269490035378E-004
  -1.375069214790546E-003
   2.651812691793093E-004
  -1.557825309608274E-003
  -3.843370888968438E-004
  -1.018476066553694E-003
  -2.606985643235981E-004
   5.734759643098611E-004
  -1.043689040608371E-003
   3.289359926273876E-005
  -8.958958275612647E-004
  -5.297601655049519E-004
  -7.382406852448960E-004
   4.402443090923262E-003
  -4.810271363913413E-004
   4.692832376321387E-003
  -3.947584606092840E-004
   4.525344351513275E-003
  -5.800258934751853E-004
   5.060072111583804E-003
  -2.569328154920595E-004
   4.805645847158214E-003
  -1.054449188727569E-003
   1.271231824967475E-003
   7.039815782299511E-004
   4.397568682212718E-003
   1.954353221828392E-004
   4.110950892080119E-003
  -3.661518170161124E-004
  -7.177624447673892E-004
  -9.200739653338179E-004
  -5.577458628498440E-004
  -1.449629781543407E-003
  -4.794154754217872E-004
  -1.069346253299261E-003
   1.043999055117746E-004
  -9.970936595003314E-004
   4.427121628439537E-004
  -1.495916943698926E-003
  -9.566243130643223E-004
   1.654344707265901E-003
   1.772122569073237E-003
  -1.168099880898497E-003
  -1.390899043438750E-003
  -1.167947398564199E-003
  -1.668899869121330E-003
  -1.124370881290349E-003
  -1.631869768643874E-003
  -8.337912015242241E-004
  -1.242860584264200E-003
  -4.924366774885603E-004
  -2.014088658504541E-003
  -1.057030515503808E-004
  -1.100855103935030E-003
   2.010731669241563E-004
   4.879922564134439E-004
   9.325358887427585E-004
  -3.023496683745462E-004
   5.537032678833913E-004
  -8.205599067337173E-004
   2.170662531185717E-003
   2.111327307404286E-003
   2.184779881379812E-003
   2.472145929730154E-003
   2.495674974034046E-003
   2.342041440357259E-003
   2.817688861211117E-003
   3.281326881510914E-003
   2.791327456067258E-003
   2.341886360398758E-003
   2.799517083289917E-005
   1.202000046771514E-003
   1.549682937543709E-003
   2.450032685690992E-003
   7.802869804562043E-004
   2.649436395445386E-003
  -9.240006677500914E-004
  -4.761989631913379E-004
  -1.421018551976163E-003
  -1.704955929733034E-005
  -1.859547898386714E-003
   3.050541331233753E-004
  -1.150848385793037E-003
   7.262694679784798E-004
  -5.442293392047452E-004
   1.237332432189905E-003
  -2.125551748570524E-003
  -1.520323421417124E-004
   4.376695806740974E-003
   8.142959042777961E-004
  -2.095203198086800E-003
  -6.093921501052315E-004
  -2.076380858862379E-003
  -8.374944905321777E-004
  -2.134686132039145E-003
  -1.011861831334964E-003
  -1.714896236993809E-003
  -6.973737972830349E-004
  -1.648183256007734E-003
  -1.758694837765906E-003
  -9.452824527810297E-004
  -1.052023898805541E-003
   1.401745719790035E-004
  -6.019726152683987E-004
   7.023629240091573E-004
  -1.058039720683196E-003
  -8.203227001143720E-005
  -1.280606525128127E-003
   4.891353119954714E-003
   1.161496380542361E-003
   4.952185654063090E-003
   1.502599403844973E-003
   5.137105887118292E-003
   1.397867377598135E-003
   5.392419368121661E-003
   2.059815439391777E-003
   5.355532180925042E-003
   1.414649481318749E-003
   9.467458377711795E-004
   1.202102493936462E-003
   4.465101046180340E-003
   1.619407385631205E-003
   3.599339019127676E-003
   2.166593560678702E-003
   5.167861710759393E-003
   2.095640444131694E-004
  -3.681604482677822E-004
  -6.213533799204938E-005
  -4.391451671589873E-004
  -3.466454468633510E-004
  -5.584452081944344E-004
  -3.916354469086790E-004
  -2.027809505738508E-004
  -5.807890811821883E-004
  -1.252927819650028E-004
  -2.241332336147601E-004
  -7.813092316357233E-004
  -3.032744282753404E-004
   1.490344238066571E-003
   1.051790025013774E-004
  -9.563329605288756E-004
   9.299552455755106E-005
  -1.107179808494174E-003
   1.765695887839967E-004
  -9.606477458076834E-004
   2.202703441799476E-004
  -7.469357002614093E-004
   5.408354028365406E-004
  -8.888110433843381E-004
   5.132745064196033E-004
  -3.704211439448311E-004
  -2.883694759583818E-003
   1.036546508425043E-003
   6.317627508858379E-004
   5.199231223589333E-004
   6.478398625144572E-004
   8.855448874273653E-005
  -4.729130790117139E-004
   1.866887096332278E-003
  -7.116082063998162E-004
   1.989151464380072E-003
  -4.518827793924590E-004
   2.109887481058864E-003
  -8.308758220350558E-004
   2.153476237726643E-003
  -6.035637279425010E-004
   2.591253531502501E-003
  -2.899471799521131E-004
   5.202729020646630E-004
  -6.993587712798939E-004
   1.511947704342765E-003
  -7.162032051981614E-004
   1.151093526773749E-003
   3.688853026747109E-004
   1.681714775345414E-003
  -1.044306941599216E-003
  -5.348004607640893E-004
  -1.592939251917364E-003
  -2.476735355466926E-005
  -2.075621029149909E-003
   3.395431904219522E-004
  -1.280177854460462E-003
   8.005643385482970E-004
  -6.125303595141327E-004
   1.365078399031464E-003
  -2.377594180440818E-003
  -1.650207853564805E-004
   4.754577149758053E-003
   8.941800384880422E-004
  -2.353673280082382E-003
  -6.713503258866858E-004
  -2.332011341297675E-003
  -9.223387869760200E-004
  -2.400087335694219E-003
  -1.121364757250735E-003
  -1.931512713501912E-003
  -7.758673637751025E-004
  -1.866993013170749E-003
  -1.960586512358704E-003
  -1.079760423254316E-003
  -1.185240880231447E-003
   8.528416635726932E-004
  -7.322732918527891E-004
   7.457639514858747E-004
  -1.228755232357824E-003
  -1.146651693201714E-004
  -1.458768711826612E-003
   5.669783887729916E-003
   1.118150039087811E-003
   5.810564699298291E-003
   1.577187021227977E-003
   6.094828153956382E-003
   1.356834082707699E-003
   6.652316281448185E-003
   2.520671972565597E-003
   6.526320769345870E-003
   1.212265368384584E-003
   1.029718715825767E-003
   1.340127544520249E-003
   4.925975724574824E-003
   1.864868818693016E-003
   3.915566470299951E-003
   2.465986486450844E-003
   5.149807108420797E-003
   1.604284299024930E-004
   5.911257248537448E-003
   1.488590384958773E-004
  -5.701980676060733E-004
  -2.501586701518079E-004
  -6.364311624952087E-004
  -6.558573136387402E-004
  -7.466111147765148E-004
  -6.266959739622463E-004
  -2.581620657507512E-004
  -8.552584747349982E-004
  -1.272827737624565E-004
  -5.394034066496361E-004
  -1.074612584423939E-003
  -2.290096651341508E-004
   2.005091717014381E-003
  -1.272116967965085E-004
  -1.346634330580006E-003
  -1.409095785009304E-004
  -1.560930546959057E-003
  -4.318760130882389E-005
  -1.400574183725826E-003
   6.286479415915611E-005
  -1.094658063152041E-003
   4.718772618798095E-004
  -1.406345434379034E-003
   5.186131197211561E-004
  -6.671424373636522E-004
  -2.664140685761959E-003
   1.215431389071145E-003
   8.822332049123690E-004
   4.517184062173813E-004
   8.045787863209024E-004
  -1.250407107303130E-004
  -5.564383207077145E-004
   2.634906661191986E-003
  -9.231560551114235E-004
   2.814021480289802E-003
  -5.445150337182987E-004
   3.014374391784187E-003
  -1.167659209259592E-003
   2.995166914209132E-003
  -8.004659164604016E-004
   3.778953680824022E-003
  -3.779720802427376E-004
   7.112290771402489E-004
  -8.197012949158890E-004
   2.073614998963925E-003
  -8.813201865097401E-004
   1.597761703004965E-003
   8.707926682665223E-004
   2.101764546568989E-003
   3.885403665065875E-004
   3.020361077703282E-003
   1.163592650934743E-003
  -3.721117695951852E-004
   1.013647044529834E-003
  -6.932261865738878E-004
   8.146008439915103E-004
  -1.104530207912729E-003
   2.670115710412763E-004
  -7.745292771439771E-004
  -1.959491419793177E-004
  -9.038060065844457E-004
   1.171961632192663E-003
  -1.188569991298985E-003
  -1.111789079076651E-003
   4.670479411062644E-004
   1.661224873800471E-003
  -1.205599070310982E-003
   1.627720876038961E-003
  -1.307849055438384E-003
   1.794415470340926E-003
  -9.884324409534621E-004
   1.630280818488668E-003
  -8.266883402120243E-004
   2.096654106134762E-003
  -4.680893615039530E-004
   1.695292501651702E-003
  -1.745713243056067E-004
   9.993623225197197E-004
   9.295033997442111E-004
   1.775182462748622E-004
   8.025788450898404E-004
   1.021318105138668E-003
   6.629520249893488E-004
  -1.295939714483546E-003
   5.669754460667375E-004
  -1.408761909828663E-003
   5.497296962468388E-004
  -1.347013506312067E-003
   6.261671506698210E-004
  -1.567972940209527E-003
   4.886864727572531E-004
  -1.465532906014026E-003
   8.297780564876680E-004
  -6.077228177349172E-004
  -8.448815128433418E-005
  -1.291397021302085E-003
   3.246418026285819E-004
  -1.152782436563204E-003
   8.192912896974146E-005
  -9.377853560504784E-004
   7.107339635306551E-004
  -1.078179038971730E-003
   7.660487096693019E-004
   2.088765391194320E-003
   5.655436638441659E-004
   9.742271942781441E-004
   1.223839256370833E-003
   8.230087934502337E-004
   1.800772877591919E-003
   5.918032362325285E-004
   1.166805281606602E-003
   4.880973307958659E-005
   1.028555164546992E-003
  -2.970399590231333E-004
   2.048372079202994E-003
   1.123894704155015E-003
  -1.100781508487332E-003
  -8.598510078185994E-004
   1.844573949062036E-003
   1.696160667490436E-003
   1.859053498121180E-003
   1.994977373283659E-003
   1.845568197207252E-003
   2.155122699438768E-003
   1.344684512909306E-003
   1.643719116468529E-003
   1.007420454719649E-003
   2.979836675606467E-003
   3.388058664515708E-004
   1.643663565515187E-003
  -3.703808682536669E-004
   7.622146274009841E-005
  -7.737019972525101E-004
   8.038428361685287E-004
  -5.122629189434326E-004
   1.371404683391832E-003
  -1.422089769413330E-003
  -1.100853494743245E-003
  -1.409295156372937E-003
  -1.339052383577952E-003
  -1.638892757899545E-003
  -1.264382702339500E-003
  -1.813488033352262E-003
  -1.875549379972108E-003
  -1.819782029584595E-003
  -1.307159956111889E-003
   1.133504565362415E-004
  -6.345258393723501E-004
  -9.969514143083732E-004
  -1.287148825068115E-003
  -5.341807457628221E-004
  -1.391017424788266E-003
  -1.482342616645786E-003
  -3.964281913753577E-004
  -1.667687751676552E-003
  -7.581416510581096E-004
   1.572580486425406E-004
   2.234361652359869E-003
