   9.137902355708836E-004
   4.805868156065027E-005
   6.980541333606803E-004
   1.013650428867783E-003
   3.426942693688368E-004
   1.529591347366361E-003
  -1.653074187741363E-004
   6.516162670263859E-004
   3.330818336224471E-005
   1.173146510642841E-003
   1.085000076348288E-003
   6.209211889390767E-004
   1.851513323315825E-003
   2.456499739829308E-004
   2.684953272842746E-003
  -4.942570446114229E-004
   6.387044867140531E-004
  -4.079118376090257E-004
   1.154759983126071E-003
  -2.714094451108003E-004
   1.733490983463008E-003
   5.378565556110804E-004
   4.585368241954386E-004
   9.733388350593753E-004
   3.047821931001867E-004
   1.392141758989480E-003
   2.751609909435679E-004
   1.138785048774015E-003
  -4.707909284964384E-004
   3.251912838523430E-004
  -5.703326181187943E-004
   8.366717800115115E-004
  -6.356628647394598E-004
   1.099286629319455E-003
  -2.158959289261306E-004
   1.107842008720169E-003
   1.788832785405544E-004
   5.192804379384599E-004
   5.503216010813859E-004
   4.477353397391279E-004
   9.113635961749013E-004
   4.394646115171202E-004
   7.153146589033778E-004
   1.679496331730918E-005
   1.274704127539169E-003
  -6.655327932113531E-004
   2.035032110891590E-004
  -8.979385166596912E-004
   7.605168005382220E-004
  -1.097038080057824E-003
   1.030970425191092E-003
  -5.968898808722766E-004
   1.202812634645202E-003
   8.771876716654846E-007
   1.535103578624040E-003
   1.325797035471580E-003
   5.751152587114436E-004
   2.106325817737385E-003
   1.031927265562494E-004
   2.690864901940440E-003
  -6.045737576950073E-004
   1.394622190098903E-003
  -8.595430514700967E-004
   8.827266176117808E-004
  -1.316007076782665E-003
   3.654577877383714E-003
  -3.354902639370375E-004
   8.965881284098680E-004
   6.702283239134320E-006
   1.329329131541855E-003
   4.983602535637752E-004
   1.727875889319125E-003
   6.356567470397137E-004
   9.527272909547487E-004
   7.512639815514963E-004
   7.709633123101716E-004
  -4.254839330224915E-005
   2.233849528472221E-003
  -7.863272002408653E-004
  -1.790082826247599E-004
  -1.092939563104722E-003
   2.430595000227692E-004
  -1.355308067498794E-003
   5.385829693268382E-004
  -7.769706493152298E-004
   7.652959850176263E-004
  -1.369652977852514E-004
   1.183176824018923E-003
  -1.609137572517738E-003
   2.364441658698342E-004
   3.845018320398271E-003
  -1.891731987178968E-005
  -4.756428388228940E-004
  -3.766662661987287E-004
  -4.373309438023542E-004
  -7.255258869547089E-004
  -4.841839584071634E-004
  -6.228951826081429E-004
  -6.601484398589858E-005
  -7.069152720376162E-004
   1.029360372536664E-004
  -6.496774993943249E-004
  -7.762113906472097E-004
   2.007031052011859E-004
   1.753530208378558E-003
   1.379980416904248E-003
   4.021275488501225E-004
   2.014844119437787E-003
  -1.603893646257019E-004
   2.428019639953722E-003
  -8.435848610353229E-004
   1.226104013405115E-003
  -9.562165080089111E-004
   7.050194775058414E-004
  -1.359810858920472E-003
   3.313715361386111E-003
  -4.386332899395546E-004
  -1.637437559597683E-003
  -4.460090611642537E-004
   3.508186984077657E-003
  -1.991265363978884E-004
   1.179784355619971E-003
   4.081350504957662E-004
   1.535902145009388E-003
   1.180126368868927E-003
   1.789347894297317E-003
   1.011654440321287E-003
   8.422089021145862E-004
   1.086044140125848E-003
   5.461236355339890E-004
   8.206565674015586E-004
   2.593186293538422E-003
  -4.094734243955748E-005
  -1.102734898846684E-003
   9.045457155414747E-005
   3.815775643515353E-003
   1.296436999174426E-003
   5.282472194467268E-004
   2.030678969475377E-003
   7.362777380465989E-005
   2.565918507991805E-003
  -6.076817661902693E-004
   1.327243194279936E-003
  -8.336480657021167E-004
   8.246780323198063E-004
  -1.269460417331405E-003
   3.494241314416158E-003
  -1.002468964399177E-004
  -1.552321685174518E-003
  -5.950057378483558E-004
   3.196228204581514E-003
   6.724006422000747E-004
   3.435224563904193E-003
  -7.634156816367096E-005
   1.223608940860786E-003
   5.915815655801605E-004
   1.472239126141826E-003
   1.417556298045989E-003
   1.668544813655844E-003
   1.128386774512442E-003
   7.071483859647583E-004
   1.166172896863841E-003
   3.759116530940886E-004
   1.116412704492091E-003
   2.552241426569209E-003
  -2.372821828147369E-004
  -1.156562291789535E-003
   6.439668629175839E-004
   3.743811023882009E-003
   8.222610342105038E-004
   4.548892247040797E-003
   1.439867386356294E-003
   3.452063690490269E-004
   2.043943747801978E-003
  -2.673777269971554E-004
   2.395096035642471E-003
  -9.921246968292022E-004
   1.184800908709783E-003
  -1.029496726032208E-003
   6.524448019980177E-004
  -1.419378289597163E-003
   3.323702488016612E-003
  -6.621612926516666E-004
  -1.696267349972577E-003
  -3.771596500423761E-004
   3.624276255080216E-003
  -2.987337564759575E-004
   3.222770531444123E-003
   2.714078900433710E-004
   3.912170707452907E-003
   6.326781913552394E-005
   1.241521452093553E-003
   7.980570162198255E-004
   1.420492721382264E-003
   1.563031150234088E-003
   1.402166346851723E-003
   1.158943996416835E-003
   5.809375947336810E-004
   1.184606702313699E-003
   2.471033685373382E-004
   1.519568994037108E-003
   2.106417333776123E-003
  -3.728372170189090E-004
  -1.162250162198541E-003
   1.038852043593348E-003
   2.950739835335243E-003
   1.380711840011552E-003
   3.107293530785525E-003
   9.195703263626204E-004
   3.500984544611282E-003
   1.230970106270928E-003
   2.138847058145137E-004
   1.653069762955453E-003
  -2.766480604050415E-004
   1.905708701388050E-003
  -7.970731540151666E-004
   9.496373109027764E-004
  -8.386066030951368E-004
   4.684138220577499E-004
  -1.160295404306617E-003
   2.556899447876430E-003
  -5.096111468185720E-004
  -1.389745522230462E-003
  -2.229403335001304E-004
   2.705483483160426E-003
  -1.397841839669716E-004
   2.481401953030395E-003
   1.868883597119660E-004
   2.824071524367233E-003
   4.342342165460407E-004
   2.363780876955900E-003
  -1.413504877022842E-005
   1.013742046713030E-003
   5.031279633000201E-004
   1.235337315021583E-003
   1.078539061475951E-003
   1.287105590744757E-003
   8.593417363327693E-004
   6.157772925708223E-004
   9.117952622212761E-004
   3.704075810891910E-004
   9.261209721450135E-004
   1.828668348645048E-003
  -1.991293971865647E-004
  -8.839568772837043E-004
   5.210012609890800E-004
   2.454116853961650E-003
   8.281242933647418E-004
   2.508671235604752E-003
   3.646086282723744E-004
   2.497751231034774E-003
   1.719726197932091E-004
   2.030744619799018E-003
   1.325306803726159E-003
  -3.563021308640674E-005
   1.574045040602953E-003
  -5.848260316814165E-004
   1.621603653531634E-003
  -1.187598426409309E-003
   7.053404046900437E-004
  -9.874103493426980E-004
   2.067027644203103E-004
  -1.237381203081066E-003
   2.364922285328282E-003
  -1.109036987732567E-003
  -1.438448912137936E-003
   8.610752771669067E-005
   2.758669743198397E-003
  -1.066035904681296E-003
   2.328232985366100E-003
  -6.805405156077008E-004
   3.034707618437251E-003
  -2.979667544847449E-004
   2.410601301809224E-003
  -4.076599492419470E-004
   3.313921321298438E-003
   4.619872258329848E-004
   1.324639399408503E-003
   1.402692036398609E-003
   1.211056544274055E-003
   2.242698759888643E-003
   9.740807995867887E-004
   1.489105142240255E-003
   1.823604215237591E-004
   1.395103865944652E-003
  -2.483427835363406E-004
   2.527980228088689E-003
   1.720868270988088E-003
  -9.649823512707899E-004
  -1.289503145389314E-003
   2.208503454045343E-003
   2.605984258905370E-003
   2.366915142648986E-003
   2.953172577435376E-003
   2.181523214818428E-003
   3.312220084002629E-003
   1.385212502023904E-003
   2.420166881087221E-003
   6.152902457292338E-004
   4.526328361073041E-003
   9.733739879719252E-004
  -1.747654179109850E-004
   9.532073007186753E-004
  -3.999123958424079E-004
   9.005776766144130E-004
  -7.578045180388649E-004
   3.676948579049090E-004
  -5.853418174273510E-004
  -2.345452522164667E-005
  -7.360695858467764E-004
   1.233600276584777E-003
  -7.188960841406161E-004
  -8.869295207687358E-004
   2.493755239443954E-004
   1.417728690098631E-003
  -7.148993188728478E-004
   1.224320879918314E-003
  -5.793818693185396E-004
   1.523279419871642E-003
  -4.520958789099315E-004
   1.366549560248063E-003
  -3.986242927851033E-004
   1.630882122157994E-003
  -3.352307785945127E-005
   1.338644038558797E-003
   2.381055924138077E-004
   8.214916247153409E-004
   7.216966488391832E-004
   7.596239497668079E-004
   1.155444597629350E-003
   6.628769536199842E-004
   7.856133890484792E-004
   2.218770539966943E-004
   7.582264735176731E-004
  -4.100732476387232E-006
   1.253767552873459E-003
   1.055468254275075E-003
  -5.907069390597661E-004
  -6.295385382423229E-004
   1.080103445671464E-003
   1.506226951171662E-003
   1.175016709891959E-003
   1.651598324743540E-003
   1.039280982057934E-003
   1.726321266943730E-003
   7.563983194845291E-004
   1.368262432217945E-003
   4.478487697081456E-004
   2.094582161328653E-003
   6.200898756023588E-005
   1.420059158158794E-003
  -1.082874387786332E-004
  -3.880827103726107E-004
  -3.735256758991811E-004
  -3.491117544078981E-004
  -6.246288780303164E-004
  -3.447701974539433E-004
  -4.922179966719552E-004
  -5.839856429812997E-005
  -5.253206528805247E-004
   7.051459969196610E-005
  -6.113298031506591E-004
  -5.609833972437967E-004
   3.313688449442500E-004
   7.166659263297588E-004
  -4.862717499887764E-004
  -7.995017104958972E-004
  -5.701320656885250E-004
  -8.572504558214434E-004
  -4.499157522741601E-004
  -8.775406358169803E-004
  -3.143142009162661E-004
  -6.781267198823607E-004
  -1.221870136602896E-004
  -1.034916329361438E-003
   4.389254058925691E-005
  -5.620220636882797E-004
   7.558021019937977E-004
   3.402341195484389E-004
  -1.738505934020761E-004
   2.203668492026065E-004
  -2.805127352533139E-004
   8.422584757781403E-005
  -4.451661396381246E-004
  -9.948676785128324E-005
  -2.378261432360575E-004
  -3.317108217527728E-004
  -2.579659527474130E-004
   2.579949681324895E-004
  -5.279268122696190E-004
  -7.457826275050229E-004
   9.592040481070824E-004
   4.182589299896726E-004
  -6.424111649552177E-004
   2.724908696110251E-004
  -5.937090059839770E-004
   4.942983551959559E-004
  -5.378925122257652E-004
   4.680614047233848E-004
  -4.170636843268480E-004
   7.101701580055821E-004
  -3.585380761135187E-004
   5.889117655211325E-004
  -6.110092831740761E-005
   4.042530895314705E-004
   1.225021209520809E-003
  -1.113536171212392E-004
  -3.956670766525904E-004
  -3.814122336787805E-004
  -3.560292246168702E-004
  -6.369816640499822E-004
  -3.510821213998181E-004
  -5.013927271475315E-004
  -5.984103614582180E-005
  -5.353221280797650E-004
   7.130802901445471E-005
  -6.240354630463042E-004
  -5.712127123414255E-004
   3.342173602158564E-004
   7.323731455930300E-004
  -4.970319609632602E-004
  -8.140366857595931E-004
  -5.820779212591946E-004
  -8.730708386260872E-004
  -4.602030729040682E-004
  -8.939547690941544E-004
  -3.218410144477057E-004
  -6.909699243641842E-004
  -1.266515958701661E-004
  -1.055040357463192E-003
   4.299837804240488E-005
  -5.736414472583887E-004
   7.243548641720785E-004
   4.126186925124529E-004
   7.340382900959093E-004
   4.811430797782223E-004
   1.999922349169348E-004
   5.973876640537570E-004
   6.517041239688467E-005
   6.803156114644791E-004
  -1.253867019331667E-004
   3.465091699881264E-004
  -1.577543737309363E-004
   1.617126659896684E-004
  -2.843268919271059E-004
   8.679496650585741E-004
  -1.692513580059560E-005
  -8.841281595394690E-004
   2.100840413132658E-004
   9.306510744132808E-004
   7.957024739108041E-005
   8.453361747538349E-004
   1.895684746969670E-004
   9.822193774338228E-004
   2.731748541149274E-004
   8.226068003584362E-004
   2.182184436370205E-004
   9.110160458058929E-004
   6.289692015157050E-004
   6.194569804732642E-004
   5.071753095828897E-004
  -6.550204448458713E-005
   6.679714012730120E-004
  -6.892333666202000E-005
   8.205855063151941E-004
   4.549969033607082E-004
  -3.470175537457385E-004
   1.960362483820769E-004
  -4.627851042848327E-004
  -5.175003514477205E-005
  -6.432963796391083E-004
  -2.120843208201692E-004
  -3.187641995258372E-004
  -4.331398876182361E-004
  -2.953297736055562E-004
   9.635051281128713E-005
  -8.031936425269361E-004
  -2.770399324652463E-004
   5.893158070830624E-004
   2.852178254157779E-004
  -1.013758794209499E-003
   1.289425517983549E-004
  -1.009514775801372E-003
   3.631197134485735E-004
  -9.754988360009823E-004
   4.224643863143303E-004
  -7.602137934011623E-004
   7.273832055165910E-004
  -9.576035229739538E-004
   7.343388201023868E-004
  -4.039003061509506E-004
   3.495361975711034E-004
   5.401477937191544E-004
   3.549491738484481E-004
   2.651351772589410E-004
   9.950333721252932E-004
   5.469833198006486E-004
   4.826651703020174E-004
   8.490955190786401E-004
   3.385687500983288E-004
   1.102561059799286E-003
   1.350238044783118E-004
   6.636704016048636E-004
  -8.093588174272491E-005
   5.103504922926264E-004
  -2.842687621710365E-004
   1.298666457157555E-003
   3.909652431072994E-004
  -9.102642137467080E-004
  -2.547906038181309E-004
   1.279530019456689E-003
   6.560440322686690E-004
   1.246810859672150E-003
   8.115134258008189E-004
   1.309349243498975E-003
   9.195800128293716E-004
   1.044769121324772E-003
   7.192913014458892E-004
   9.976766284763817E-004
   1.407593922042756E-003
   5.809749977081219E-004
   9.327704951531551E-004
  -3.663928061365345E-004
   3.571588674967818E-004
  -3.753691484763084E-004
   7.880793037168473E-004
  -1.255321260916311E-005
   1.063787664292336E-003
  -8.924857801172374E-004
  -2.546609740549544E-004
  -1.256917361921390E-003
   2.077959144329083E-004
  -1.570269575555960E-003
   5.389200467436349E-004
  -9.119350888821735E-004
   8.143040955978569E-004
  -2.300308645339800E-004
   1.281120307703618E-003
  -1.854573338548313E-003
   1.852005207156590E-004
   4.226977727571150E-003
   2.609455724153134E-004
  -1.876779945203245E-003
  -1.431508478158621E-004
  -1.787851484588187E-003
  -3.675074835759544E-004
  -1.939867330398043E-003
  -5.202062934198772E-004
  -1.586168025304548E-003
  -3.100504736355084E-004
  -1.625883102740423E-003
  -1.197135348953121E-003
  -9.970100951754775E-004
  -7.400008732645233E-004
   3.985886704457985E-004
  -8.657112740915834E-004
   4.019996529504826E-004
  -1.038385961625511E-003
  -2.850262506492928E-004
  -1.086854080887674E-003
   4.973019033949645E-003
  -3.572395376790493E-005
  -6.227980853495076E-004
  -4.775317056609145E-004
  -5.936700769709292E-004
  -9.065005980638721E-004
  -6.471216991812056E-004
  -7.731482158599936E-004
  -1.364030535905902E-004
  -9.155625527939039E-004
   5.642379048314178E-005
  -8.200935512468659E-004
  -1.004917763685566E-003
   2.778709170222452E-004
   2.066286610480128E-003
  -5.721702244344902E-004
  -1.406343164923883E-003
  -7.527124379224779E-004
  -1.474844969240814E-003
  -4.890183207037425E-004
  -1.483515274711358E-003
  -2.960074168856058E-004
  -1.140187516689413E-003
   8.173210847814275E-005
  -1.650447348278169E-003
   2.859256504784582E-004
  -8.341804043336280E-004
   8.973326837339714E-004
   1.133954211575997E-003
   9.171536124809167E-004
   1.892504037309567E-004
   7.193920681462341E-004
  -3.836320166333212E-004
   2.848048415875162E-004
   2.657835986402600E-003
  -9.187569956891618E-004
  -2.063583638983178E-004
  -1.259543028934241E-003
   2.731573519065089E-004
  -1.549014432259797E-003
   6.191121763540715E-004
  -8.802690521254884E-004
   8.635870686668980E-004
  -1.569779690480647E-004
   1.333648454241378E-003
  -1.848530487660434E-003
   2.819323210622397E-004
   4.347503304713099E-003
   8.938037088995491E-005
  -1.891103690538104E-003
  -2.507540742406094E-005
  -1.785019632787298E-003
  -2.510990237504480E-004
  -1.962785207273621E-003
  -4.077716908186806E-004
  -1.613408590414924E-003
  -2.186494425096890E-004
  -1.684921906040522E-003
  -1.092196658371295E-003
  -1.051723261395621E-003
  -6.871358844708020E-004
   3.296203931879489E-004
  -9.941713860895786E-004
   3.312092351432450E-004
  -1.081213870205836E-003
  -3.536001161424517E-004
  -1.081501971811804E-003
   5.114121446863800E-003
   2.886909357042131E-005
   5.498534884889697E-003
  -7.444504111145504E-005
  -7.188051854875847E-004
  -5.754503487441621E-004
  -6.826671644234350E-004
  -1.059668692990871E-003
  -7.293219542019724E-004
  -8.879015546391769E-004
  -1.576818311272988E-004
  -1.047687445403373E-003
   6.136761123309263E-005
  -9.765682637454332E-004
  -1.135268500331792E-003
   4.189515034927812E-004
   2.246575382149127E-003
  -7.044078836080000E-004
  -1.589304717551795E-003
  -8.999019312228226E-004
  -1.673251611634137E-003
  -6.151980189059619E-004
  -1.688335784016139E-003
  -3.890203033419309E-004
  -1.301559747157422E-003
   2.620751188677479E-005
  -1.899578724003100E-003
   2.732660207182205E-004
  -9.802481661429670E-004
   1.008145910971832E-003
   1.188878366845840E-003
   1.030201536319576E-003
   1.354592300093641E-004
   7.832957700100237E-004
  -4.988585893759068E-004
   4.931685982386970E-004
   2.899001770341602E-003
   2.351450238101307E-004
   3.325937993206799E-003
  -9.383284392904392E-004
  -3.283219490170790E-004
  -1.351405315622220E-003
   1.476359878025020E-004
  -1.709559432432401E-003
   4.904472681925139E-004
  -1.010725059849974E-003
   8.136766788151459E-004
  -3.291709237169455E-004
   1.307536621434113E-003
  -2.002256007514780E-003
   9.609736693451154E-005
   4.356750408674229E-003
   4.234989428282855E-004
  -2.008197980635136E-003
  -2.754897277907167E-004
  -1.927715287321944E-003
  -5.152619663622286E-004
  -2.068433629416781E-003
  -6.755731278265101E-004
  -1.684340570222043E-003
  -4.309269868318254E-004
  -1.698976779574441E-003
  -1.397564309621562E-003
  -1.027336725108181E-003
  -8.594003847548077E-004
   4.804541469334228E-004
  -8.566033923602127E-004
   4.852666602368154E-004
  -1.100689615905273E-003
  -2.469612554627368E-004
  -1.192541242573921E-003
   5.158182381922367E-003
   5.029713850971594E-004
   5.382579129501325E-003
   7.754009220594601E-004
   5.592502404043174E-003
  -4.921155160054939E-005
  -7.190593039449374E-004
  -5.465511066152010E-004
  -6.946489257952164E-004
  -1.028322814848831E-003
  -7.513857618525034E-004
  -8.731143703316983E-004
  -1.799535714960824E-004
  -1.051491771120129E-003
   2.961590109030280E-005
  -9.359588578283422E-004
  -1.152807466431694E-003
   3.314185502406412E-004
   2.269525892139521E-003
  -6.594428651602158E-004
  -1.603722460646728E-003
  -8.601478256385461E-004
  -1.682400259079784E-003
  -5.672183509629279E-004
  -1.693475697708724E-003
  -3.480132091800200E-004
  -1.307378914260606E-003
   7.412231420322161E-005
  -1.888160694069663E-003
   3.066849746619585E-004
  -9.692151464093591E-004
   1.015335642945641E-003
   1.244586097830405E-003
   1.037825007213014E-003
   1.726994206345059E-004
   8.029252008375431E-004
  -4.705461918849886E-004
   3.768360677470376E-004
   2.942181188608479E-003
   5.527835483432704E-005
   3.315475990560968E-003
   5.922361160594846E-004
   3.458470554725869E-003
  -9.436964453690068E-004
  -2.737804723705531E-004
  -1.326572760476666E-003
   2.103080249312286E-004
  -1.655427469904054E-003
   5.601977291535723E-004
  -9.607174426606133E-004
   8.483362222423490E-004
  -2.499196480076231E-004
   1.336879837859106E-003
  -1.956414892046927E-003
   1.888374940212942E-004
   4.401089923104221E-003
   2.593110217326750E-004
  -1.981161629772504E-003
  -1.556884491416810E-004
  -1.886315429154432E-003
  -3.922940374328338E-004
  -2.048206349696455E-003
  -5.532684453391670E-004
  -1.675662120381182E-003
  -3.329958946209824E-004
  -1.719541402253074E-003
  -1.267845342767711E-003
  -1.056894939835118E-003
  -7.887788296262575E-004
   4.095290941869850E-004
  -9.475815564707755E-004
   4.126917587171141E-004
  -1.112569524937109E-003
  -3.054154525527687E-004
  -1.158864122931171E-003
   5.208357063567645E-003
   2.629726537346001E-004
   5.508598874000220E-003
   4.849770391703168E-004
   5.559554130298325E-003
   3.574081422018523E-004
   5.920138760577075E-003
  -8.577383526776388E-005
  -8.756875512151026E-004
  -6.770894841076041E-004
  -8.510224724002371E-004
  -1.247674350914874E-003
  -9.072740912669108E-004
  -1.046622136718511E-003
  -2.351730344909317E-004
  -1.271117602900343E-003
   8.642372612921796E-006
  -1.150765158096467E-003
  -1.383678823703725E-003
   4.090330167639739E-004
   2.658584196817890E-003
  -8.294367438277442E-004
  -1.918411419004553E-003
  -1.060491998765413E-003
  -2.017002744599358E-003
  -7.239479982977321E-004
  -2.034468380130407E-003
  -4.573111646193663E-004
  -1.577189462417042E-003
   3.431514396338265E-005
  -2.284581063942563E-003
   3.224045226552025E-004
  -1.195545215161681E-003
   1.204981865734601E-003
   1.394408865531834E-003
   1.231447967945887E-003
   1.287557139719196E-004
   9.300329754566863E-004
  -6.267488601882885E-004
   5.216697613282616E-004
   3.470932441815591E-003
   1.084783822592435E-004
   3.975058392844069E-003
   9.077233089117251E-004
   4.034034667085096E-003
   5.142750727117011E-004
   5.129845236622715E-003
  -9.590124718329774E-004
  -3.390428314704713E-004
  -1.381363682679269E-003
   1.454382245102957E-004
  -1.747530440645548E-003
   4.955711900596692E-004
  -1.033511888802725E-003
   8.260037485869434E-004
  -3.414597979914324E-004
   1.329171564056694E-003
  -2.046623166637370E-003
   9.267106601575650E-005
   4.420637848773593E-003
   4.362512886359782E-004
  -2.052551871930204E-003
  -2.870953073547729E-004
  -1.970443261546394E-003
  -5.320826402676765E-004
  -2.114032660738016E-003
  -6.957742633969040E-004
  -1.721535439143190E-003
  -4.455919093618959E-004
  -1.736228674758403E-003
  -1.433656879255384E-003
  -1.050185958864638E-003
  -8.831348053256947E-004
   4.889426246521601E-004
  -8.846572963378278E-004
   4.937408225501083E-004
  -1.129971618242724E-003
  -2.519791432785440E-004
  -1.223673070167420E-003
   5.251879524226392E-003
   5.154619720988871E-004
   5.498199931947186E-003
   8.045443590118649E-004
   5.667487737491522E-003
   6.711936533183980E-004
   5.793923443269141E-003
   9.120661032587053E-004
   5.980115757449180E-003
  -7.348882301317383E-005
  -8.563408833834064E-004
  -6.519355176974458E-004
  -8.353828028723275E-004
  -1.210660268650393E-003
  -8.947807528151210E-004
  -1.020409647809383E-003
  -2.353509856337631E-004
  -1.244940923222498E-003
   1.213962956111500E-006
  -1.111500190251662E-003
  -1.360410911745176E-003
   3.761041431153258E-004
   2.612457662785298E-003
  -7.944467002765343E-004
  -1.883702836335515E-003
  -1.023297832303340E-003
  -1.978193506673481E-003
  -6.896961581451229E-004
  -1.993637390675164E-003
  -4.311187881170378E-004
  -1.545461765563208E-003
   5.393468469596932E-005
  -2.231772658547749E-003
   3.306408253272352E-004
  -1.164098193346722E-003
   1.183662470291928E-003
   1.393195578463047E-003
   1.209783365786955E-003
   1.454229484700311E-004
   9.201688149473112E-004
  -5.987949332632532E-004
   4.608528339609404E-004
   3.412657381511930E-003
   4.939596947888051E-005
   3.892849598676703E-003
   8.213612143729343E-004
   3.964474000762152E-003
   4.242630357040451E-004
   4.976482621174508E-003
   7.786444203611125E-004
   4.940996255862275E-003
  -3.231407021676107E-004
   2.595901443572624E-004
  -3.270006981763072E-004
   5.257508928595335E-004
  -3.182529819118750E-004
   6.764348324750875E-004
  -9.817873017009811E-005
   6.329620322375482E-004
   4.264454538964484E-004
   8.346894043193313E-004
  -4.511676334313155E-004
   6.368178777421322E-004
   1.026979129373825E-003
  -1.448676236285321E-004
  -5.360323297751685E-004
   6.257313413718263E-004
  -4.448720251249192E-004
   5.575441800032161E-004
  -5.870031841746379E-004
   4.952591670517570E-004
  -5.058052818269476E-004
   4.703376968406102E-004
  -6.398278851329213E-004
   2.883080759129144E-004
  -4.415904221458621E-004
   2.050845208070202E-004
  -8.220951197326746E-005
  -3.304096062647796E-004
  -8.504802745135676E-005
  -1.791483086694239E-004
  -3.298915108979982E-004
  -4.740025580811489E-005
   1.074507955036169E-003
  -2.495432032507260E-004
   1.138701612834162E-003
  -2.881617564973715E-004
   1.064978180541862E-003
  -3.149029859352755E-004
   1.112511520502328E-003
  -3.998604289738248E-004
   1.078451538568567E-003
  -3.979808656415474E-004
   9.467987565234280E-004
  -2.245547166810237E-004
  -2.319443108651969E-004
  -4.725918529681230E-004
  -7.514935433929384E-005
  -7.052769896323919E-004
  -1.523977629761234E-005
  -4.996945233352773E-004
   2.415524017424112E-004
  -3.073075166501025E-004
   4.533611098248754E-004
  -7.378300296705263E-004
  -2.350200856389899E-004
   8.749311662627992E-004
   7.489324340426497E-004
  -6.520165580790307E-004
  -4.620880833112007E-004
  -6.969769683238182E-004
  -5.408147579250179E-004
  -6.366261382523563E-004
  -5.810279106800447E-004
  -4.818552776829670E-004
  -4.066923733028881E-004
  -3.547949292619979E-004
  -7.995094527344471E-004
  -1.248554403294624E-004
  -3.989419187734537E-004
   3.713439325748453E-004
   2.387432367712494E-004
   3.784616355317993E-004
  -1.022011644865589E-004
   1.901632896346651E-004
  -3.138136865835177E-004
   1.008430312210330E-003
   8.671096736406940E-004
   9.916677341603186E-004
   9.654535436944465E-004
   1.097997839099486E-003
   9.462245162404249E-004
   1.060579811780434E-003
   1.090367577053320E-003
   1.121476487190609E-003
   1.066145451755812E-003
   2.323927177143549E-004
   6.700505783149317E-004
  -8.414886783691035E-004
  -8.233296512455802E-005
  -1.100772971058491E-003
   3.747447774312867E-004
  -1.315167554151164E-003
   7.010648912563419E-004
  -7.143884812341665E-004
   8.653429298618090E-004
   1.035406085180564E-005
   1.290291337241073E-003
  -1.600588165616267E-003
   4.319470996732902E-004
   4.111319711506046E-003
  -1.707378312475118E-004
  -1.670359496906393E-003
   1.973249468676371E-004
  -1.550172668162633E-003
  -2.851067542831050E-006
  -1.746796941381307E-003
  -1.468194503655747E-004
  -1.448327880143192E-003
  -1.541122593289254E-005
  -1.561716701739015E-003
  -7.556685063906079E-004
  -1.000199652446661E-003
  -4.861547774642006E-004
   1.929129810455940E-004
  -1.006000799694997E-003
   1.921654050929628E-004
  -9.744173274996793E-004
  -4.167731307654075E-004
  -9.029982923617904E-004
   4.607114996000213E-003
  -2.274838759120910E-004
   4.827842231071816E-003
  -1.394861221425464E-004
   4.697718422595440E-003
  -2.568440916898407E-004
   4.822698172289221E-003
  -3.327688703542034E-004
   4.774556387468929E-003
  -3.542741608016984E-004
   1.155972608339296E-003
   8.407921381190279E-004
   4.666298203767962E-003
  -1.429887957591269E-004
  -6.231167762607074E-004
  -5.995667769838078E-004
  -5.456042049901287E-004
  -1.038042546808952E-003
  -5.562226053906700E-004
  -8.347505684498971E-004
  -4.579673683877924E-005
  -9.001134514592613E-004
   1.858347987936839E-004
  -9.912595746285071E-004
  -9.323394976068813E-004
   7.155336198646861E-004
   1.888482739571551E-003
  -7.623355640570545E-004
  -1.346150047951614E-003
  -9.203913764870068E-004
  -1.436883389094546E-003
  -6.921500700927299E-004
  -1.462538632764311E-003
  -4.698990508308177E-004
  -1.116943943017358E-003
  -1.221803574286673E-004
  -1.699624865175552E-003
   1.430153728776653E-004
  -8.830475685341400E-004
   8.676241105267360E-004
   9.006490312321809E-004
   8.858461195573367E-004
   2.649075331748723E-005
   6.348020726501329E-004
  -5.070318669546441E-004
   9.294994978067883E-004
   2.324262887404333E-003
   7.957085596395755E-004
   2.628936166455632E-003
   1.172262545264871E-003
   2.613383108717815E-003
   1.002756316852785E-003
   3.110170369969505E-003
   1.208968524010731E-003
   3.041004086678738E-003
  -1.444497753587453E-004
   9.434140530403533E-004
   3.693786013140985E-004
   2.355203754479909E-003
  -6.912960215239766E-004
   9.556343056515983E-005
  -8.312707177907558E-004
   5.050361082089444E-004
  -9.371235069980132E-004
   7.880345398684864E-004
  -4.574747459408802E-004
   8.399778296108219E-004
   2.477340507998485E-004
   1.189200266182129E-003
  -1.188292988174026E-003
   6.206502629205101E-004
   3.466271741657235E-003
  -3.238490039769090E-004
  -1.288861684559134E-003
   4.913474059428581E-004
  -1.157417372528654E-003
   3.354908678589116E-004
  -1.367109144077618E-003
   2.150504654162626E-004
  -1.150275096824826E-003
   2.654649242592244E-004
  -1.310333752647700E-003
  -2.622266457121721E-004
  -8.713041641142386E-004
  -1.807939177254442E-004
   1.610882085742957E-005
  -9.155023489551841E-004
   1.269155281132549E-005
  -7.487478503252371E-004
  -4.701055898560513E-004
  -5.985078880281574E-004
   3.781703196796237E-003
  -4.471358617454664E-004
   3.984074578251572E-003
  -4.285467763353628E-004
   3.817986194687855E-003
  -5.233827141844703E-004
   3.947995301897134E-003
  -6.653272416776966E-004
   3.873978945401748E-003
  -6.716593507233918E-004
   1.151164233506709E-003
   5.958804322264410E-004
   3.906896601938090E-003
   4.189508717150882E-005
   3.701843101029753E-003
  -2.835924539423066E-004
  -6.173058467228439E-004
  -7.547089406673498E-004
  -4.767626882156903E-004
  -1.201022779640480E-003
  -4.307617122784029E-004
  -9.076291202327122E-004
   7.390244300793521E-005
  -8.711328020558217E-004
   3.541930959713540E-004
  -1.206938638597057E-003
  -8.269918420348654E-004
   1.347949750632820E-003
   1.576899692586289E-003
  -1.005594995943976E-003
  -1.252581159980020E-003
  -1.132246340009173E-003
  -1.371654905377196E-003
  -9.532834278215206E-004
  -1.419318782986884E-003
  -6.949472917108575E-004
  -1.074614164227349E-003
  -3.908027908879402E-004
  -1.746338728458794E-003
  -4.798950940923775E-005
  -9.386397626426726E-004
   8.185355839591433E-004
   5.810739205122631E-004
   8.345308741133492E-004
  -1.919385279767177E-004
   5.153586740253269E-004
  -6.657577118421951E-004
   1.663557074052113E-003
   1.920501898789684E-003
   1.605533196275663E-003
   2.185195439282817E-003
   1.880103622840764E-003
   2.147810068046715E-003
   1.774742729577823E-003
   2.526836762574315E-003
   1.929435024048794E-003
   2.468166475894797E-003
  -6.825253453586782E-006
   1.036351483932234E-003
   1.232837169773672E-003
   2.086405333680316E-003
   5.824984127849086E-004
   2.276592223522808E-003
  -8.181966518407223E-004
  -4.228901744355498E-004
  -1.265103038608668E-003
  -1.389546069627440E-005
  -1.660892444194034E-003
   2.725017739842724E-004
  -1.028594906879903E-003
   6.527452200173092E-004
  -4.808016730401248E-004
   1.112141634024461E-003
  -1.898986909109876E-003
  -1.396583744919462E-004
   3.967423248413042E-003
   7.204989160991625E-004
  -1.854563186215430E-003
  -5.420975537324489E-004
  -1.820898453332626E-003
  -7.637808431164539E-004
  -1.890192652954132E-003
  -9.051816801605549E-004
  -1.517862300738138E-003
  -6.231876474262885E-004
  -1.453539549191867E-003
  -1.566345794622014E-003
  -8.313571821847490E-004
  -9.319157826338493E-004
   6.320434179582998E-004
  -4.620655072691486E-004
   6.416151907192947E-004
  -9.221616135680098E-004
  -6.350193974380029E-005
  -1.127996841464130E-003
   4.334114172540868E-003
   1.067679534558496E-003
   4.340268564341135E-003
   1.338787710752038E-003
   4.504829581462361E-003
   1.299469720283019E-003
   4.461281943016877E-003
   1.577083402377217E-003
   4.552120077244802E-003
   1.540015259394120E-003
   8.580413633432094E-004
   1.071556580242068E-003
   4.035411976513758E-003
   1.390908152077234E-003
   3.269689626633402E-003
   1.904641642406197E-003
   4.769555852543086E-003
   1.671770725121564E-004
  -3.443562048947251E-004
  -8.277597596753947E-005
  -3.827820656539627E-004
  -3.363143130676832E-004
  -4.929124500496558E-004
  -3.779321596256664E-004
  -1.664439039110856E-004
  -5.487829454867087E-004
  -9.082258778969541E-005
  -2.066960961945666E-004
  -6.886417718860918E-004
  -1.659592618072563E-004
   1.364092764018316E-003
  -1.665841553296113E-005
  -9.192611525537799E-004
  -1.705101927516128E-004
  -9.222002180033343E-004
   5.894023128691253E-005
  -8.962690486134158E-004
   1.263098950826321E-004
  -6.873058612573117E-004
   4.144543918384442E-004
  -8.703021267350159E-004
   4.366892349527090E-004
  -3.686529316511812E-004
   5.860187084102640E-004
   1.137445841917846E-003
   6.009028699524435E-004
   4.531885216961414E-004
   5.909344901021691E-004
   4.545775324091927E-005
  -2.257783618033623E-004
   1.684267787200618E-003
  -4.017169435294732E-004
   1.830956089081217E-003
  -1.584057945116865E-004
   1.894304133912723E-003
  -2.969096249140999E-004
   2.182836221828360E-003
  -1.794963889595302E-004
   2.168860570534391E-003
  -2.553481742673650E-004
   5.067425161603286E-004
  -5.079214157153488E-004
   1.449089892376049E-003
  -5.640243524814644E-004
   1.131063659066017E-003
   3.966336228807629E-004
   1.428989321815022E-003
  -8.848915797436608E-004
  -4.504007405138157E-004
  -1.358029776509618E-003
  -1.290614730927968E-005
  -1.776185931901706E-003
   2.976493952087169E-004
  -1.095854942163539E-003
   6.971234355955947E-004
  -5.110358939546363E-004
   1.185927781660944E-003
  -2.035523553676523E-003
  -1.393226616944982E-004
   4.165720732245394E-003
   7.615424085205974E-004
  -1.993126580009883E-003
  -5.648752802578707E-004
  -1.952693980936710E-003
  -8.028421986928033E-004
  -2.033475107011981E-003
  -9.550586046015606E-004
  -1.635644889347498E-003
  -6.581495871605471E-004
  -1.574796737478867E-003
  -1.666011806008675E-003
  -9.076298500958230E-004
  -9.988968174122154E-004
   6.498980402282147E-004
  -5.604231998270029E-004
   6.592762707068618E-004
  -1.016521357349189E-003
  -8.630642415893733E-005
  -1.222766939571875E-003
   4.782645969791723E-003
   1.018063383130491E-003
   4.808274938422867E-003
   1.348773851546089E-003
   5.057452711313634E-003
   1.264213436304817E-003
   5.000467484185267E-003
   1.654526449139421E-003
   5.138775170081959E-003
   1.589475263827394E-003
   9.089133875789617E-004
   1.144378974631963E-003
   4.291773593235986E-003
   1.495802822472598E-003
   3.443453689937952E-003
   2.053997096700685E-003
   4.660485512796409E-003
   2.799362656473865E-004
   5.185960478591789E-003
   8.015758732274293E-005
  -5.460489916636118E-004
  -2.986709591630413E-004
  -5.641977242575245E-004
  -6.720946264401407E-004
  -6.571552634368400E-004
  -6.268714638167080E-004
  -1.993712506527958E-004
  -8.221586741587000E-004
  -6.255606912666495E-005
  -5.520192599864862E-004
  -9.582863934433387E-004
  -6.599033784885969E-006
   1.867282278521593E-003
  -3.104786938576291E-004
  -1.303868265990772E-003
  -4.954952260326141E-004
  -1.341526122570690E-003
  -2.224941193422181E-004
  -1.331039678411511E-003
  -8.135065199358630E-005
  -1.027462921626186E-003
   2.869211579750797E-004
  -1.404901136301686E-003
   4.057174031796150E-004
  -6.788450370289542E-004
   8.268263053620855E-004
   1.265167242530718E-003
   8.463850527481712E-004
   3.471951975691576E-004
   7.282771620391233E-004
  -1.989351486389840E-004
  -1.460234100117870E-004
   2.412206252359607E-003
  -4.119425656017932E-004
   2.640572070860044E-003
  -5.217897821754295E-005
   2.744146777381351E-003
  -2.562977912826792E-004
   3.171388002015168E-003
  -7.990227083615680E-005
   3.154638531554354E-003
  -3.187839241578494E-004
   7.182249173234181E-004
  -5.209299712933218E-004
   2.046730064448182E-003
  -6.477848287980603E-004
   1.623373108329110E-003
   9.226831951334274E-004
   1.784134865675350E-003
   6.022526247880526E-004
   2.577468739811916E-003
   1.045002637561214E-003
  -3.336830027411538E-004
   9.203642143183595E-004
  -5.882628615206141E-004
   7.626722952802006E-004
  -9.701891741251941E-004
   2.476363448792068E-004
  -6.808788001695734E-004
  -1.708494459094701E-004
  -7.993824759431662E-004
   1.120047058673605E-003
  -1.021480674805764E-003
  -9.436590033590338E-004
   4.350152590497183E-004
   1.384491013913543E-003
  -1.136159622037542E-003
   1.129042942706476E-003
  -1.009589302182027E-003
   1.521635571163545E-003
  -8.877475796102978E-004
   1.406150538671435E-003
  -7.291037915477783E-004
   1.816086808687077E-003
  -4.626070262940183E-004
   1.513140583378751E-003
  -1.793935629493183E-004
   1.552503833745808E-004
   7.477509066545565E-004
   1.560881955868482E-004
   6.908253157795153E-004
   9.155235765691965E-004
   5.704287004643090E-004
  -1.052626937856280E-003
   5.119233347864132E-004
  -1.127438810070147E-003
   5.201146067241447E-004
  -1.069758984653791E-003
   5.586786498640406E-004
  -1.117038567901462E-003
   6.145339689138206E-004
  -1.093454492744050E-003
   6.193261285904890E-004
  -5.300700669294157E-004
  -5.574157937138228E-005
  -1.097877958176940E-003
   3.467024247178431E-004
  -9.905799432748308E-004
   1.238402787569368E-004
  -8.217757709203939E-004
   6.167568692651578E-004
  -9.027561868474275E-004
   6.305269367157136E-004
   1.869689873307476E-003
   4.930852088864993E-004
   8.869023501736146E-004
   1.087039220075613E-003
   7.555959429308019E-004
   1.604908862056223E-003
   5.537246732448246E-004
   1.043553881411600E-003
   6.481175458754638E-005
   9.326170247957895E-004
  -2.394480430374923E-004
   1.819829889054105E-003
   1.028742214423694E-003
  -9.080619460058086E-004
  -7.607815260320801E-004
   1.664039648269533E-003
   1.565118940966943E-003
   1.721102710657940E-003
   1.794131011610925E-003
   1.660257977758322E-003
   1.969351792055852E-003
   1.201626103352237E-003
   1.500518057501091E-003
   8.902696191246774E-004
   2.720243293544057E-003
   2.812020123278755E-004
   1.491848918932428E-003
  -6.911692735007136E-004
  -3.783880821435504E-006
  -7.055709413625028E-004
   6.985266234466052E-004
  -4.841440653566187E-004
   1.226240933440849E-003
  -1.108088193841970E-003
  -1.003563262103475E-003
  -1.052552290527406E-003
  -1.183438187911977E-003
  -1.258847107288730E-003
  -1.164429907625306E-003
  -1.177544419703208E-003
  -1.437885688737545E-003
  -1.291665305428527E-003
  -1.398127762643028E-003
   1.296003344383407E-004
  -5.423024670105372E-004
  -7.989483106362158E-004
  -1.086253688749200E-003
  -4.071990620130920E-004
  -1.184280374586524E-003
  -1.314082070751383E-003
  -4.082956082425961E-004
  -1.408766860257007E-003
  -7.930741064712838E-004
   1.113749412211100E-004
   2.030322452042754E-003
