   7.675020900814989E-004
   1.895206976545180E-005
   1.054433291675070E-003
   1.026071213483157E-003
  -3.022519430300794E-004
   1.748206698440256E-003
   8.962457390110747E-005
   1.169743447292322E-003
  -3.206916356917373E-004
   1.914358054105271E-003
   1.297831081991021E-003
  -5.541301358856375E-004
   2.312803370659792E-003
  -6.221217807407960E-004
   3.454775594182924E-003
   1.435156060658628E-004
   1.379076021878656E-003
  -3.931841473547474E-004
   2.118767723588693E-003
  -7.827290557236099E-004
   2.961265279770184E-003
   1.251031170677021E-003
  -1.158706099635795E-004
   1.893851817903815E-003
   4.693370573256030E-005
   2.571936926550424E-003
   4.131091290207617E-004
   2.816093723135707E-003
  -1.608149177691277E-004
   1.565152635961516E-003
  -9.164760818209434E-004
   2.284802017614624E-003
  -1.547537684703575E-003
   2.797961267791356E-003
  -4.669582279880456E-004
   3.339085006798321E-003
   1.318394504746909E-003
   8.167373501245824E-005
   1.888853008988848E-003
   3.391090889491124E-004
   2.502634090683785E-003
   7.322898244941034E-004
   2.816143038651034E-003
  -7.213041788009303E-005
   3.866551898374700E-003
  -2.475338561046048E-004
   1.769055078304455E-003
  -1.155473379370765E-003
   2.536061220113424E-003
  -1.941012157698650E-003
   3.062854408937657E-003
  -7.620057586344509E-004
   3.787775643508246E-003
   2.594492734739518E-005
   4.496052286044943E-003
   1.194291043128998E-003
  -8.292401722252456E-004
   2.243350090639777E-003
  -9.852950749039118E-004
   3.145473098170249E-003
  -1.354033572811409E-003
   2.241899528806291E-003
  -2.022252770078553E-003
   2.137181136575407E-003
  -2.419529853021134E-003
   3.871286488935190E-003
   3.941458670290462E-004
   1.150056318208058E-003
   1.555349674902947E-004
   1.820720020745236E-003
   1.766753578680046E-004
   2.464155552133478E-003
   9.143037969307282E-004
   2.124458571230638E-003
   1.178431759631368E-003
   2.256392528178260E-003
  -5.911669382397428E-004
   2.543317315797781E-003
   1.113215290172349E-003
   1.401327661628512E-003
   9.067995428341163E-004
   2.215067840992244E-003
   8.051235237845399E-004
   2.966776781718339E-003
   2.020886365294207E-003
   2.900296063265582E-003
   3.201519992390183E-003
   3.507682905442738E-003
   1.635691003802861E-004
   2.706126431538213E-003
   8.669854279659323E-003
  -9.121307321014406E-004
   1.579702481304119E-003
  -1.982456899708873E-003
   1.760929133019752E-003
  -2.967770075362549E-003
   1.956374207130982E-003
  -2.189209180878089E-003
   2.974083891888247E-003
  -2.127350043274442E-003
   3.519233750378901E-003
  -3.163630732942820E-003
   1.076104582512982E-003
   1.061902455877127E-003
   5.883757367820553E-003
   8.304372157180633E-004
  -9.182546707553821E-004
   1.624029985762772E-003
  -1.288688939023341E-003
   2.205316177822217E-003
  -1.614001193703008E-003
   1.473657541989674E-003
  -2.023358222496786E-003
   1.348690472906668E-003
  -2.330103176113841E-003
   2.748207009589576E-003
  -1.152882313627622E-003
  -4.163839662118699E-004
  -2.615532502345739E-003
   2.848965360731690E-003
   5.975610704402858E-004
   8.371908442190553E-004
   6.016112425066489E-004
   1.369629168148140E-003
   8.641182816505423E-004
   1.862600124453200E-003
   1.300081053334695E-003
   1.383205106933909E-003
   1.510523079138482E-003
   1.403608201431880E-003
   2.482546993302264E-004
   2.203686045487583E-003
   2.365153978826026E-003
   2.029009103518906E-004
  -3.793454315453765E-004
   2.913462862540061E-003
   8.517093375911286E-004
  -9.248705818125990E-004
   1.634319306663592E-003
  -1.316056610555435E-003
   2.184955395797552E-003
  -1.618815985779445E-003
   1.497976495045830E-003
  -2.024199166393784E-003
   1.381498744011923E-003
  -2.324901916504371E-003
   2.657380624632375E-003
  -1.204717726425401E-003
  -3.602247286451974E-004
  -2.637604322283404E-003
   2.989469626107124E-003
   1.598460128808212E-004
   4.584110201816177E-003
   7.573723372573017E-004
   7.163643188594160E-004
   9.470406486803534E-004
   1.270474695227752E-003
   1.432347628730600E-003
   1.680069920508591E-003
   1.651063832776558E-003
   1.056838860665598E-003
   1.831712875369772E-003
   9.965707531298166E-004
   9.978477404793420E-004
   2.267018079616174E-003
   2.311669266639124E-003
  -3.111299116128350E-004
  -1.246474508908007E-004
   2.607469347484864E-003
  -8.997113002296647E-004
   4.136419956217615E-003
   7.577564519783133E-004
  -9.714592082346755E-004
   1.526230068001634E-003
  -1.387606396206804E-003
   2.051744418547739E-003
  -1.758787912572598E-003
   1.305138488243941E-003
  -2.096119941747444E-003
   1.168162740519864E-003
  -2.391346808578498E-003
   2.647551953686041E-003
  -1.367436821630679E-003
  -6.118480434547266E-004
  -2.554169163449100E-003
   2.816051035986999E-003
  -7.890992005250618E-004
   2.809543760397958E-003
  -4.636059194133926E-004
   2.968798664945562E-003
   6.511640735338767E-004
   4.813179724067798E-004
   8.248224372074223E-004
   8.547521619948576E-004
   1.124256939606267E-003
   1.050109090395981E-003
   1.281006877147951E-003
   6.693572209934100E-004
   1.437325814446248E-003
   6.346465734684139E-004
   8.761300925086588E-004
   1.328931191010325E-003
   1.779339201015322E-003
  -3.680820244055470E-004
   3.257644950757173E-004
   1.558858676596645E-003
   3.931253567294258E-004
   1.718579707680759E-003
   2.162014826134401E-004
   1.765958481520706E-003
   6.791662166445106E-004
  -6.015931983986640E-004
   1.262735925506443E-003
  -8.672202636290607E-004
   1.697904615473465E-003
  -1.019765785866996E-003
   1.219964585314757E-003
  -1.371894565002452E-003
   1.144066424025041E-003
  -1.594183245451348E-003
   2.009340139098393E-003
  -6.600371416606583E-004
  -7.895674709749096E-005
  -1.895555312753239E-003
   1.926739459943205E-003
  -1.193230450701032E-004
   2.005986772762442E-003
   5.006208395089453E-005
   1.905202466483229E-003
   2.226469854848548E-004
   1.525474600922709E-003
   4.000133869632435E-004
   7.452846095172739E-004
   3.379833915771736E-004
   1.166102848237952E-003
   4.315679968407191E-004
   1.438744141351178E-003
   7.910733504610919E-004
   1.221214514381416E-003
   9.792956740536825E-004
   1.284314230375001E-003
   6.453582784732875E-005
   1.540155599567617E-003
   1.826236175702834E-003
   4.471064407712364E-004
  -3.996390707973662E-004
   1.536807281475387E-003
  -3.621212255759554E-004
   1.579502306227453E-003
  -5.494129278723554E-004
   1.200948821241184E-003
  -2.296090217672526E-004
   1.207830294692028E-003
   3.228631006170415E-004
  -5.459981304486002E-004
   7.070384043766266E-004
  -8.914411811978119E-004
   9.034862318174773E-004
  -1.128820450568559E-003
   4.787044510644927E-004
  -1.207923833948820E-003
   3.827499733236629E-004
  -1.348782317451018E-003
   1.297859112273608E-003
  -1.011261663879714E-003
  -6.033564570390078E-004
  -1.211991791263968E-003
   1.573170520885114E-003
  -7.749700169955889E-004
   1.545339961200819E-003
  -6.574663281273817E-004
   1.712204684477082E-003
  -2.549315543660096E-004
   1.145323864138501E-003
  -5.440556820643934E-004
   1.689554836846929E-003
   5.904347864775767E-004
  -2.664012102041985E-004
   9.713839362187410E-004
  -2.377141166456136E-004
   1.329683791472196E-003
  -2.783922205274048E-004
   1.114654031887281E-003
  -6.129354857060330E-004
   1.131587904730324E-003
  -7.529581899087299E-004
   1.415829855676127E-003
   2.606920645690426E-005
   5.529145995405630E-004
  -1.322827454646989E-003
   1.176293890021687E-003
   3.699014389906921E-004
   1.208381111054017E-003
   5.734770047599130E-004
   1.156356623467521E-003
   7.115009191596440E-004
   8.045035267609959E-004
   2.597753034349381E-004
   3.073629289764817E-004
   1.193445916102492E-003
   3.119933765359846E-004
  -6.050586140693020E-006
   4.291252744878718E-004
   3.328584348302520E-005
   5.494001583005480E-004
   5.805617412682426E-005
   5.265082013561679E-004
  -7.276913068340036E-005
   5.567583784535263E-004
  -1.087955487110281E-004
   5.296902125844388E-004
   1.622497133845138E-004
   4.592653566009174E-004
  -3.851689060472559E-004
   4.019401088102870E-004
   2.692965912695250E-004
   4.191433524933837E-004
   3.282948434410402E-004
   3.712144578515171E-004
   2.963401454113390E-004
   3.335653650809181E-004
   1.844369024924210E-004
   1.725133527490546E-004
   2.796152702324593E-004
   1.962085929368596E-004
   4.560980588639096E-005
   5.190013327045919E-004
  -7.307271046681481E-005
   6.029394953108408E-004
  -1.614904152447677E-004
   7.181546719145631E-004
   4.795981771651912E-005
   7.690760242923256E-004
   1.429200237563071E-004
   8.563556753493449E-004
  -2.847021777177865E-004
   6.311120427784484E-004
   7.088466844315757E-004
   7.370974363087602E-004
  -3.319485843288836E-004
   5.224818895217489E-004
  -3.236736795496230E-004
   4.638758709606220E-004
  -3.700149982735023E-004
   3.299289419853314E-004
  -1.743379588394757E-004
   4.508465587145105E-004
  -1.753825253824576E-004
  -9.208400926514706E-005
   7.824504090709325E-005
   5.024335073341319E-004
   3.395541613380165E-004
   4.592520025883245E-004
   2.577751908280628E-004
   5.584061872147249E-004
   2.113458727126458E-004
   7.803434689350813E-004
   5.875686625243276E-004
   7.644041281148570E-004
   6.796576464549423E-004
   8.493299229289370E-004
   2.247943095204603E-005
   6.969542456145843E-004
   2.924823193244674E-003
  -7.862225048648573E-004
  -1.033024102012091E-004
   5.855755941543538E-004
  -9.251813508734711E-005
   5.583166418929985E-004
  -1.493299776673899E-004
   4.201208463541824E-004
   5.275651668545965E-006
   4.621018783792212E-004
  -9.476209793676247E-005
   8.417064042289758E-005
   1.588946397262530E-004
   3.082078861928187E-004
   1.292067514120367E-001
  -8.910692371011698E-004
   9.993342547227162E-004
  -1.673521821632202E-003
   9.830474248174090E-004
  -2.402958101839702E-003
   1.016502061465843E-003
  -1.999818974693254E-003
   1.785217647441683E-003
  -2.149842379282496E-003
   2.086631648588408E-003
  -2.462537340618408E-003
   3.927699593742261E-004
  -5.665444913931853E-004
   3.916558945971621E-003
  -1.955486406668365E-003
  -2.246544350791500E-004
  -1.986463162352240E-003
  -6.055716057939489E-004
  -1.878601727336965E-003
  -5.819201193749866E-004
  -1.447697973623681E-003
   4.742784744820817E-005
  -8.257403171687802E-004
  -1.138345505620260E-003
  -3.666717506726443E-004
   4.970834320547498E-004
   8.865822427891001E-003
   4.064657132993410E-003
   6.258146498525109E-004
   8.632097573880812E-004
   4.716322021325632E-004
   1.217447479892488E-003
   3.782957758800758E-004
   1.639842529388058E-003
   1.086530880804557E-003
   1.636266747306339E-003
   1.517216074113552E-003
   1.914001496223839E-003
   1.995870686612020E-005
   1.469439464063022E-003
   3.410531069525749E-003
   1.264596043095360E-003
  -2.591779968621403E-004
   1.256430147121963E-003
  -2.293342204096483E-004
   1.205305668253928E-003
  -3.589072557033650E-004
   9.281935679441285E-004
  -5.317917020911881E-005
   9.863059741665541E-004
  -3.004830581086915E-004
   2.438038710681585E-004
   2.685914111999084E-004
   4.739594195029218E-004
   1.922007827260933E-003
   4.525749687990722E-004
   2.528022955612140E-003
  -6.515698559946881E-004
   6.791490683046509E-004
  -1.178460444710617E-003
   6.577578754187354E-004
  -1.665877960520279E-003
   6.741979449421145E-004
  -1.408685477972402E-003
   1.179366389220700E-003
  -1.487039769858759E-003
   1.376078863458491E-003
  -1.712676378457401E-003
   2.600791863477693E-004
  -6.080660880321250E-004
   2.483196492775599E-003
  -1.372178405508172E-003
  -1.620659213826513E-004
  -1.399012664042760E-003
  -4.164686540474526E-004
  -1.320935541254637E-003
  -4.188220795513913E-004
  -1.015856408700258E-003
   2.362147058476871E-005
  -5.745114868783676E-004
  -8.194010114742086E-004
  -2.633932651505971E-004
   3.664328124577816E-004
   4.805468111969638E-004
   2.185981404234097E-003
   4.704194159375051E-005
   1.565124634817866E-003
   4.070245459274664E-004
   6.544828666925842E-004
   2.647161591095728E-004
   8.266502471372197E-004
   1.755230327244358E-004
   1.047315540071662E-003
   5.622515551125211E-004
   1.081203509357219E-003
   7.850724080459877E-004
   1.239290764926260E-003
  -4.220998952807659E-005
   9.374484053240408E-004
   1.858488028625131E-003
   8.440504770163642E-004
  -2.017812607494501E-004
   7.900014077757603E-004
  -1.864192524547377E-004
   7.470781407816450E-004
  -2.606384765804033E-004
   5.791288690573362E-004
  -5.360209034898022E-005
   6.457176310273685E-004
  -1.766345546783258E-004
   1.100868158982198E-004
   1.922358737660028E-004
   4.087862474072081E-004
   8.854714388276690E-004
   3.743696289030120E-004
   1.280129346693949E-003
   1.719906037506914E-004
   1.130609847909848E-003
  -4.443188024034579E-004
   4.208258845050193E-004
  -7.657886671686408E-004
   3.965492784748281E-004
  -1.061709521938583E-003
   3.973446197254274E-004
  -9.225486316375303E-004
   6.992248015202247E-004
  -9.675827641860482E-004
   8.110737913475930E-004
  -1.092320790762505E-003
   1.499572779568954E-004
  -5.026974374823820E-004
   1.413582878864572E-003
  -8.821430135871255E-004
  -1.109599101953182E-004
  -9.028238563880955E-004
  -2.658182998393461E-004
  -8.509850139920087E-004
  -2.801044251459283E-004
  -6.525385681086167E-004
   6.693970365347968E-006
  -3.618864741092836E-004
  -5.476306908971627E-004
  -1.734681377282031E-004
   2.587166532830453E-004
   5.768998254851850E-005
   1.268201581351556E-003
  -1.456125001488817E-004
   9.614019569614006E-004
   7.991410327957190E-006
   6.886859497321673E-004
   1.121615273382830E-003
   1.603945967160099E-003
   8.226840792578009E-004
   2.486228228885340E-003
   6.397943644726874E-004
   3.297104871859686E-003
   1.986832266956187E-003
   3.307856953662787E-003
   3.239772320260711E-003
   3.995941180501131E-003
  -5.202234556736931E-005
   2.953688903532969E-003
   9.473166332876750E-003
   1.495038661103752E-003
  -6.265221346498440E-004
   2.529300102772142E-003
  -5.666884813969934E-004
   2.433611995287087E-003
  -8.292896601640097E-004
   1.870167504419490E-003
  -2.190935198215432E-004
   1.975227474172244E-003
  -7.314099799124504E-004
   5.039932937347661E-004
   4.589993608894520E-004
   7.916366510659626E-004
   4.027725697827783E-003
  -4.076269618242806E-004
   3.698647144907297E-003
  -5.405775682399478E-004
   2.024140825551903E-003
  -4.681198046942505E-004
   1.083532977498706E-002
  -1.017473633771832E-003
   1.666888708818935E-003
  -2.175827578116413E-003
   1.829683735400550E-003
  -3.247196448253697E-003
   2.015638830512970E-003
  -2.440330107817883E-003
   3.131487394875899E-003
  -2.444820752349231E-003
   3.698850422685863E-003
  -3.433305971444508E-003
   1.064734982937729E-003
   1.001500637074585E-003
   6.459110362849609E-003
  -2.811452026040375E-003
   1.289154687367207E-004
  -2.835695063852691E-003
  -4.303048733601540E-004
  -2.736436009306141E-003
  -4.645296670481139E-004
  -2.044762988379408E-003
   4.164871144630336E-004
  -1.285181103937662E-003
  -1.447795134068266E-003
  -4.295758588376552E-004
   7.717430791956807E-004
  -1.275142740020572E-003
   4.324951485533483E-003
   1.357465327999026E-003
   2.718473830522382E-003
   8.879648651303779E-004
   1.534820641684758E-003
   1.343924416432890E-003
   7.339847062903816E-003
   1.178196188103658E-003
   1.628047859823100E-003
   8.930102075593923E-004
   2.541833598843218E-003
   7.266424943745816E-004
   3.377212909342941E-003
   2.103094079122663E-003
   3.363993058397935E-003
   3.412003977844644E-003
   4.067130952694380E-003
   1.311580406393086E-005
   3.042076681683464E-003
   9.808368019987667E-003
   1.316739661514832E-003
  -5.969480497836851E-004
   2.621698617497742E-003
  -5.347600380825749E-004
   2.534833531006099E-003
  -8.090710763513908E-004
   1.949598786055398E-003
  -1.899066420642569E-004
   2.040641361545215E-003
  -7.367909513138097E-004
   5.512533479279381E-004
   4.815305765839923E-004
   8.018129642850469E-004
   4.542249381172557E-003
  -5.671789940556744E-004
   3.748811635564040E-003
  -6.387142170362227E-004
   2.057465202452120E-003
  -5.183815602904657E-004
   1.126796183803932E-002
   1.060131900519097E-003
   1.199257402041835E-002
  -1.067403493883669E-003
   1.784784044541016E-003
  -2.303939892029179E-003
   1.963764248647297E-003
  -3.448373627578217E-003
   2.166682076766956E-003
  -2.579080681467904E-003
   3.360232793716445E-003
  -2.589866851405663E-003
   3.968611829394507E-003
  -3.648006332080421E-003
   1.149861575052709E-003
   1.255612619467166E-003
   6.915255222477383E-003
  -2.987074848749302E-003
   1.519403912900820E-004
  -3.011057208252801E-003
  -4.454873296875964E-004
  -2.907877706384155E-003
  -4.797133576035158E-004
  -2.171218357880683E-003
   4.557250184523862E-004
  -1.369003726822476E-003
  -1.528567523118338E-003
  -4.519993777673305E-004
   8.194793071050101E-004
  -1.074356169162752E-003
   4.589563394216178E-003
   1.509232819976127E-003
   2.861588956942770E-003
   9.706966428764594E-004
   1.608451460042710E-003
   1.739466214284057E-003
   7.848318749912988E-003
   1.483643032056071E-003
   8.583477249020656E-003
   1.092206355829951E-003
   1.721363189727206E-003
   7.242368276591264E-004
   2.629737396067249E-003
   4.779727241738861E-004
   3.464357693648923E-003
   1.892986539145732E-003
   3.540493571884893E-003
   3.159914952511984E-003
   4.272638469998162E-003
  -2.334003351748423E-004
   3.061552795506873E-003
   9.770691779424018E-003
   1.911839575774065E-003
  -7.824646287129479E-004
   2.580008466205557E-003
  -7.216675572463353E-004
   2.451237819962112E-003
  -9.842695025145858E-004
   1.880777319177119E-003
  -3.289281803303403E-004
   2.032548329512504E-003
  -8.120946439853605E-004
   4.428623628615270E-004
   4.449583638851708E-004
   8.395181642313686E-004
   4.521327875569601E-003
  -2.030517700012651E-004
   3.855446803003161E-003
  -4.357640986346745E-004
   2.111951754106156E-003
  -4.145359120271119E-004
   1.127956897705008E-002
   1.803015176287085E-003
   1.183900433245990E-002
   2.302686821138638E-003
   1.203347782350194E-002
  -1.085020970754814E-003
   1.728534550550965E-003
  -2.302552542865348E-003
   1.881566101690228E-003
  -3.431498416484402E-003
   2.063121339572299E-003
  -2.602711746154941E-003
   3.244175208589038E-003
  -2.647291786663151E-003
   3.828221239758870E-003
  -3.612793144873838E-003
   1.064481251528405E-003
   9.788187212543260E-004
   6.841394895147522E-003
  -2.943418986608747E-003
   8.603467294157113E-005
  -2.968967036239576E-003
  -5.034057652446542E-004
  -2.859842892047067E-003
  -5.239674795210314E-004
  -2.144704718800317E-003
   4.010170591041778E-004
  -1.335918363877837E-003
  -1.529553290977918E-003
  -4.581503970945185E-004
   7.963415095935778E-004
  -1.551404235115528E-003
   4.593389177026976E-003
   1.425254225160158E-003
   2.872080365467631E-003
   9.208353127066453E-004
   1.613825722308057E-003
   1.345792396802996E-003
   7.813114948886790E-003
   9.845492160860221E-004
   8.456261721527050E-003
   1.794009881893475E-003
   8.535311697541190E-003
   1.153304947892904E-003
   1.864167451423064E-003
   7.443091325468729E-004
   2.845361765935544E-003
   4.663379419682259E-004
   3.739350577115224E-003
   1.988291251573000E-003
   3.837602516502068E-003
   3.354728647922086E-003
   4.633193177054132E-003
  -2.961732795663364E-004
   3.295643073078404E-003
   1.054528105526021E-002
   2.034549956173637E-003
  -8.772503069523766E-004
   2.768731870497347E-003
  -8.118938406451351E-004
   2.623704255373746E-003
  -1.092657454245271E-003
   2.013306145591577E-003
  -3.827545322472826E-004
   2.185466368314914E-003
  -8.931868521041027E-004
   4.609967509307175E-004
   4.672277019217644E-004
   8.983524734288192E-004
   5.866043424098258E-003
  -2.662279846459918E-004
   4.072959957534576E-003
  -4.940840937899825E-004
   2.242543175145372E-003
  -4.442636355548607E-004
   1.246476686349260E-002
   1.767409178477748E-003
   1.328181743836934E-002
   2.379486715041950E-003
   1.333722228777627E-002
   1.726996908723285E-003
   1.601415944273440E-002
  -1.171042347779868E-003
   2.057430062393569E-003
  -2.583815632952280E-003
   2.282020913007853E-003
  -3.892368077188507E-003
   2.528812844256356E-003
  -2.874056659126526E-003
   3.895803796791573E-003
  -2.884062126460158E-003
   4.602948705092307E-003
  -4.127140139610671E-003
   1.362347757902757E-003
   1.809356347350888E-003
   8.027812394934129E-003
  -3.383741876815579E-003
   2.228415002373730E-004
  -3.406637139088412E-003
  -4.603885670640684E-004
  -3.296835141405644E-003
  -4.990134373681035E-004
  -2.455338351956592E-003
   5.582220620159149E-004
  -1.562416046432718E-003
  -1.704263105778773E-003
  -4.989379199337919E-004
   9.303851158539272E-004
  -1.366244698467022E-004
   5.173344508105179E-003
   1.861942208416089E-003
   3.170752259180340E-003
   1.165802910765133E-003
   1.767186619473339E-003
   2.736555862548356E-003
   9.056855055014494E-003
   2.490821148095230E-003
   1.004131862308489E-002
   3.616835398431521E-003
   9.786078116865700E-003
   4.537808560950955E-003
   1.299331794915156E-002
   1.103358630779968E-003
   1.839775139286079E-003
   6.838243908125792E-004
   2.791956354144308E-003
   3.927349434363448E-004
   3.663425128925935E-003
   1.886621513765845E-003
   3.781338779175815E-003
   3.202765544933704E-003
   4.562227472457074E-003
  -3.499232055120793E-004
   3.213875179658836E-003
   1.023960901119379E-002
   2.175446178374041E-003
  -8.998818395092611E-004
   2.684812312347543E-003
  -8.366842901655564E-004
   2.532766117391728E-003
  -1.106951342985096E-003
   1.941954148153883E-003
  -4.061750182113699E-004
   2.125508862250247E-003
  -8.863852014452518E-004
   4.201656846747128E-004
   4.473811299425007E-004
   8.880852805991317E-004
   5.352104637655418E-003
  -1.274818408233869E-004
   4.024826147211976E-003
  -4.082305330091768E-004
   2.210585438276362E-003
  -4.004672013920620E-004
   1.200627618461641E-002
   2.022975998343419E-003
   1.268790654386675E-002
   2.633187075029091E-003
   1.285602029929522E-002
   2.064020923879056E-003
   1.486287930492306E-002
   4.454165157655223E-003
   1.422936612667127E-002
  -1.191276209542970E-003
   1.694092345234665E-003
  -2.439404650848825E-003
   1.790178454052391E-003
  -3.603514072091823E-003
   1.928419069628702E-003
  -2.823743154973780E-003
   3.158353225303909E-003
  -2.971480943626111E-003
   3.717306632828645E-003
  -3.746488154364716E-003
   9.101782746348272E-004
   4.198179379063581E-004
   7.155790244270342E-003
  -3.009807309217457E-003
  -7.998534867784883E-005
  -3.039653609877020E-003
  -6.881328046883312E-004
  -2.908950919013988E-003
  -6.692169349584459E-004
  -2.206817724266654E-003
   2.851982481406396E-004
  -1.332135833106687E-003
  -1.621269261149278E-003
  -5.007119327960457E-004
   7.814963061684578E-004
  -2.638184920298214E-003
   4.900708546564015E-003
   1.347465501296505E-003
   3.061182727156248E-003
   8.666819936893032E-004
   1.710591771815967E-003
   5.075094924579249E-004
   8.325728676038546E-003
  -9.018541201303117E-005
   8.951229835920112E-003
   9.459175660726407E-004
   9.115585724873251E-003
  -5.126027577741903E-005
   9.913717598324235E-003
   6.632851679367230E-004
   1.079726126919246E-002
   1.163698811590717E-003
   6.947251645972828E-004
   1.312885613596853E-003
   1.319444222579883E-003
   1.529940910506038E-003
   1.895212817274634E-003
   2.316416104694558E-003
   1.513218971110483E-003
   3.346518646758519E-003
   1.860992501281950E-003
   1.037242758648906E-003
   1.944988225320971E-003
   4.955254703301811E-003
  -5.699318080394489E-004
   3.835141947486410E-004
   1.910328867432428E-003
   4.296525412745594E-004
   2.022830290188475E-003
   2.002083208729183E-004
   1.568465587318009E-003
   4.680458479448161E-004
   1.384358864016319E-003
  -1.518562279909272E-004
   7.986752532340392E-004
   4.930795080016822E-004
   4.231076668083977E-004
   1.016899397085961E-003
  -1.312982809209731E-003
   2.426579047370580E-003
  -9.834856600085260E-004
   1.305342172191954E-003
  -6.998747676211069E-004
   5.226594839244596E-003
  -7.887653166859868E-004
   5.424589631765643E-003
  -7.974657733918689E-004
   5.285786954687097E-003
  -9.211721875774345E-004
   5.649302252656149E-003
  -7.649367230141193E-004
   5.469253811513832E-003
  -1.287083268220421E-003
   4.330539392652074E-003
  -5.923270348712369E-004
   1.622303269300650E-003
  -1.536538995726418E-003
   1.946448130526383E-003
  -2.383493974593227E-003
   2.254322010145901E-003
  -1.501352549377114E-003
   3.089846915556319E-003
  -1.143443120420921E-003
   3.678382592944547E-003
  -2.682372292173477E-003
   1.465437951742920E-003
   2.369517269793488E-003
   4.567974632234075E-003
  -2.344870666480647E-003
   6.564745709608178E-004
  -2.356280067025715E-003
   2.159797550557917E-004
  -2.334297375098623E-003
   4.498823926851441E-005
  -1.660722409679728E-003
   7.515452138741634E-004
  -1.181775953978881E-003
  -1.029125271310754E-003
  -2.565675203911466E-004
   7.563511663531935E-004
   5.118814041949217E-004
   2.974468059545998E-003
   1.436484155164063E-003
   1.911290427642607E-003
   9.566856350143502E-004
   1.113253684722185E-003
   2.910712187646429E-003
   4.923823439594028E-003
   2.912734065731311E-003
   5.301163639683405E-003
   3.263662814977864E-003
   5.167032317702791E-003
   3.587018031372289E-003
   6.164644525161128E-003
   3.575053400962514E-003
   5.189328253162828E-003
   3.924037243779286E-004
   4.259816801634334E-003
   1.224364215714200E-003
   1.399642722003084E-003
   1.068588288654858E-003
   2.258457300104799E-003
   1.020395529827271E-003
   3.044368240951113E-003
   2.262091163010420E-003
   2.910335312881368E-003
   3.535849329603765E-003
   3.527024474954750E-003
   3.478278555383514E-004
   2.821163384442615E-003
   9.165896951119690E-003
   5.587318361635131E-004
  -3.047549923902960E-004
   2.509101089546453E-003
  -2.448529017224707E-004
   2.483899211910901E-003
  -5.171252519971085E-004
   1.915625561661056E-003
   1.443570424073634E-005
   1.919995613198976E-003
  -5.820941155212514E-004
   6.595975827575200E-004
   5.043664376972347E-004
   7.086930743008936E-004
   3.521478217235697E-003
  -9.260655124325374E-004
   3.441183346748622E-003
  -8.204445050691141E-004
   1.884116709636103E-003
  -6.116587139703205E-004
   1.011701708648110E-002
   3.481109969402490E-004
   1.057142464437741E-002
   5.551678947471123E-004
   1.038600920806748E-002
   2.331235378874915E-004
   1.130705159166494E-002
   9.709145133739306E-004
   1.090253599222748E-002
  -5.261418485645279E-004
   5.278159464030189E-003
   2.236576795049398E-003
   9.975564892798048E-003
  -9.478672231622542E-004
   1.820328933512015E-003
  -2.147891283043627E-003
   2.060628642830478E-003
  -3.250725528906416E-003
   2.310991238434042E-003
  -2.329265245883238E-003
   3.447310150338905E-003
  -2.226582987926745E-003
   4.081156435834512E-003
  -3.492660806938306E-003
   1.318375207769878E-003
   1.906584921927517E-003
   6.495170224655466E-003
  -2.907851664137658E-003
   3.355256361850930E-004
  -2.927159154541594E-003
  -2.397698878306130E-004
  -2.847982412287555E-003
  -3.180038083769182E-004
  -2.098275139044058E-003
   5.831138182581180E-004
  -1.370453796297427E-003
  -1.424385324572050E-003
  -4.041402198507612E-004
   8.346830304044448E-004
  -1.234445127023621E-004
   4.239661135378063E-003
   1.594338745019668E-003
   2.648673515692884E-003
   1.028649840563468E-003
   1.499146273202014E-003
   2.628026943481281E-003
   7.177744519993755E-003
   2.544295946538589E-003
   7.817634814874932E-003
   3.194158392102932E-003
   7.640226598128731E-003
   3.606435618640809E-003
   9.299383700419160E-003
   3.648308417706884E-003
   7.810684434284038E-003
  -4.000618144928931E-004
   5.261124794512614E-003
   1.448423701129615E-003
   7.550491389553201E-003
   1.270462563461787E-003
   1.144177242833933E-003
   1.256534391648728E-003
   1.943976197648403E-003
   1.337803968918649E-003
   2.674538061418738E-003
   2.429907711291589E-003
   2.408270769860935E-003
   3.671429365851326E-003
   2.931742617247725E-003
   7.111345705181573E-004
   2.573868883317718E-003
   8.253159239499788E-003
  -8.918951716350523E-005
   1.325613684802229E-005
   2.380295921276179E-003
   7.031555859940133E-005
   2.422661646062520E-003
  -1.989778143954310E-004
   1.873289441690311E-003
   2.361882688730989E-004
   1.783303578971027E-003
  -4.129361416478339E-004
   7.751831392170894E-004
   5.277757875008188E-004
   6.053117209659812E-004
   2.815657994753514E-003
  -1.281737963533226E-003
   3.096918829824460E-003
  -1.007025223584951E-003
   1.690467720509982E-003
  -7.097472200065898E-004
   8.939920830433075E-003
  -3.565425446269351E-004
   9.343130656537064E-003
  -2.530258711022267E-004
   9.113897160410157E-003
  -5.147307226652871E-004
   9.869583469618307E-003
  -5.415482849245130E-005
   9.512717289663436E-003
  -1.192763491116960E-003
   5.120488229901616E-003
   1.479921175857775E-003
   8.930500202503669E-003
   5.622524982370437E-004
   8.505266911459225E-003
  -8.563680541958244E-004
   1.933398808346030E-003
  -2.068589148234567E-003
   2.244635333718706E-003
  -3.175079283861397E-003
   2.554172405828118E-003
  -2.160824921865058E-003
   3.680983970246290E-003
  -1.950319376584781E-003
   4.365148678918693E-003
  -3.468966877005293E-003
   1.544871187412302E-003
   2.830471690546983E-003
   6.257369483469808E-003
  -2.937357660126190E-003
   5.383236152910115E-004
  -2.951693164399199E-003
  -3.848755707243949E-005
  -2.894622140380429E-003
  -1.616096917493433E-004
  -2.103155373684683E-003
   7.388058556029550E-004
  -1.424538856543745E-003
  -1.368548878505513E-003
  -3.691807599253162E-004
   8.808653283198460E-004
   6.468017231443499E-004
   4.037161731871897E-003
   1.781577251846105E-003
   2.519194738467810E-003
   1.141302371441707E-003
   1.433419562504931E-003
   3.668099746963800E-003
   6.837575907391599E-003
   3.669423261256526E-003
   7.436594377074847E-003
   4.209916620184805E-003
   7.231819753055336E-003
   4.706527597677174E-003
   8.782277269473180E-003
   4.686459650677621E-003
   7.274440742438677E-003
  -1.001934256911742E-005
   5.461923953404316E-003
   2.621981423232903E-003
   7.362579019696522E-003
   1.389814870897746E-003
   7.665853381569183E-003
   9.251681225755822E-004
   5.293690952110646E-004
   1.075111621118610E-003
   8.504827423834796E-004
   1.274156089589648E-003
   1.261786373988209E-003
   1.821745246940500E-003
   9.317874624963209E-004
   2.284704699062195E-003
   1.061064523149001E-003
   9.167944702748685E-004
   1.345824115167235E-003
   3.200546034932551E-003
  -3.097825859260696E-004
   4.275355678959702E-004
   1.362850300534650E-003
   4.610398992959877E-004
   1.465097549632882E-003
   2.943459992748242E-004
   1.145684852197797E-003
   4.584804619885971E-004
   9.839424877042158E-004
  -7.889947817345434E-006
   6.253434644077091E-004
   3.934710241056013E-004
   3.318286008527046E-004
   1.089399158026546E-003
  -7.722386147640285E-004
   1.911243202181242E-003
  -6.453162329948420E-004
   1.067445201503777E-003
  -5.056911013710104E-004
   3.384696836037618E-003
  -4.097084713196224E-004
   3.497517951242912E-003
  -3.924615811522031E-004
   3.435771135692883E-003
  -4.688989264357710E-004
   3.656729750652890E-003
  -3.314178711648419E-004
   3.554289795024714E-003
  -6.725089242346919E-004
   2.696479314439013E-003
   2.417500311325035E-004
   3.380152323865492E-003
  -1.673758111696633E-004
   3.241537563640249E-003
   7.533540930866278E-005
   2.088758788128889E-003
  -4.082875919453390E-004
   1.260140322815869E-003
  -1.066585731542139E-003
   1.411359467949279E-003
  -1.643520250430370E-003
   1.642565504733586E-003
  -1.009550793710214E-003
   2.185561215346596E-003
  -8.712992697089802E-004
   2.531412671531496E-003
  -1.891120103505003E-003
   1.110473089690350E-003
   1.258047556735935E-003
   3.094224874040776E-003
  -1.687324986293707E-003
   5.382025013416754E-004
  -1.701809727703432E-003
   2.393893600473075E-004
  -1.688318615449681E-003
   7.924015699168153E-005
  -1.187432760104258E-003
   5.906458630158865E-004
  -8.501693521040500E-004
  -7.454775867892906E-004
  -1.815487342873695E-004
   5.907010788538780E-004
   5.276496894589631E-004
   2.158149259656134E-003
   9.309652991153717E-004
   1.430525113211941E-003
   6.695248479038960E-004
   8.629609471940179E-004
   1.579357040866632E-003
   3.335227124185446E-003
   1.566562763504229E-003
   3.573426748327788E-003
   1.796160995381737E-003
   3.498756817101959E-003
   1.970757259286982E-003
   4.109926984925579E-003
   1.977051003460209E-003
   3.541533551752879E-003
   4.390956632471263E-005
   2.868900369388722E-003
   1.154218186732752E-003
   3.521523785667467E-003
   6.914474598870348E-004
   3.625393441624604E-003
   1.572602881263987E-004
   2.234371402648204E-003
   9.389510587316877E-004
   1.535515402452683E-003
   5.918750466306191E-004
   2.315778782707491E-003
   3.523897052637658E-004
   3.049186427521816E-003
   1.608679400427130E-003
   3.140404165214895E-003
   2.678258608364857E-003
   3.780745212911968E-003
  -2.709766126229145E-004
   2.676136911805751E-003
   8.515030801654272E-003
   1.986863087010058E-003
  -7.298878420397827E-004
   2.235799804353688E-003
  -6.775642869566994E-004
   2.109946293955467E-003
  -9.025596719674755E-004
   1.616165210227516E-003
  -3.186343681794532E-004
   1.768912229071454E-003
  -7.182918760684683E-004
   3.489894380190287E-004
   3.859731817949517E-004
   7.621486273204443E-004
   2.167364905267674E-003
   1.081368238339165E-004
   3.551394188569834E-003
  -2.210096467094754E-004
   1.923200291377777E-003
  -3.039527376818715E-004
   9.213839609604126E-003
   2.234137825443924E-003
   9.387493165619668E-003
   2.592488432439911E-003
   9.510667319087941E-003
   2.411318946889139E-003
   9.986939754545430E-003
   3.210749933373932E-003
   9.847612373572444E-003
   2.224490838000879E-003
   4.581010859654374E-003
   2.926202110682550E-003
   8.783042415634608E-003
   2.934381991223257E-003
   7.778665864002427E-003
   3.724279610474434E-003
   3.026544854081697E-003
   1.639607825288066E-003
   9.132195438556116E-003
  -9.094548050863043E-004
   1.288409321301361E-003
  -1.839451448929907E-003
   1.368644478831802E-003
  -2.700894991322246E-003
   1.480551077573639E-003
  -2.111914852004785E-003
   2.379209979258077E-003
  -2.162815731832811E-003
   2.802549771086870E-003
  -2.825982754626957E-003
   7.255956467101928E-004
   2.440470137622583E-004
   4.980994654937865E-003
  -2.292878320040305E-003
  -2.169816291509125E-005
  -2.319547656337741E-003
  -4.713561216181069E-004
  -2.222481772781660E-003
  -4.849757380038782E-004
  -1.677894789608756E-003
   2.401412675688156E-004
  -1.020068306304288E-003
  -1.237858242339309E-003
  -3.790070854604464E-004
   6.167090249949536E-004
  -3.066774431250502E-003
   3.591120928957015E-003
   8.519983572245633E-004
   2.346874270186360E-003
   6.066331791222075E-004
   1.347942170250609E-003
   3.957180506274665E-004
   5.598538846091045E-003
   1.442292509950680E-004
   5.959002440048089E-003
   6.335522360985044E-004
   6.005068389616175E-003
   4.291561113174601E-004
   6.659827642275000E-003
   6.627617352118931E-004
   6.529210456856320E-003
  -9.567645952043551E-004
   3.785601044829948E-003
  -2.558656636729311E-004
   5.429896916652298E-003
  -7.354806330765703E-004
   5.172913364654573E-003
  -5.534683099338628E-004
   2.630799436896777E-003
   1.297765454552776E-003
   4.708939125211684E-003
   9.590378401529719E-004
   1.662260442513658E-003
   5.603466081563717E-004
   2.493407686302465E-003
   2.767082603210259E-004
   3.269022414656107E-003
   1.619742286127427E-003
   3.400046621467309E-003
   2.750350131993681E-003
   4.093839193097776E-003
  -3.826276846053669E-004
   2.848494819067857E-003
   9.033307240972007E-003
   2.252095993875282E-003
  -8.479664439509325E-004
   2.359187020898803E-003
  -7.928036838053061E-004
   2.210447295744922E-003
  -1.027569300398390E-003
   1.692007362550931E-003
  -3.948587240128599E-004
   1.875764369521847E-003
  -7.967091956672409E-004
   3.324419833049189E-004
   3.918886215909186E-004
   8.142774408907273E-004
   3.020426802981645E-003
   1.631838972811387E-004
   3.735189979127936E-003
  -2.063782774145214E-004
   2.030961869431413E-003
  -2.967687283332905E-004
   1.013266583719924E-002
   2.376140501931425E-003
   1.038626763489048E-002
   2.852425371977909E-003
   1.060878531767914E-002
   2.555634897425754E-003
   1.138723258125690E-002
   3.856956473479361E-003
   1.115879685282049E-002
   2.207455992482563E-003
   4.804377383010634E-003
   3.249575673569447E-003
   9.384312091224539E-003
   3.365192651841889E-003
   8.235287941658750E-003
   4.209021862679922E-003
   3.166938671553367E-003
   1.824955519365015E-003
   9.254536281098281E-003
   1.274656798316161E-003
   1.015638222797984E-002
  -1.025474054388767E-003
   1.448085663847929E-003
  -2.082788914800733E-003
   1.533072653832035E-003
  -3.065420650281969E-003
   1.654099485487236E-003
  -2.402288982109304E-003
   2.685543002658723E-003
  -2.492598321014552E-003
   3.162274053392922E-003
  -3.196566811301644E-003
   7.940068766402956E-004
   2.629993775855837E-004
   5.857455395268849E-003
  -2.580583903697900E-003
  -5.028526109742056E-005
  -2.608768488189543E-003
  -5.633916768762903E-004
  -2.497553844164271E-003
  -5.631878333009949E-004
  -1.890615072131556E-003
   2.541331618224242E-004
  -1.144341801560892E-003
  -1.393678732730987E-003
  -4.289830162151168E-004
   6.817015208390008E-004
  -2.902532996609381E-003
   4.131718909728259E-003
   1.047155398610922E-003
   2.640382758933832E-003
   7.080581664169031E-004
   1.496060249619753E-003
   2.568805011974497E-004
   6.728271386632532E-003
  -1.226307504574663E-004
   7.145585378511250E-003
   4.856077109345297E-004
   7.271268186499297E-003
   3.706064561528214E-005
   7.863231473267495E-003
   4.105473743124716E-004
   8.078623256001434E-003
  -1.100102392773922E-003
   4.338271101929922E-003
  -4.315202630238275E-004
   6.353277444904596E-003
  -9.559094875284309E-004
   5.981295053238149E-003
  -6.087815893009182E-004
   2.992513194649100E-003
   1.744359885795957E-003
   5.490701873625895E-003
   1.447456172256677E-003
   6.771011140443546E-003
