   6.934736692638414E-004
   2.917505904058012E-008
   9.545740516797644E-004
   9.179725378096721E-004
  -2.992909826597889E-004
   1.558552856374124E-003
   4.124258869978742E-005
   1.039442406178236E-003
  -3.540976611367881E-004
   1.692278807643394E-003
   1.147014206593300E-003
  -5.389346746042927E-004
   2.038167215382813E-003
  -6.596264854541214E-004
   3.029299640296071E-003
   9.421871456934322E-005
   1.228401952408517E-003
  -4.133922395566168E-004
   1.875763564251322E-003
  -7.947605917055331E-004
   2.656365865534315E-003
   1.114905492554243E-003
  -1.399632770992390E-004
   1.675026708297994E-003
  -3.913857351438131E-005
   2.251521703873869E-003
   3.131656187505600E-004
   2.513198957120010E-003
  -1.716256484202433E-004
   1.403803298438139E-003
  -8.651240946234403E-004
   2.046590004043525E-003
  -1.448325409667167E-003
   2.511076405415100E-003
  -4.672019837068813E-004
   3.008547191800558E-003
   1.174417031911478E-003
   3.171748899323339E-005
   1.670493722691968E-003
   2.147516702746602E-004
   2.189227381663202E-003
   5.884063152914150E-004
   2.508212535066366E-003
  -1.235735019944531E-004
   3.486085806488787E-003
  -2.478643745981167E-004
   1.586375905293149E-003
  -1.074227415874576E-003
   2.274695723382154E-003
  -1.791198384517951E-003
   2.747021019442148E-003
  -7.296932880775440E-004
   3.407779120829976E-003
  -2.098845959326116E-005
   4.044331683892591E-003
   1.030436698377160E-003
  -7.996622047428520E-004
   1.935605653468387E-003
  -1.017005431351229E-003
   2.677837408161798E-003
  -1.342846834047365E-003
   1.896627821773566E-003
  -1.887127785162937E-003
   1.803215891014228E-003
  -2.225089825283783E-003
   3.284176954063085E-003
   3.042769762337770E-004
   1.011267027756678E-003
   5.251372875800135E-005
   1.575314068170509E-003
   2.630104355448219E-005
   2.175731888365669E-003
   7.249527684723999E-004
   1.889497917206755E-003
   9.514966108538839E-004
   2.011994396121158E-003
  -7.295292013080250E-004
   2.206686783003602E-003
   9.820131790437901E-004
   1.174112097621030E-003
   8.000362806681532E-004
   1.850759177685043E-003
   6.953578413893331E-004
   2.528208594824228E-003
   1.788731365359189E-003
   2.465613955140666E-003
   2.847221465182287E-003
   3.001999273067102E-003
   8.415241638975069E-005
   2.277358916282321E-003
   7.602018704638677E-003
  -8.356445041756422E-004
   1.428565783431949E-003
  -1.787350643863941E-003
   1.598184347169983E-003
  -2.654081404603677E-003
   1.753203712591209E-003
  -1.990092507811550E-003
   2.660288445016215E-003
  -1.963173459487457E-003
   3.133501497185879E-003
  -2.793155748433421E-003
   9.861571794040026E-004
   7.851359220475149E-004
   5.305429326203569E-003
   8.201769271818089E-004
  -8.168587598560353E-004
   1.579680802609240E-003
  -1.124796138533823E-003
   2.150549071844709E-003
  -1.426066187095128E-003
   1.463667181187479E-003
  -1.828009617765984E-003
   1.361066825886008E-003
  -2.113101752475886E-003
   2.678871087284516E-003
  -9.698222899219266E-004
  -2.085881996754969E-004
  -2.433696803848032E-003
   2.608898959743767E-003
   5.553190342553657E-004
   7.580845780249294E-004
   5.686253245517895E-004
   1.245508061717784E-003
   8.227461290353810E-004
   1.700824224324549E-003
   1.215628202796376E-003
   1.242599636391295E-003
   1.400953585611567E-003
   1.250774218574983E-003
   2.483554445763530E-004
   2.029644132696085E-003
   2.114640929531014E-003
   1.232545441174047E-004
  -3.260544695514062E-004
   2.715854371434223E-003
   9.920809175671171E-004
  -7.478028395282862E-004
   1.850963028470361E-003
  -9.478429321984512E-004
   2.543895264625540E-003
  -1.247227294377432E-003
   1.820253239219796E-003
  -1.762505259266112E-003
   1.736171871787755E-003
  -2.079815547007548E-003
   3.114844529335191E-003
  -6.885001572549489E-004
   1.319732749750350E-004
  -2.639756653539482E-003
   2.552388012673076E-003
   1.988270521873741E-004
   3.046831911958642E-003
   5.515338753244503E-004
   5.728965693679994E-004
   6.255020105202110E-004
   9.528324057280430E-004
   9.336063587366535E-004
   1.351008371768888E-003
   1.205790526893057E-003
   8.785261286052238E-004
   1.354512146168215E-003
   8.515490378536272E-004
   4.175421272987774E-004
   1.759686682408177E-003
   1.791734817120360E-003
  -1.595861576466989E-004
   1.008882482719680E-004
   2.414877551173685E-003
   2.221179420161047E-004
   2.990946721883093E-003
   7.429197865598564E-004
  -8.699978607047600E-004
   1.471636354799284E-003
  -1.228002292348157E-003
   1.980481425929606E-003
  -1.570823628261023E-003
   1.285220328365069E-003
  -1.897507539398767E-003
   1.171348639957059E-003
  -2.168886800010244E-003
   2.551714052105931E-003
  -1.189567867517055E-003
  -4.045609637690834E-004
  -2.361065697289527E-003
   2.587843857918875E-003
  -7.114602040559394E-004
   2.441786151942911E-003
  -2.678881818146127E-004
   2.738593821558790E-003
   5.693027038437470E-004
   4.155885862316258E-004
   7.101372351493893E-004
   7.258658057246623E-004
   9.572412333951542E-004
   9.094101036687646E-004
   1.114508234688627E-003
   5.770950503542580E-004
   1.251106836760063E-003
   5.475204867728086E-004
   6.988581696322114E-004
   1.138642960146282E-003
   1.534340993573498E-003
  -3.404959072991250E-004
   3.739327550780885E-004
   1.446587148136878E-003
   6.587284567102563E-004
   1.374128729013877E-003
   2.584333604004544E-004
   1.592600221654068E-003
   6.495068839049513E-004
  -5.426869919537859E-004
   1.196246239959043E-003
  -7.786401742657416E-004
   1.606577733624862E-003
  -9.171396255461848E-004
   1.165540596182060E-003
  -1.247984471807692E-003
   1.102801677369947E-003
  -1.451170683003094E-003
   1.900394470871813E-003
  -5.783855167873009E-004
   1.744622737916069E-005
  -1.748212525212394E-003
   1.784534791978064E-003
  -9.387897598057722E-005
   1.815901081629854E-003
   1.062237937974831E-004
   1.765978467097534E-003
   2.317288363090816E-004
   1.421171814874726E-003
   3.332560463157309E-004
   6.566441917964912E-004
   2.565639437205997E-004
   1.009545501585053E-003
   3.141047249373846E-004
   1.263184699606101E-003
   6.562621746509590E-004
   1.080770455083411E-003
   8.196520876313983E-004
   1.139660814615825E-003
  -5.323457246106675E-005
   1.329729141744317E-003
   1.549407588429530E-003
   4.066331024698516E-004
  -3.025628473409571E-004
   1.418799111919134E-003
  -5.250381493689818E-005
   1.244341179351583E-003
  -4.551732233713523E-004
   1.058201340673942E-003
  -1.891772945670350E-004
   1.060029407693670E-003
   3.339083035803060E-004
  -4.808449917248456E-004
   7.072865411902016E-004
  -7.754611198288003E-004
   9.125380967247103E-004
  -9.963076628484670E-004
   5.113093828010252E-004
  -1.085431312801227E-003
   4.311568643583020E-004
  -1.216899465580368E-003
   1.298482626165511E-003
  -8.664537396974022E-004
  -4.411904954300317E-004
  -1.127809379711191E-003
   1.427785803234090E-003
  -7.087723798831895E-004
   1.252797279885310E-003
  -4.498467288835479E-004
   1.566679069081252E-003
  -1.891142533845094E-004
   1.058056754949441E-003
  -4.574523504564366E-004
   1.551440393714112E-003
   5.428833342160558E-004
  -2.521858708163853E-004
   8.896345543415034E-004
  -2.344625308475744E-004
   1.211771722077290E-003
  -2.695674650132733E-004
   1.019532065442726E-003
  -5.723752141393349E-004
   1.036466698134022E-003
  -6.988192194345669E-004
   1.282132544174068E-003
   2.202504655669379E-006
   5.170564084084592E-004
  -1.218644529111555E-003
   1.118446547681749E-003
   3.509415355100216E-004
   1.219794741793761E-003
   4.691180122986302E-004
   1.095248263042831E-003
   6.529455818277883E-004
   7.575688794297577E-004
   2.297259915778537E-004
   2.990040678684101E-004
   1.116163845481317E-003
   2.849201615095707E-004
  -1.091041368043281E-005
   3.893919986558276E-004
   1.852233196403283E-005
   4.944543307064364E-004
   4.255629955944403E-005
   4.766070005536078E-004
  -7.429142041805352E-005
   5.039430034520550E-004
  -1.065157352006539E-004
   4.701022774236691E-004
   1.327562158483117E-004
   4.132763654341074E-004
  -3.554674731100714E-004
   3.897870760103135E-004
   2.514316544842301E-004
   4.518270593538321E-004
   2.603788575419030E-004
   3.581934362050583E-004
   2.658236194902648E-004
   3.169483414334230E-004
   1.606514214594259E-004
   1.713450572044837E-004
   2.592566018012120E-004
   1.820525484756419E-004
   3.578756334908712E-005
   4.730638733087401E-004
  -7.457634369748727E-005
   5.425024927875831E-004
  -1.586986089343663E-004
   6.476267621241480E-004
   3.282552623005461E-005
   6.955406845530058E-004
   1.163755302715288E-004
   7.738231365673020E-004
  -2.752969595140315E-004
   5.651999246256801E-004
   6.081232916749438E-004
   6.697203660215485E-004
  -2.931702624036449E-004
   4.795807728516401E-004
  -2.553204823270736E-004
   3.959397984139303E-004
  -3.302108065447502E-004
   2.954421764294286E-004
  -1.544612490395251E-004
   4.062178014149198E-004
  -1.516539398317276E-004
  -8.718883864627991E-005
   7.157492886846717E-005
   4.666842700384711E-004
   5.611459566245815E-004
   7.481453721880756E-004
   4.205441645307759E-004
   1.041695934753445E-003
   3.271316989152181E-004
   1.427963765034176E-003
   9.745789808597797E-004
   1.425026774254261E-003
   1.359961743529716E-003
   1.672444290935223E-003
  -1.694491763322854E-005
   1.263040524403919E-003
   2.989464276299356E-003
   1.084202501636547E-003
  -1.563288357852346E-004
   1.139197704225956E-003
   1.525746903798693E-005
   9.548779377786472E-004
  -2.571164599606904E-004
   8.127477391862299E-004
  -6.029517256482557E-006
   8.535195176985268E-004
  -2.238369939928180E-004
   2.302317896745796E-004
   2.451900336087587E-004
   4.199159032483850E-004
   2.314990319163549E-003
  -7.892277037659099E-004
   9.733590010246623E-004
  -1.503051209377740E-003
   9.980035564080456E-004
  -2.157062901398082E-003
   1.035222351834115E-003
  -1.779417967135927E-003
   1.731477136809671E-003
  -1.900703254510944E-003
   2.015598925066665E-003
  -2.198215997819808E-003
   4.774431317935944E-004
  -4.740869050718184E-004
   3.754101664079435E-003
  -1.882161984016772E-003
  -1.734192114353698E-004
  -2.084992890114244E-003
  -3.537300005756578E-004
  -1.802341072890191E-003
  -4.731355747424599E-004
  -1.369944553041354E-003
   1.165283111016211E-004
  -8.164805435600554E-004
  -1.044676153724609E-003
  -3.286664724858477E-004
   4.811596123564720E-004
   4.590527951927344E-004
   3.262918222476618E-003
   5.572419614605673E-004
   7.549627050724009E-004
   4.118197766570832E-004
   1.049180165232144E-003
   3.139410780925209E-004
   1.436053547801716E-003
   9.645664310308030E-004
   1.437986019756263E-003
   1.349122461362561E-003
   1.687639448717591E-003
  -3.048842162240729E-005
   1.267212910182902E-003
   2.991475040070362E-003
   1.114311444672428E-003
  -1.679268904857455E-004
   1.139064419472298E-003
   2.473769840760533E-006
   9.534592396396868E-004
  -2.682416243293773E-004
   8.107352862731605E-004
  -1.439416636214951E-005
   8.550780012355223E-004
  -2.291394203550861E-004
   2.245094235402181E-004
   2.434580571696965E-004
   4.226982052772389E-004
   2.282705309651463E-003
   4.818201047422958E-004
   2.291550964100642E-003
  -5.913929248109770E-004
   6.448897354968024E-004
  -1.069103906165189E-003
   6.413745294301031E-004
  -1.504046397841594E-003
   6.526893122489950E-004
  -1.276496069586719E-003
   1.109235890503937E-003
  -1.350354420721923E-003
   1.286924414154595E-003
  -1.531334105467398E-003
   2.861326307589999E-004
  -5.555098802770624E-004
   2.302668313028626E-003
  -1.312842656317994E-003
  -1.537494668548935E-004
  -1.455220413121030E-003
  -2.727638955888189E-004
  -1.257492860376011E-003
  -3.643793489192408E-004
  -9.584723891439761E-004
   4.949890897983275E-005
  -5.587074727378337E-004
  -7.594790731522623E-004
  -2.411955825643034E-004
   3.471244489572160E-004
   4.622122884940712E-005
   2.003555942752984E-003
   5.720163196944718E-005
   1.453858151755877E-003
   3.641583983135088E-004
   5.821854060602668E-004
   2.298347981314407E-004
   7.209975787227529E-004
   1.397396076415334E-004
   9.224126414608522E-004
   4.944417154834833E-004
   9.576356637887166E-004
   6.918718209037523E-004
   1.099574297196380E-003
  -6.953521481546277E-005
   8.138058619935971E-004
   1.620784077943222E-003
   7.498249448303771E-004
  -1.451106770637968E-004
   7.179175014106800E-004
  -4.593873665057492E-005
   5.955907222964711E-004
  -2.043528026730858E-004
   5.077658369990611E-004
  -2.952274537767517E-005
   5.644082012231815E-004
  -1.345392707634520E-004
   1.005204974973889E-004
   1.753636455613599E-004
   3.710126080724723E-004
   1.148451941688798E-003
   3.879203277937422E-004
   1.153027133446570E-003
   1.698319177638917E-004
   1.033676259745231E-003
  -4.051558510542742E-004
   3.998469005843746E-004
  -6.969986097379076E-004
   3.870570186993478E-004
  -9.614032154468496E-004
   3.853837212195783E-004
  -8.389377853320606E-004
   6.583377788860147E-004
  -8.813200283787622E-004
   7.592654647001467E-004
  -9.802192438660589E-004
   1.663072055255289E-004
  -4.612518063735882E-004
   1.310076705090256E-003
  -8.435656328648813E-004
  -1.049910859667189E-004
  -9.333476791500632E-004
  -1.785341043970014E-004
  -8.099648861472149E-004
  -2.456890591255212E-004
  -6.159123797402791E-004
   2.285652655656530E-005
  -3.516489213328451E-004
  -5.085683205241485E-004
  -1.592808624401938E-004
   2.450045176916932E-004
  -1.342745738999344E-004
   1.165027238657994E-003
  -1.288492317722668E-004
   8.936363274318287E-004
   1.253899261593612E-005
   6.416295745449074E-004
   9.848223755778774E-004
   1.298485845555442E-003
   7.450261075589886E-004
   2.015522021891770E-003
   5.893639371363090E-004
   2.728572147673540E-003
   1.762734645688648E-003
   2.714648658348749E-003
   2.863123724531014E-003
   3.299969458950302E-003
  -5.231588656438985E-005
   2.426141673761671E-003
   8.092946443820036E-003
   1.045405182647643E-003
  -3.389630289472726E-004
   2.212463592939545E-003
   5.410960938427441E-006
   1.861535612447055E-003
  -5.391933336519569E-004
   1.586998111142306E-003
  -7.000863589131841E-005
   1.638512798624849E-003
  -5.196571074050137E-004
   4.849295512081128E-004
   4.121636667697184E-004
   6.588557160787416E-004
   3.165652347236503E-003
  -3.939888952673471E-004
   3.168225580505845E-003
  -5.097411439411853E-004
   1.721765913780491E-003
  -4.378152517349741E-004
   8.947956096307433E-003
  -9.293587647878737E-004
   1.524192554205652E-003
  -1.965123628372437E-003
   1.684627303974944E-003
  -2.911963463431882E-003
   1.833048227402345E-003
  -2.217252652612993E-003
   2.832682352614801E-003
  -2.248727508730790E-003
   3.329771478953702E-003
  -3.040479327745023E-003
   1.000233199956297E-003
   7.853974579533469E-004
   5.860967104751308E-003
  -2.636765703079522E-003
   6.242883605281881E-005
  -2.874370930857252E-003
  -2.350863188806283E-004
  -2.549832183977817E-003
  -4.189786204603572E-004
  -1.898187415708907E-003
   3.931847217862054E-004
  -1.209093075187455E-003
  -1.336806551158180E-003
  -3.958252233976292E-004
   7.078604593532055E-004
   1.187962244379869E-003
   4.171633101340084E-003
   1.222184893989544E-003
   2.524616088162679E-003
   8.029937507846991E-004
   1.424016795258313E-003
   9.923581691401999E-004
   6.695297649108833E-003
   1.033362661696740E-003
   1.291252321557227E-003
   8.172118782328867E-004
   2.025347237914361E-003
   6.854304280853605E-004
   2.753227915990743E-003
   1.869211831057654E-003
   2.708395383827886E-003
   3.010987561325435E-003
   3.296961297585415E-003
   2.853842471782227E-005
   2.467337048102244E-003
   8.288282627931885E-003
   8.183042737744492E-004
  -2.784751510898525E-004
   2.275002471211765E-003
   8.305429931801578E-005
   1.922407543211200E-003
  -4.872995091703652E-004
   1.643896307271528E-003
  -2.243754654381681E-005
   1.674377512223664E-003
  -5.038840042465721E-004
   5.343320475118238E-004
   4.322622137192233E-004
   6.561846420349787E-004
   3.171495198043037E-003
  -5.779846044641999E-004
   3.172246291998379E-003
  -6.081047133313385E-004
   1.728003495271982E-003
  -4.879988649250356E-004
   9.163869092899091E-003
   6.808868087775618E-004
   9.623093052336756E-003
  -9.762708856416837E-004
   1.608060793235775E-003
  -2.071233371963624E-003
   1.775505641371354E-003
  -3.073322615839407E-003
   1.930723572154658E-003
  -2.340196751049788E-003
   2.991279167482521E-003
  -2.389042886629595E-003
   3.514591037232797E-003
  -3.205145305330606E-003
   1.049758053575511E-003
   9.182883081124478E-004
   6.221131117607080E-003
  -2.777194719879325E-003
   5.934283181666252E-005
  -3.029751695732543E-003
  -2.536175029199209E-004
  -2.684203282543581E-003
  -4.439237432080324E-004
  -1.999391611185761E-003
   4.116878767620888E-004
  -1.272809246912674E-003
  -1.406062825889137E-003
  -4.166760175316957E-004
   7.416678806245896E-004
   1.290585161861110E-003
   4.406432261282702E-003
   1.327042509117072E-003
   2.650699866598770E-003
   8.587067652220745E-004
   1.488665130285157E-003
   1.192532231965623E-003
   7.116338590224415E-003
   8.789730889405865E-004
   7.723149963427720E-003
   9.561117437966806E-004
   1.375584147132219E-003
   6.676700326333329E-004
   2.106121407584964E-003
   4.672059082911099E-004
   2.830858776233821E-003
   1.681076710220480E-003
   2.864780752351614E-003
   2.781115855065788E-003
   3.477145413490822E-003
  -1.828668657641031E-004
   2.487797850356685E-003
   8.239851984112675E-003
   1.358718102684486E-003
  -4.532493660460036E-004
   2.230883900428503E-003
  -1.173211399910724E-004
   1.864540237197943E-003
  -6.506279336536137E-004
   1.582390355349161E-003
  -1.510493843077171E-004
   1.668395449735430E-003
  -5.756190839522814E-004
   4.352594517103929E-004
   3.989690794288389E-004
   6.902153224016412E-004
   3.264650414913270E-003
  -2.341216815886312E-004
   3.268625181702464E-003
  -4.212856032416518E-004
   1.776963313970063E-003
  -3.927433387981114E-004
   9.150252341293828E-003
   1.361284243855818E-003
   9.449459680285747E-003
   1.625524111435630E-003
   9.601705297108583E-003
  -9.896014287298690E-004
   1.588798502723403E-003
  -2.080898193300044E-003
   1.744515723342785E-003
  -3.080540841958392E-003
   1.889651623670102E-003
  -2.363973625854924E-003
   2.949999313630318E-003
  -2.431411260669181E-003
   3.463831232162996E-003
  -3.203099999718386E-003
   1.013210921942462E-003
   7.921914320758179E-004
   6.225073523985336E-003
  -2.770793820650269E-003
   2.591693272234404E-005
  -3.028561690107662E-003
  -2.817743152414396E-004
  -2.674787750995661E-003
  -4.680718784228473E-004
  -1.996948608415387E-003
   3.868605121804456E-004
  -1.263458523012191E-003
  -1.413653104869547E-003
  -4.218211046078514E-004
   7.336926737330503E-004
   1.259210924143480E-003
   4.443131831849028E-003
   1.296102011187191E-003
   2.668931855169695E-003
   8.397722044569550E-004
   1.497969295716671E-003
   1.037635793461073E-003
   7.140509912993519E-003
   6.605425199308320E-004
   7.693679865912561E-003
   1.403795403135691E-003
   7.817666332102237E-003
   9.980233419418865E-004
   1.348822364877243E-003
   7.397824118040787E-004
   2.087490115245011E-003
   5.686178489660110E-004
   2.819305782408301E-003
   1.778364009160135E-003
   2.818136675069769E-003
   2.907646660524715E-003
   3.425184848528140E-003
  -8.974564470921919E-005
   2.499234668620505E-003
   8.331470120431320E-003
   1.113226451686251E-003
  -3.789328976116262E-004
   2.269382017018888E-003
  -2.864119630354772E-005
   1.906205104780761E-003
  -5.831205074500883E-004
   1.623392107834857E-003
  -9.509098276250281E-005
   1.685023463572808E-003
  -5.489037292362803E-004
   4.836758767076156E-004
   4.166904582559759E-004
   6.795338903098218E-004
   3.241004303151121E-003
  -4.064032366914393E-004
   3.243329216249847E-003
  -5.144686617914102E-004
   1.765788269098691E-003
  -4.403691781902080E-004
   9.247705569513600E-003
   1.039981758525407E-003
   9.622757957681140E-003
   1.253796435993656E-003
   9.616035517082634E-003
   1.087663640307069E-003
   1.002389868220081E-002
  -1.082019243599428E-003
   1.705626788022814E-003
  -2.267292452526991E-003
   1.861598729968614E-003
  -3.355748446317346E-003
   2.007219947422107E-003
  -2.593337136672284E-003
   3.168236812779951E-003
  -2.706892622704026E-003
   3.716314911960322E-003
  -3.473762518566842E-003
   1.055796040871184E-003
   8.139516247811319E-004
   6.887589123405611E-003
  -2.996643886187934E-003
  -1.531579569144689E-005
  -3.284762065232273E-003
  -3.429206949137477E-004
  -2.887373584653375E-003
  -5.356085934337352E-004
  -2.162102528152416E-003
   3.905061583290567E-004
  -1.359121747714236E-003
  -1.536617956034983E-003
  -4.619569637575447E-004
   7.808187929657982E-004
   1.393002546705160E-003
   4.866411485626818E-003
   1.433870377965333E-003
   2.898444716580540E-003
   9.110251837210531E-004
   1.615222899740734E-003
   1.126615271191410E-003
   7.942718433728421E-003
   6.578883517438788E-004
   8.626719568805150E-003
   1.663428447428152E-003
   8.666687763565814E-003
   1.188676315224639E-003
   1.003595582093596E-002
   9.591230067099297E-004
   1.397681185003680E-003
   6.614069895618508E-004
   2.136741468555113E-003
   4.529302534095725E-004
   2.868800387757757E-003
   1.681985017074934E-003
   2.909925541033962E-003
   2.792521993440782E-003
   3.531598011655737E-003
  -2.035385601245162E-004
   2.517189282837569E-003
   8.327434011885196E-003
   1.404288406574408E-003
  -4.739077195443618E-004
   2.252096057576249E-003
  -1.363536570041652E-004
   1.880537358898144E-003
  -6.725313765557017E-004
   1.595007100150161E-003
  -1.645487651696693E-004
   1.686548398795956E-003
  -5.891754257226917E-004
   4.319849972180308E-004
   3.998152643663630E-004
   6.992989480227243E-004
   3.296833825286120E-003
  -2.293574428478686E-004
   3.300794275119533E-003
  -4.177493931433838E-004
   1.795640598432571E-003
  -3.910569283828328E-004
   9.267644011709767E-003
   1.406592775854671E-003
   9.588774991630990E-003
   1.687485477519901E-003
   9.700385137669529E-003
   1.515570886033847E-003
   9.874099322781401E-003
   1.700589171314993E-003
   1.003670764140999E-002
  -1.074526297839869E-003
   1.685215419156010E-003
  -2.246930475256122E-003
   1.837480368953123E-003
  -3.323526302402399E-003
   1.979955253479369E-003
  -2.571916622963931E-003
   3.128300754627487E-003
  -2.685507928348278E-003
   3.669128357013534E-003
  -3.439289472947959E-003
   1.039305967122729E-003
   7.762305698530840E-004
   6.801704338608894E-003
  -2.966445797046358E-003
  -2.036512612395231E-005
  -3.252359829566564E-003
  -3.438693491265531E-004
  -2.857913711044993E-003
  -5.345354910455957E-004
  -2.140702155245827E-003
   3.824759102429787E-004
  -1.344294234665152E-003
  -1.523567381998910E-003
  -4.585127813676787E-004
   7.725078347439413E-004
   1.366890956929267E-003
   4.825440013627246E-003
   1.407413580015804E-003
   2.875353839709923E-003
   8.963688228102364E-004
   1.603418781755835E-003
   1.061006152560013E-003
   7.844685109604468E-003
   5.940137546913100E-004
   8.504752495239732E-003
   1.572274146385832E-003
   8.557368813940170E-003
   1.093872093473603E-003
   9.842834887034305E-003
   1.562375288029936E-003
   9.767590208695188E-003
   1.031612508515252E-003
   5.750457994850463E-004
   1.152389645941006E-003
   1.095785867833895E-003
   1.318828366715464E-003
   1.628395481617105E-003
   2.053937644246271E-003
   1.295613553029474E-003
   2.997046095443351E-003
   1.615844474680744E-003
   8.285385334985224E-004
   1.640068681521950E-003
   4.370388631320383E-003
  -5.981039938552517E-004
   4.792324508515032E-004
   1.743657531227925E-003
   8.258388850573306E-004
   1.548899688671416E-003
   2.911183087527280E-004
   1.364775714668696E-003
   4.878008132747000E-004
   1.181211812356255E-003
  -5.615541763144669E-005
   7.326863628839432E-004
   4.450272548902579E-004
   3.662512436572889E-004
   2.162295234446171E-003
  -1.096381486542679E-003
   2.158618935766413E-003
  -8.881960361942996E-004
   1.154342127682369E-003
  -6.360524502327791E-004
   4.526885515409892E-003
  -7.796861355085528E-004
   4.665889973496777E-003
  -8.264948453952896E-004
   4.534488223737010E-003
  -8.918000736867946E-004
   4.629300704335649E-003
  -1.032612515832375E-003
   4.571656405384051E-003
  -1.035525021748800E-003
   3.876620037387285E-003
  -5.505263866133415E-004
   1.453784630281514E-003
  -1.392521079518506E-003
   1.741886047974678E-003
  -2.143077758554486E-003
   2.003667674746522E-003
  -1.376137551542647E-003
   2.749375906509481E-003
  -1.072812065237872E-003
   3.265446656957053E-003
  -2.390553378452671E-003
   1.308867864792917E-003
   1.950117003986109E-003
   4.082353807376400E-003
  -2.148948695387572E-003
   5.454199091586732E-004
  -2.250972821154938E-003
   2.376799131479067E-004
  -2.129776255066977E-003
   2.224548726175700E-005
  -1.516371620188437E-003
   6.654171765595827E-004
  -1.077954996726281E-003
  -9.471310478474695E-004
  -2.389421602120266E-004
   6.818374422681457E-004
   1.229635228775210E-003
   2.815163246385065E-003
   1.251154664256521E-003
   1.771905069057940E-003
   8.414280612658060E-004
   1.032575254791487E-003
   2.283642959269693E-003
   4.443312906172337E-003
   2.211344380973865E-003
   4.721532301065350E-003
   2.523970134299678E-003
   4.683295177960915E-003
   2.405248305078727E-003
   5.100895642994799E-003
   2.580266628317417E-003
   5.036915293066524E-003
   2.699097761431585E-004
   3.784993056950097E-003
   1.081069962727738E-003
   1.161673706411502E-003
   9.464208687518377E-004
   1.873330654407330E-003
   8.897160613281724E-004
   2.581576562469583E-003
   2.005531089411804E-003
   2.456547251112088E-003
   3.148758073333025E-003
   3.000000121299798E-003
   2.469196279939367E-004
   2.363747646983894E-003
   8.022537318024017E-003
   3.045824353028078E-004
  -8.729201093670290E-005
   2.243798615022883E-003
   2.883401747700962E-004
   1.917051308334125E-003
  -3.008722955446058E-004
   1.651244316478183E-003
   1.130821790948200E-004
   1.624011591314117E-003
  -4.102394633964609E-004
   6.172559557645901E-004
   4.542248902045711E-004
   6.035616966476098E-004
   3.005226415523127E-003
  -8.434176696053106E-004
   3.003641094280468E-003
  -7.549119472225708E-004
   1.635269322675640E-003
  -5.630990271826675E-004
   8.627300962290311E-003
   1.709303568523685E-004
   8.922838677519656E-003
   2.507385102008089E-004
   8.735037307990452E-003
   9.481662161364194E-005
   8.907295638195964E-003
  -3.696232718940009E-005
   8.835569833778005E-003
  -6.325979639976021E-005
   4.653599362393400E-003
   1.806864870308827E-003
   8.731732777062707E-003
  -8.714032559584859E-004
   1.606564333668269E-003
  -1.921938606181603E-003
   1.815383566302028E-003
  -2.878285500304225E-003
   2.006637625821222E-003
  -2.113635142767498E-003
   3.005979243649992E-003
  -2.068058674241496E-003
   3.541873117298095E-003
  -3.046425454857581E-003
   1.155501582501713E-003
   1.388280153490092E-003
   5.765854640600769E-003
  -2.661710881263132E-003
   2.053116761765014E-004
  -2.876829914176808E-003
  -1.144350658993233E-004
  -2.587743647487300E-003
  -3.153121216117171E-004
  -1.906858731077876E-003
   4.991183779650157E-004
  -1.247784953025209E-003
  -1.303294122645764E-003
  -3.735148250252339E-004
   7.416837023241812E-004
   1.323474127146091E-003
   4.021019241863709E-003
   1.356097861982172E-003
   2.444547508841539E-003
   8.836244536252671E-004
   1.383307795138371E-003
   1.802272832230216E-003
   6.444416089849571E-003
   1.612946188921475E-003
   6.928964630660203E-003
   2.195795467979964E-003
   6.894403493399193E-003
   1.944985405905465E-003
   7.664648121796215E-003
   2.265319331433424E-003
   7.555723569946281E-003
  -5.093728463851930E-004
   4.602308358282257E-003
   9.330126933139240E-004
   6.558048417947685E-003
   1.123964821602856E-003
   9.478210225315488E-004
   1.108625343875813E-003
   1.611873035226568E-003
   1.160462157893216E-003
   2.276797347916341E-003
   2.155147006411422E-003
   2.039433235649187E-003
   3.278840146416342E-003
   2.507160082836874E-003
   5.519169092714406E-004
   2.160701840961665E-003
   7.270191442397952E-003
  -2.402777593817053E-004
   1.869078222358380E-004
   2.146072208913903E-003
   5.737975980919505E-004
   1.863644367180410E-003
  -2.848256785979833E-005
   1.621365173106393E-003
   3.038370498151090E-004
   1.513138714479512E-003
  -2.661541823502553E-004
   7.189485087025731E-004
   4.758224405404731E-004
   5.171733488564537E-004
   2.721124292389117E-003
  -1.144668389273155E-003
   2.716869281856652E-003
  -9.209917586217991E-004
   1.474638848854779E-003
  -6.503579217646962E-004
   7.694591354798755E-003
  -4.404704899195778E-004
   7.971773213711215E-003
  -4.300709638074887E-004
   7.748007287323520E-003
  -5.634708676291814E-004
   7.925295082183320E-003
  -7.612695636768189E-004
   7.827694706630247E-003
  -7.723938465967838E-004
   4.541493073783683E-003
   1.170204017328311E-003
   7.865033140414221E-003
   2.137803306001652E-004
   7.552681216765421E-003
  -7.891456596186928E-004
   1.710402075416559E-003
  -1.854219939928179E-003
   1.982251773991584E-003
  -2.818405227876714E-003
   2.230125071260326E-003
  -1.963653256695862E-003
   3.223705424798099E-003
  -1.816217805837975E-003
   3.808258506161971E-003
  -3.039244012704163E-003
   1.358875475724028E-003
   2.243556949847495E-003
   5.552299942598858E-003
  -2.682109400475007E-003
   3.969062002920838E-004
  -2.865824278977571E-003
   4.881897669791564E-005
  -2.626015909012096E-003
  -1.740664701719332E-004
  -1.909045793447660E-003
   6.394743333032130E-004
  -1.293545750711414E-003
  -1.251982096386528E-003
  -3.416579373219129E-004
   7.841181876514716E-004
   1.497247005626828E-003
   3.799472318781692E-003
   1.527644029980748E-003
   2.324145992722813E-003
   9.870428581956322E-004
   1.322609346582629E-003
   2.759191104319489E-003
   6.138683671714495E-003
   2.645631379800617E-003
   6.583252637717247E-003
   3.126497333109476E-003
   6.526859209615192E-003
   2.939832487641338E-003
   7.179343441117881E-003
   3.208646540901320E-003
   7.080914876265379E-003
  -1.488878928271852E-004
   4.793273596630360E-003
   2.019331710533810E-003
   6.387278449019656E-003
   9.772440809383426E-004
   6.675493610638734E-003
   8.246839035078035E-004
   4.450568605492642E-004
   9.493211002753046E-004
   6.996363237762522E-004
   1.107012172409063E-003
   1.081562209403450E-003
   1.622047608577541E-003
   7.922529928529999E-004
   2.040532319309478E-003
   9.107567126605944E-004
   7.496369779745340E-004
   1.132852526572107E-003
   2.813342090653101E-003
  -3.236360113833025E-004
   4.851950700620667E-004
   1.247528505919707E-003
   7.406416051749929E-004
   1.120957819280213E-003
   3.480515110982301E-004
   9.991181946220964E-004
   4.635363494987527E-004
   8.404756164141682E-004
   5.360213685939405E-005
   5.739791656210503E-004
   3.565479210641270E-004
   2.907676054539591E-004
   1.714436152774826E-003
  -6.363718148450118E-004
   1.713598367568596E-003
  -5.794475644062464E-004
   9.541644713222102E-004
  -4.590519808541599E-004
   2.922310170879674E-003
  -4.005428860094040E-004
   2.997121203728207E-003
  -4.087332466730261E-004
   2.939442606605463E-003
  -4.472972493769369E-004
   2.986721785772833E-003
  -5.031522166275039E-004
   2.963137570367200E-003
  -5.079443246474050E-004
   2.399753281291318E-003
   1.671181834250961E-004
   2.967559744567065E-003
  -2.353227453693573E-004
   2.860261772654109E-003
  -1.246185872638124E-005
   1.869684853580084E-003
  -3.817128362905153E-004
   1.143424808569854E-003
  -9.756695913804214E-004
   1.274731148062646E-003
  -1.493540706117666E-003
   1.476602864840087E-003
  -9.321838165357770E-004
   1.965518281308628E-003
  -8.212458392051865E-004
   2.269779761307743E-003
  -1.708462789035243E-003
   1.001583841301088E-003
   1.019441579897644E-003
   2.791115422364837E-003
  -1.552671728844932E-003
   4.652046331082054E-004
  -1.609735376918204E-003
   2.361916603372628E-004
  -1.548889742315439E-003
   6.097053943372903E-005
  -1.090256477206513E-003
   5.298061586812714E-004
  -7.789000743662705E-004
  -6.899234649614307E-004
  -1.698281335813333E-004
   5.384760079144047E-004
   8.025478361900401E-004
   2.034115072462270E-003
   8.169495529749449E-004
   1.331802083118202E-003
   5.955218866688062E-004
   8.040854635409009E-004
   1.219468198922042E-003
   3.033897234823741E-003
   1.163932208687092E-003
   3.213772599781456E-003
   1.370227659304400E-003
   3.194764482094568E-003
   1.288924090730173E-003
   3.468221521005259E-003
   1.403045571547396E-003
   3.428463366331616E-003
  -1.822552428148938E-005
   2.572636371687689E-003
   9.103283360065906E-004
   3.116588106071188E-003
   5.185792657642446E-004
   3.214615593626648E-003
   1.113755948787666E-004
   2.030331143330803E-003
   8.282612296085322E-004
   1.336250614171434E-003
   5.059905105402454E-004
   1.999824710870608E-003
   2.678915554907714E-004
   2.668148116196600E-003
   1.415225482079868E-003
   2.759083633636303E-003
   2.381503990911879E-003
   3.336984664191463E-003
  -3.275790787426670E-004
   2.307277379101442E-003
   7.602543059957690E-003
   1.710950920546779E-003
  -5.475963291888517E-004
   2.019512049698034E-003
  -2.584857456905245E-004
   1.671257456176748E-003
  -7.203688912729841E-004
   1.408017673474685E-003
  -2.325532304180098E-004
   1.531370198439831E-003
  -5.781646026487872E-004
   3.217138770437430E-004
   3.469657980681005E-004
   6.729348515297483E-004
   3.168257156608372E-003
   2.156493526755364E-004
   3.176991171233440E-003
  -1.875238793435202E-004
   1.712439725647631E-003
  -2.729647694369080E-004
   8.078202271319834E-003
   1.981224892490400E-003
   8.159167428292426E-003
   2.244143171734987E-003
   8.266050488751250E-003
   2.166261277284431E-003
   8.269781438277658E-003
   2.388020608505134E-003
   8.337035542460528E-003
   2.346160268242435E-003
   4.079569981203290E-003
   2.552762399346140E-003
   7.824749414599905E-003
   2.469673700106738E-003
   6.951729487606167E-003
   3.206268193712770E-003
   2.691460708017787E-003
   1.425461555809317E-003
   8.282794432564732E-003
  -8.312909323622647E-004
   1.207365703142206E-003
  -1.675200541854189E-003
   1.300246552962821E-003
  -2.446609640559203E-003
   1.391988503766658E-003
  -1.926869609179057E-003
   2.207372087709505E-003
  -1.986781348797157E-003
   2.587255261292864E-003
  -2.531913930569027E-003
   7.212404824793082E-004
   2.367317412847233E-004
   4.563503373308156E-003
  -2.186086084598607E-003
  -4.575729140116397E-005
  -2.397000787727547E-003
  -2.777094634192879E-004
  -2.106705887778203E-003
  -4.270002857205246E-004
  -1.580702627083840E-003
   2.507981516810940E-004
  -9.812030560610477E-004
  -1.151928654123597E-003
  -3.498950448225227E-004
   5.781196728024475E-004
   7.718133336052923E-004
   3.579855482598559E-003
   8.010992068733241E-004
   2.193285424949480E-003
   5.697016652014723E-004
   1.257838229140136E-003
   3.769393435547803E-004
   5.126459629039133E-003
   1.454651502938696E-004
   5.453023000725761E-003
   5.950713201306298E-004
   5.497362911493258E-003
   3.752639533311524E-004
   6.059352022554056E-003
   6.067987770868970E-004
   6.005618158295219E-003
  -8.903254679567123E-004
   3.487675648101598E-003
  -2.143428997002532E-004
   4.973973130584525E-003
  -6.621948577699277E-004
   4.753975218750177E-003
  -5.053772410629257E-004
   2.438627786074511E-003
   1.205343633695322E-003
   4.275911707626697E-003
   8.425463328005237E-004
   1.403425792015755E-003
   4.940432688224395E-004
   2.095499866565801E-003
   2.335771539217663E-004
   2.787981761587360E-003
   1.428945023465172E-003
   2.898148305712873E-003
   2.432249478575256E-003
   3.505457554907930E-003
  -3.831368860617327E-004
   2.402298705268578E-003
   7.881821914526905E-003
   1.846681627038938E-003
  -6.051807013770661E-004
   2.091419377944681E-003
  -3.093023429633503E-004
   1.726880937341962E-003
  -7.826722847552742E-004
   1.452825527921413E-003
  -2.693563962367233E-004
   1.591093449224246E-003
  -6.184421431268330E-004
   3.167320594251064E-004
   3.516733816926802E-004
   7.006390620931366E-004
   3.267092958837404E-003
   2.119782227051941E-004
   3.275633443545189E-003
  -1.871976667754598E-004
   1.770616217213456E-003
  -2.730493771279800E-004
   8.607715603899127E-003
   2.026296152416257E-003
   8.708155274072241E-003
   2.348816894322474E-003
   8.899655292638198E-003
   2.225692566736761E-003
   8.889948552198048E-003
   2.560151466260232E-003
   9.004672298597159E-003
   2.490308049579508E-003
   4.211422449422232E-003
   2.720271825717440E-003
   8.162092317121715E-003
   2.669255844921773E-003
   7.206474581859179E-003
   3.450311198840945E-003
   2.772441266473804E-003
   1.520148070181438E-003
   8.254705775646578E-003
   1.183333180467556E-003
   8.861162577781020E-003
  -9.320803826840499E-004
   1.390451979534836E-003
  -1.904865656557725E-003
   1.503609997667575E-003
  -2.796160038690619E-003
   1.612524953052144E-003
  -2.189578672192187E-003
   2.559224104390397E-003
  -2.273926477894488E-003
   3.000301369437517E-003
  -2.891007421878040E-003
   8.363751095354019E-004
   3.823236315458677E-004
   5.451472029739703E-003
  -2.493676758162879E-003
  -4.558527147143182E-005
  -2.735756164034148E-003
  -3.122563449526760E-004
  -2.401910651933988E-003
  -4.769919653494557E-004
  -1.802133486993280E-003
   2.954200892090274E-004
  -1.122506977405001E-003
  -1.301749043909669E-003
  -3.946368897290726E-004
   6.527064225294610E-004
   9.988519616691181E-004
   4.092355738225961E-003
   1.032812422435229E-003
   2.472070863488806E-003
   6.932749748663712E-004
   1.398223969559115E-003
   4.429259771542529E-004
   6.239177080878690E-003
   1.214712670917973E-004
   6.647417947309818E-003
   6.875298511544780E-004
   6.731984542655017E-003
   4.021073998316595E-004
   7.432682870608473E-003
   6.926245601663548E-004
   7.376175159427237E-003
  -9.675301616123889E-004
   4.083937553214593E-003
  -2.411195772506265E-004
   5.956392419291474E-003
  -7.597232830978298E-004
   5.631064008954223E-003
  -5.191463515384940E-004
   2.823407015528335E-003
   1.717624561679776E-003
   5.015836148573878E-003
   1.491881210865427E-003
   6.193948853466223E-003
